{"C:\\Users\\Affu\\OneDrive\\Documents\\BinarBEJS\\BEJSBinar\\fix\\fixxingg\\Express-Back-End\\app.js": {"path":"C:\\Users\\Affu\\OneDrive\\Documents\\BinarBEJS\\BEJSBinar\\fix\\fixxingg\\Express-Back-End\\app.js","statementMap":{"0":{"start":{"line":1,"column":0},"end":{"line":3,"column":1}},"1":{"start":{"line":2,"column":4},"end":{"line":2,"column":31}},"2":{"start":{"line":5,"column":16},"end":{"line":5,"column":34}},"3":{"start":{"line":6,"column":15},"end":{"line":6,"column":40}},"4":{"start":{"line":7,"column":21},"end":{"line":7,"column":52}},"5":{"start":{"line":8,"column":15},"end":{"line":8,"column":32}},"6":{"start":{"line":9,"column":13},"end":{"line":9,"column":28}},"7":{"start":{"line":10,"column":17},"end":{"line":10,"column":41}},"8":{"start":{"line":11,"column":12},"end":{"line":11,"column":38}},"9":{"start":{"line":13,"column":12},"end":{"line":13,"column":21}},"10":{"start":{"line":14,"column":13},"end":{"line":14,"column":37}},"11":{"start":{"line":16,"column":0},"end":{"line":16,"column":16}},"12":{"start":{"line":17,"column":0},"end":{"line":17,"column":23}},"13":{"start":{"line":18,"column":0},"end":{"line":18,"column":24}},"14":{"start":{"line":19,"column":0},"end":{"line":19,"column":16}},"15":{"start":{"line":20,"column":0},"end":{"line":20,"column":22}},"16":{"start":{"line":23,"column":15},"end":{"line":25,"column":2}},"17":{"start":{"line":24,"column":4},"end":{"line":24,"column":53}},"18":{"start":{"line":27,"column":0},"end":{"line":27,"column":55}},"19":{"start":{"line":29,"column":0},"end":{"line":29,"column":33}}},"fnMap":{"0":{"name":"(anonymous_0)","decl":{"start":{"line":23,"column":32},"end":{"line":23,"column":33}},"loc":{"start":{"line":23,"column":38},"end":{"line":25,"column":1}},"line":23}},"branchMap":{"0":{"loc":{"start":{"line":1,"column":0},"end":{"line":3,"column":1}},"type":"if","locations":[{"start":{"line":1,"column":0},"end":{"line":3,"column":1}},{"start":{},"end":{}}],"line":1},"1":{"loc":{"start":{"line":14,"column":13},"end":{"line":14,"column":37}},"type":"binary-expr","locations":[{"start":{"line":14,"column":13},"end":{"line":14,"column":29}},{"start":{"line":14,"column":33},"end":{"line":14,"column":37}}],"line":14}},"s":{"0":1,"1":1,"2":1,"3":1,"4":1,"5":1,"6":1,"7":1,"8":1,"9":1,"10":1,"11":1,"12":1,"13":1,"14":1,"15":1,"16":1,"17":1,"18":1,"19":1},"f":{"0":1},"b":{"0":[1,0],"1":[1,1]},"_coverageSchema":"1a1c01bbd47fc00a2c39e90264f33305004495a9","hash":"3893474b07a124996d8f710e62a98b3e3996d3e3"}
,"C:\\Users\\Affu\\OneDrive\\Documents\\BinarBEJS\\BEJSBinar\\fix\\fixxingg\\Express-Back-End\\configs\\googleOauth.js": {"path":"C:\\Users\\Affu\\OneDrive\\Documents\\BinarBEJS\\BEJSBinar\\fix\\fixxingg\\Express-Back-End\\configs\\googleOauth.js","statementMap":{"0":{"start":{"line":1,"column":0},"end":{"line":5,"column":2}}},"fnMap":{},"branchMap":{},"s":{"0":1},"f":{},"b":{},"_coverageSchema":"1a1c01bbd47fc00a2c39e90264f33305004495a9","hash":"2eba15074a937a04e1a9e1ebb8f48a3722848395"}
,"C:\\Users\\Affu\\OneDrive\\Documents\\BinarBEJS\\BEJSBinar\\fix\\fixxingg\\Express-Back-End\\configs\\mailer.js": {"path":"C:\\Users\\Affu\\OneDrive\\Documents\\BinarBEJS\\BEJSBinar\\fix\\fixxingg\\Express-Back-End\\configs\\mailer.js","statementMap":{"0":{"start":{"line":1,"column":19},"end":{"line":1,"column":40}},"1":{"start":{"line":3,"column":0},"end":{"line":9,"column":3}}},"fnMap":{},"branchMap":{},"s":{"0":1,"1":1},"f":{},"b":{},"_coverageSchema":"1a1c01bbd47fc00a2c39e90264f33305004495a9","hash":"fdb81e2382b4182a666b67708d1d3e47b9744716"}
,"C:\\Users\\Affu\\OneDrive\\Documents\\BinarBEJS\\BEJSBinar\\fix\\fixxingg\\Express-Back-End\\controllers\\auth.js": {"path":"C:\\Users\\Affu\\OneDrive\\Documents\\BinarBEJS\\BEJSBinar\\fix\\fixxingg\\Express-Back-End\\controllers\\auth.js","statementMap":{"0":{"start":{"line":1,"column":23},"end":{"line":1,"column":53}},"1":{"start":{"line":2,"column":13},"end":{"line":2,"column":38}},"2":{"start":{"line":3,"column":18},"end":{"line":3,"column":47}},"3":{"start":{"line":4,"column":18},"end":{"line":4,"column":48}},"4":{"start":{"line":5,"column":23},"end":{"line":5,"column":34}},"5":{"start":{"line":7,"column":0},"end":{"line":270,"column":2}},"6":{"start":{"line":9,"column":4},"end":{"line":58,"column":5}},"7":{"start":{"line":11,"column":6},"end":{"line":11,"column":46}},"8":{"start":{"line":14,"column":19},"end":{"line":14,"column":48}},"9":{"start":{"line":17,"column":6},"end":{"line":41,"column":8}},"10":{"start":{"line":43,"column":6},"end":{"line":55,"column":9}},"11":{"start":{"line":57,"column":6},"end":{"line":57,"column":16}},"12":{"start":{"line":61,"column":4},"end":{"line":99,"column":5}},"13":{"start":{"line":62,"column":6},"end":{"line":62,"column":47}},"14":{"start":{"line":63,"column":19},"end":{"line":63,"column":49}},"15":{"start":{"line":66,"column":6},"end":{"line":90,"column":8}},"16":{"start":{"line":92,"column":6},"end":{"line":96,"column":9}},"17":{"start":{"line":98,"column":6},"end":{"line":98,"column":16}},"18":{"start":{"line":102,"column":4},"end":{"line":129,"column":5}},"19":{"start":{"line":103,"column":6},"end":{"line":103,"column":41}},"20":{"start":{"line":104,"column":19},"end":{"line":104,"column":49}},"21":{"start":{"line":105,"column":26},"end":{"line":111,"column":8}},"22":{"start":{"line":113,"column":6},"end":{"line":126,"column":9}},"23":{"start":{"line":128,"column":6},"end":{"line":128,"column":16}},"24":{"start":{"line":132,"column":4},"end":{"line":149,"column":5}},"25":{"start":{"line":133,"column":6},"end":{"line":133,"column":45}},"26":{"start":{"line":134,"column":34},"end":{"line":134,"column":42}},"27":{"start":{"line":135,"column":19},"end":{"line":135,"column":52}},"28":{"start":{"line":136,"column":26},"end":{"line":136,"column":55}},"29":{"start":{"line":138,"column":6},"end":{"line":146,"column":9}},"30":{"start":{"line":148,"column":6},"end":{"line":148,"column":16}},"31":{"start":{"line":152,"column":24},"end":{"line":152,"column":37}},"32":{"start":{"line":154,"column":4},"end":{"line":161,"column":7}},"33":{"start":{"line":164,"column":4},"end":{"line":206,"column":7}},"34":{"start":{"line":165,"column":6},"end":{"line":165,"column":45}},"35":{"start":{"line":166,"column":24},"end":{"line":166,"column":32}},"36":{"start":{"line":167,"column":20},"end":{"line":167,"column":57}},"37":{"start":{"line":168,"column":23},"end":{"line":168,"column":68}},"38":{"start":{"line":170,"column":6},"end":{"line":197,"column":8}},"39":{"start":{"line":199,"column":10},"end":{"line":203,"column":13}},"40":{"start":{"line":205,"column":10},"end":{"line":205,"column":19}},"41":{"start":{"line":209,"column":4},"end":{"line":221,"column":7}},"42":{"start":{"line":210,"column":6},"end":{"line":210,"column":53}},"43":{"start":{"line":211,"column":50},"end":{"line":211,"column":58}},"44":{"start":{"line":212,"column":6},"end":{"line":212,"column":64}},"45":{"start":{"line":214,"column":10},"end":{"line":218,"column":13}},"46":{"start":{"line":220,"column":10},"end":{"line":220,"column":20}},"47":{"start":{"line":224,"column":4},"end":{"line":237,"column":5}},"48":{"start":{"line":225,"column":6},"end":{"line":225,"column":42}},"49":{"start":{"line":227,"column":19},"end":{"line":227,"column":69}},"50":{"start":{"line":229,"column":6},"end":{"line":234,"column":9}},"51":{"start":{"line":236,"column":6},"end":{"line":236,"column":18}},"52":{"start":{"line":240,"column":4},"end":{"line":268,"column":5}},"53":{"start":{"line":247,"column":10},"end":{"line":247,"column":18}},"54":{"start":{"line":249,"column":26},"end":{"line":249,"column":93}},"55":{"start":{"line":251,"column":6},"end":{"line":265,"column":9}},"56":{"start":{"line":267,"column":6},"end":{"line":267,"column":18}}},"fnMap":{"0":{"name":"(anonymous_0)","decl":{"start":{"line":8,"column":12},"end":{"line":8,"column":13}},"loc":{"start":{"line":8,"column":38},"end":{"line":59,"column":3}},"line":8},"1":{"name":"(anonymous_1)","decl":{"start":{"line":60,"column":10},"end":{"line":60,"column":11}},"loc":{"start":{"line":60,"column":36},"end":{"line":100,"column":3}},"line":60},"2":{"name":"(anonymous_2)","decl":{"start":{"line":101,"column":10},"end":{"line":101,"column":11}},"loc":{"start":{"line":101,"column":36},"end":{"line":130,"column":3}},"line":101},"3":{"name":"(anonymous_3)","decl":{"start":{"line":131,"column":9},"end":{"line":131,"column":10}},"loc":{"start":{"line":131,"column":35},"end":{"line":150,"column":3}},"line":131},"4":{"name":"(anonymous_4)","decl":{"start":{"line":151,"column":10},"end":{"line":151,"column":11}},"loc":{"start":{"line":151,"column":24},"end":{"line":162,"column":3}},"line":151},"5":{"name":"(anonymous_5)","decl":{"start":{"line":163,"column":23},"end":{"line":163,"column":24}},"loc":{"start":{"line":163,"column":49},"end":{"line":207,"column":3}},"line":163},"6":{"name":"(anonymous_6)","decl":{"start":{"line":208,"column":17},"end":{"line":208,"column":18}},"loc":{"start":{"line":208,"column":43},"end":{"line":222,"column":3}},"line":208},"7":{"name":"(anonymous_7)","decl":{"start":{"line":223,"column":16},"end":{"line":223,"column":17}},"loc":{"start":{"line":223,"column":42},"end":{"line":238,"column":3}},"line":223},"8":{"name":"(anonymous_8)","decl":{"start":{"line":239,"column":15},"end":{"line":239,"column":16}},"loc":{"start":{"line":239,"column":41},"end":{"line":269,"column":3}},"line":239}},"branchMap":{},"s":{"0":1,"1":1,"2":1,"3":1,"4":1,"5":1,"6":8,"7":8,"8":1,"9":1,"10":1,"11":7,"12":5,"13":5,"14":1,"15":1,"16":1,"17":4,"18":10,"19":10,"20":5,"21":1,"22":1,"23":9,"24":7,"25":7,"26":4,"27":4,"28":2,"29":2,"30":5,"31":1,"32":1,"33":4,"34":4,"35":2,"36":2,"37":1,"38":1,"39":1,"40":3,"41":6,"42":6,"43":2,"44":2,"45":1,"46":5,"47":3,"48":3,"49":2,"50":1,"51":2,"52":0,"53":0,"54":0,"55":0,"56":0},"f":{"0":8,"1":5,"2":10,"3":7,"4":1,"5":4,"6":6,"7":3,"8":0},"b":{},"_coverageSchema":"1a1c01bbd47fc00a2c39e90264f33305004495a9","hash":"0fe8dbf62cbdeb7a056e2b2e89b974af99bf5dad"}
,"C:\\Users\\Affu\\OneDrive\\Documents\\BinarBEJS\\BEJSBinar\\fix\\fixxingg\\Express-Back-End\\controllers\\booking.js": {"path":"C:\\Users\\Affu\\OneDrive\\Documents\\BinarBEJS\\BEJSBinar\\fix\\fixxingg\\Express-Back-End\\controllers\\booking.js","statementMap":{"0":{"start":{"line":1,"column":16},"end":{"line":1,"column":44}},"1":{"start":{"line":2,"column":26},"end":{"line":2,"column":59}},"2":{"start":{"line":3,"column":21},"end":{"line":3,"column":54}},"3":{"start":{"line":5,"column":0},"end":{"line":92,"column":2}},"4":{"start":{"line":7,"column":8},"end":{"line":24,"column":9}},"5":{"start":{"line":8,"column":12},"end":{"line":8,"column":61}},"6":{"start":{"line":9,"column":29},"end":{"line":9,"column":64}},"7":{"start":{"line":11,"column":12},"end":{"line":21,"column":15}},"8":{"start":{"line":23,"column":12},"end":{"line":23,"column":22}},"9":{"start":{"line":27,"column":8},"end":{"line":39,"column":9}},"10":{"start":{"line":28,"column":12},"end":{"line":28,"column":67}},"11":{"start":{"line":29,"column":25},"end":{"line":29,"column":60}},"12":{"start":{"line":31,"column":12},"end":{"line":36,"column":15}},"13":{"start":{"line":38,"column":12},"end":{"line":38,"column":22}},"14":{"start":{"line":42,"column":8},"end":{"line":69,"column":9}},"15":{"start":{"line":43,"column":12},"end":{"line":43,"column":63}},"16":{"start":{"line":44,"column":25},"end":{"line":44,"column":68}},"17":{"start":{"line":45,"column":34},"end":{"line":52,"column":46}},"18":{"start":{"line":54,"column":12},"end":{"line":59,"column":14}},"19":{"start":{"line":61,"column":12},"end":{"line":66,"column":15}},"20":{"start":{"line":68,"column":12},"end":{"line":68,"column":22}},"21":{"start":{"line":72,"column":8},"end":{"line":90,"column":9}},"22":{"start":{"line":73,"column":12},"end":{"line":73,"column":66}},"23":{"start":{"line":74,"column":12},"end":{"line":74,"column":66}},"24":{"start":{"line":75,"column":25},"end":{"line":75,"column":71}},"25":{"start":{"line":76,"column":12},"end":{"line":81,"column":14}},"26":{"start":{"line":83,"column":12},"end":{"line":87,"column":15}},"27":{"start":{"line":89,"column":12},"end":{"line":89,"column":22}}},"fnMap":{"0":{"name":"(anonymous_0)","decl":{"start":{"line":6,"column":12},"end":{"line":6,"column":13}},"loc":{"start":{"line":6,"column":38},"end":{"line":25,"column":5}},"line":6},"1":{"name":"(anonymous_1)","decl":{"start":{"line":26,"column":13},"end":{"line":26,"column":14}},"loc":{"start":{"line":26,"column":39},"end":{"line":40,"column":5}},"line":26},"2":{"name":"(anonymous_2)","decl":{"start":{"line":41,"column":12},"end":{"line":41,"column":13}},"loc":{"start":{"line":41,"column":38},"end":{"line":70,"column":5}},"line":41},"3":{"name":"(anonymous_3)","decl":{"start":{"line":71,"column":19},"end":{"line":71,"column":20}},"loc":{"start":{"line":71,"column":45},"end":{"line":91,"column":5}},"line":71}},"branchMap":{"0":{"loc":{"start":{"line":14,"column":25},"end":{"line":14,"column":132}},"type":"cond-expr","locations":[{"start":{"line":14,"column":47},"end":{"line":14,"column":89}},{"start":{"line":14,"column":92},"end":{"line":14,"column":132}}],"line":14}},"s":{"0":1,"1":1,"2":1,"3":1,"4":0,"5":0,"6":0,"7":0,"8":0,"9":0,"10":0,"11":0,"12":0,"13":0,"14":0,"15":0,"16":0,"17":0,"18":0,"19":0,"20":0,"21":0,"22":0,"23":0,"24":0,"25":0,"26":0,"27":0},"f":{"0":0,"1":0,"2":0,"3":0},"b":{"0":[0,0]},"_coverageSchema":"1a1c01bbd47fc00a2c39e90264f33305004495a9","hash":"f9838fe9284e4f550b7d7b1d4ceb7d6138cdc706"}
,"C:\\Users\\Affu\\OneDrive\\Documents\\BinarBEJS\\BEJSBinar\\fix\\fixxingg\\Express-Back-End\\controllers\\homepage.js": {"path":"C:\\Users\\Affu\\OneDrive\\Documents\\BinarBEJS\\BEJSBinar\\fix\\fixxingg\\Express-Back-End\\controllers\\homepage.js","statementMap":{"0":{"start":{"line":1,"column":17},"end":{"line":1,"column":46}},"1":{"start":{"line":2,"column":27},"end":{"line":2,"column":61}},"2":{"start":{"line":4,"column":0},"end":{"line":46,"column":2}},"3":{"start":{"line":6,"column":8},"end":{"line":26,"column":9}},"4":{"start":{"line":7,"column":12},"end":{"line":7,"column":54}},"5":{"start":{"line":8,"column":33},"end":{"line":8,"column":67}},"6":{"start":{"line":10,"column":12},"end":{"line":23,"column":15}},"7":{"start":{"line":25,"column":12},"end":{"line":25,"column":22}},"8":{"start":{"line":29,"column":8},"end":{"line":44,"column":9}},"9":{"start":{"line":30,"column":27},"end":{"line":30,"column":53}},"10":{"start":{"line":31,"column":12},"end":{"line":41,"column":15}},"11":{"start":{"line":43,"column":12},"end":{"line":43,"column":22}}},"fnMap":{"0":{"name":"(anonymous_0)","decl":{"start":{"line":5,"column":12},"end":{"line":5,"column":13}},"loc":{"start":{"line":5,"column":38},"end":{"line":27,"column":5}},"line":5},"1":{"name":"(anonymous_1)","decl":{"start":{"line":28,"column":13},"end":{"line":28,"column":14}},"loc":{"start":{"line":28,"column":39},"end":{"line":45,"column":5}},"line":28}},"branchMap":{"0":{"loc":{"start":{"line":13,"column":25},"end":{"line":13,"column":134}},"type":"cond-expr","locations":[{"start":{"line":13,"column":58},"end":{"line":13,"column":91}},{"start":{"line":13,"column":94},"end":{"line":13,"column":134}}],"line":13},"1":{"loc":{"start":{"line":14,"column":28},"end":{"line":21,"column":17}},"type":"cond-expr","locations":[{"start":{"line":14,"column":61},"end":{"line":14,"column":84}},{"start":{"line":14,"column":87},"end":{"line":21,"column":17}}],"line":14},"2":{"loc":{"start":{"line":34,"column":25},"end":{"line":34,"column":108}},"type":"cond-expr","locations":[{"start":{"line":34,"column":45},"end":{"line":34,"column":74}},{"start":{"line":34,"column":77},"end":{"line":34,"column":108}}],"line":34}},"s":{"0":1,"1":1,"2":1,"3":0,"4":0,"5":0,"6":0,"7":0,"8":0,"9":0,"10":0,"11":0},"f":{"0":0,"1":0},"b":{"0":[0,0],"1":[0,0],"2":[0,0]},"_coverageSchema":"1a1c01bbd47fc00a2c39e90264f33305004495a9","hash":"efee8779dc8853b61bcb2256476133a407c28b0e"}
,"C:\\Users\\Affu\\OneDrive\\Documents\\BinarBEJS\\BEJSBinar\\fix\\fixxingg\\Express-Back-End\\controllers\\notification.js": {"path":"C:\\Users\\Affu\\OneDrive\\Documents\\BinarBEJS\\BEJSBinar\\fix\\fixxingg\\Express-Back-End\\controllers\\notification.js","statementMap":{"0":{"start":{"line":1,"column":21},"end":{"line":1,"column":54}},"1":{"start":{"line":2,"column":31},"end":{"line":2,"column":69}},"2":{"start":{"line":4,"column":0},"end":{"line":51,"column":2}},"3":{"start":{"line":6,"column":8},"end":{"line":19,"column":9}},"4":{"start":{"line":7,"column":12},"end":{"line":7,"column":67}},"5":{"start":{"line":8,"column":50},"end":{"line":8,"column":98}},"6":{"start":{"line":10,"column":12},"end":{"line":16,"column":15}},"7":{"start":{"line":18,"column":12},"end":{"line":18,"column":24}},"8":{"start":{"line":22,"column":8},"end":{"line":34,"column":9}},"9":{"start":{"line":23,"column":12},"end":{"line":23,"column":76}},"10":{"start":{"line":24,"column":28},"end":{"line":24,"column":78}},"11":{"start":{"line":26,"column":12},"end":{"line":31,"column":15}},"12":{"start":{"line":33,"column":12},"end":{"line":33,"column":24}},"13":{"start":{"line":37,"column":8},"end":{"line":49,"column":9}},"14":{"start":{"line":38,"column":12},"end":{"line":38,"column":76}},"15":{"start":{"line":39,"column":12},"end":{"line":39,"column":58}},"16":{"start":{"line":40,"column":12},"end":{"line":40,"column":69}},"17":{"start":{"line":42,"column":12},"end":{"line":46,"column":15}},"18":{"start":{"line":48,"column":12},"end":{"line":48,"column":24}}},"fnMap":{"0":{"name":"(anonymous_0)","decl":{"start":{"line":5,"column":12},"end":{"line":5,"column":13}},"loc":{"start":{"line":5,"column":38},"end":{"line":20,"column":5}},"line":5},"1":{"name":"(anonymous_1)","decl":{"start":{"line":21,"column":13},"end":{"line":21,"column":14}},"loc":{"start":{"line":21,"column":39},"end":{"line":35,"column":5}},"line":21},"2":{"name":"(anonymous_2)","decl":{"start":{"line":36,"column":11},"end":{"line":36,"column":12}},"loc":{"start":{"line":36,"column":37},"end":{"line":50,"column":5}},"line":36}},"branchMap":{"0":{"loc":{"start":{"line":13,"column":25},"end":{"line":13,"column":129}},"type":"cond-expr","locations":[{"start":{"line":13,"column":54},"end":{"line":13,"column":91}},{"start":{"line":13,"column":94},"end":{"line":13,"column":129}}],"line":13}},"s":{"0":1,"1":1,"2":1,"3":0,"4":0,"5":0,"6":0,"7":0,"8":0,"9":0,"10":0,"11":0,"12":0,"13":0,"14":0,"15":0,"16":0,"17":0,"18":0},"f":{"0":0,"1":0,"2":0},"b":{"0":[0,0]},"_coverageSchema":"1a1c01bbd47fc00a2c39e90264f33305004495a9","hash":"9473021383f0c77477135a09ceb0d191e9c4c237"}
,"C:\\Users\\Affu\\OneDrive\\Documents\\BinarBEJS\\BEJSBinar\\fix\\fixxingg\\Express-Back-End\\controllers\\schedule.js": {"path":"C:\\Users\\Affu\\OneDrive\\Documents\\BinarBEJS\\BEJSBinar\\fix\\fixxingg\\Express-Back-End\\controllers\\schedule.js","statementMap":{"0":{"start":{"line":1,"column":17},"end":{"line":1,"column":47}},"1":{"start":{"line":2,"column":27},"end":{"line":2,"column":62}},"2":{"start":{"line":4,"column":0},"end":{"line":106,"column":2}},"3":{"start":{"line":6,"column":8},"end":{"line":20,"column":9}},"4":{"start":{"line":7,"column":12},"end":{"line":7,"column":65}},"5":{"start":{"line":8,"column":31},"end":{"line":8,"column":62}},"6":{"start":{"line":10,"column":12},"end":{"line":17,"column":15}},"7":{"start":{"line":19,"column":12},"end":{"line":19,"column":24}},"8":{"start":{"line":23,"column":8},"end":{"line":34,"column":9}},"9":{"start":{"line":24,"column":12},"end":{"line":24,"column":60}},"10":{"start":{"line":25,"column":12},"end":{"line":25,"column":49}},"11":{"start":{"line":27,"column":12},"end":{"line":31,"column":15}},"12":{"start":{"line":33,"column":12},"end":{"line":33,"column":24}},"13":{"start":{"line":37,"column":8},"end":{"line":49,"column":9}},"14":{"start":{"line":38,"column":12},"end":{"line":38,"column":60}},"15":{"start":{"line":39,"column":25},"end":{"line":39,"column":61}},"16":{"start":{"line":41,"column":12},"end":{"line":46,"column":15}},"17":{"start":{"line":48,"column":12},"end":{"line":48,"column":24}},"18":{"start":{"line":52,"column":8},"end":{"line":89,"column":9}},"19":{"start":{"line":53,"column":12},"end":{"line":53,"column":62}},"20":{"start":{"line":54,"column":27},"end":{"line":54,"column":63}},"21":{"start":{"line":56,"column":12},"end":{"line":71,"column":13}},"22":{"start":{"line":57,"column":16},"end":{"line":70,"column":19}},"23":{"start":{"line":73,"column":12},"end":{"line":86,"column":15}},"24":{"start":{"line":88,"column":12},"end":{"line":88,"column":24}},"25":{"start":{"line":92,"column":8},"end":{"line":104,"column":9}},"26":{"start":{"line":93,"column":12},"end":{"line":93,"column":60}},"27":{"start":{"line":94,"column":12},"end":{"line":94,"column":78}},"28":{"start":{"line":95,"column":12},"end":{"line":95,"column":59}},"29":{"start":{"line":97,"column":12},"end":{"line":101,"column":15}},"30":{"start":{"line":103,"column":12},"end":{"line":103,"column":22}}},"fnMap":{"0":{"name":"(anonymous_0)","decl":{"start":{"line":5,"column":12},"end":{"line":5,"column":13}},"loc":{"start":{"line":5,"column":37},"end":{"line":21,"column":5}},"line":5},"1":{"name":"(anonymous_1)","decl":{"start":{"line":22,"column":12},"end":{"line":22,"column":13}},"loc":{"start":{"line":22,"column":37},"end":{"line":35,"column":5}},"line":22},"2":{"name":"(anonymous_2)","decl":{"start":{"line":36,"column":13},"end":{"line":36,"column":14}},"loc":{"start":{"line":36,"column":38},"end":{"line":50,"column":5}},"line":36},"3":{"name":"(anonymous_3)","decl":{"start":{"line":51,"column":12},"end":{"line":51,"column":13}},"loc":{"start":{"line":51,"column":38},"end":{"line":90,"column":5}},"line":51},"4":{"name":"(anonymous_4)","decl":{"start":{"line":91,"column":14},"end":{"line":91,"column":15}},"loc":{"start":{"line":91,"column":40},"end":{"line":105,"column":5}},"line":91}},"branchMap":{"0":{"loc":{"start":{"line":56,"column":12},"end":{"line":71,"column":13}},"type":"if","locations":[{"start":{"line":56,"column":12},"end":{"line":71,"column":13}},{"start":{},"end":{}}],"line":56}},"s":{"0":1,"1":1,"2":1,"3":0,"4":0,"5":0,"6":0,"7":0,"8":0,"9":0,"10":0,"11":0,"12":0,"13":0,"14":0,"15":0,"16":0,"17":0,"18":0,"19":0,"20":0,"21":0,"22":0,"23":0,"24":0,"25":0,"26":0,"27":0,"28":0,"29":0,"30":0},"f":{"0":0,"1":0,"2":0,"3":0,"4":0},"b":{"0":[0,0]},"_coverageSchema":"1a1c01bbd47fc00a2c39e90264f33305004495a9","hash":"37d2c957656e3494782fd0461ef163a6073a0c47"}
,"C:\\Users\\Affu\\OneDrive\\Documents\\BinarBEJS\\BEJSBinar\\fix\\fixxingg\\Express-Back-End\\controllers\\user.js": {"path":"C:\\Users\\Affu\\OneDrive\\Documents\\BinarBEJS\\BEJSBinar\\fix\\fixxingg\\Express-Back-End\\controllers\\user.js","statementMap":{"0":{"start":{"line":1,"column":21},"end":{"line":1,"column":54}},"1":{"start":{"line":2,"column":13},"end":{"line":2,"column":38}},"2":{"start":{"line":3,"column":24},"end":{"line":3,"column":54}},"3":{"start":{"line":5,"column":0},"end":{"line":113,"column":1}},"4":{"start":{"line":7,"column":8},"end":{"line":27,"column":9}},"5":{"start":{"line":8,"column":12},"end":{"line":8,"column":51}},"6":{"start":{"line":9,"column":31},"end":{"line":9,"column":58}},"7":{"start":{"line":11,"column":12},"end":{"line":24,"column":15}},"8":{"start":{"line":26,"column":12},"end":{"line":26,"column":24}},"9":{"start":{"line":30,"column":8},"end":{"line":50,"column":9}},"10":{"start":{"line":31,"column":31},"end":{"line":31,"column":55}},"11":{"start":{"line":33,"column":12},"end":{"line":40,"column":13}},"12":{"start":{"line":34,"column":16},"end":{"line":39,"column":19}},"13":{"start":{"line":42,"column":12},"end":{"line":47,"column":14}},"14":{"start":{"line":49,"column":12},"end":{"line":49,"column":22}},"15":{"start":{"line":53,"column":8},"end":{"line":65,"column":9}},"16":{"start":{"line":54,"column":12},"end":{"line":54,"column":57}},"17":{"start":{"line":55,"column":32},"end":{"line":55,"column":69}},"18":{"start":{"line":57,"column":12},"end":{"line":62,"column":15}},"19":{"start":{"line":64,"column":12},"end":{"line":64,"column":22}},"20":{"start":{"line":68,"column":8},"end":{"line":95,"column":9}},"21":{"start":{"line":69,"column":12},"end":{"line":69,"column":57}},"22":{"start":{"line":70,"column":12},"end":{"line":70,"column":65}},"23":{"start":{"line":71,"column":29},"end":{"line":71,"column":74}},"24":{"start":{"line":72,"column":12},"end":{"line":77,"column":14}},"25":{"start":{"line":79,"column":12},"end":{"line":92,"column":15}},"26":{"start":{"line":94,"column":12},"end":{"line":94,"column":24}},"27":{"start":{"line":98,"column":8},"end":{"line":109,"column":9}},"28":{"start":{"line":99,"column":12},"end":{"line":99,"column":57}},"29":{"start":{"line":100,"column":12},"end":{"line":100,"column":49}},"30":{"start":{"line":102,"column":12},"end":{"line":106,"column":14}},"31":{"start":{"line":108,"column":12},"end":{"line":108,"column":24}}},"fnMap":{"0":{"name":"(anonymous_0)","decl":{"start":{"line":6,"column":12},"end":{"line":6,"column":13}},"loc":{"start":{"line":6,"column":38},"end":{"line":28,"column":5}},"line":6},"1":{"name":"(anonymous_1)","decl":{"start":{"line":29,"column":12},"end":{"line":29,"column":13}},"loc":{"start":{"line":29,"column":38},"end":{"line":51,"column":5}},"line":29},"2":{"name":"(anonymous_2)","decl":{"start":{"line":52,"column":13},"end":{"line":52,"column":14}},"loc":{"start":{"line":52,"column":39},"end":{"line":66,"column":5}},"line":52},"3":{"name":"(anonymous_3)","decl":{"start":{"line":67,"column":12},"end":{"line":67,"column":13}},"loc":{"start":{"line":67,"column":38},"end":{"line":96,"column":5}},"line":67},"4":{"name":"(anonymous_4)","decl":{"start":{"line":97,"column":12},"end":{"line":97,"column":13}},"loc":{"start":{"line":97,"column":38},"end":{"line":110,"column":5}},"line":97}},"branchMap":{"0":{"loc":{"start":{"line":33,"column":12},"end":{"line":40,"column":13}},"type":"if","locations":[{"start":{"line":33,"column":12},"end":{"line":40,"column":13}},{"start":{},"end":{}}],"line":33}},"s":{"0":1,"1":1,"2":1,"3":1,"4":0,"5":0,"6":0,"7":0,"8":0,"9":0,"10":0,"11":0,"12":0,"13":0,"14":0,"15":0,"16":0,"17":0,"18":0,"19":0,"20":0,"21":0,"22":0,"23":0,"24":0,"25":0,"26":0,"27":0,"28":0,"29":0,"30":0,"31":0},"f":{"0":0,"1":0,"2":0,"3":0,"4":0},"b":{"0":[0,0]},"_coverageSchema":"1a1c01bbd47fc00a2c39e90264f33305004495a9","hash":"a79754766bdf021e8892cb0005a1f3edbf6c8cc7"}
,"C:\\Users\\Affu\\OneDrive\\Documents\\BinarBEJS\\BEJSBinar\\fix\\fixxingg\\Express-Back-End\\middlewares\\restrict.js": {"path":"C:\\Users\\Affu\\OneDrive\\Documents\\BinarBEJS\\BEJSBinar\\fix\\fixxingg\\Express-Back-End\\middlewares\\restrict.js","statementMap":{"0":{"start":{"line":1,"column":12},"end":{"line":1,"column":35}},"1":{"start":{"line":2,"column":23},"end":{"line":2,"column":53}},"2":{"start":{"line":3,"column":25},"end":{"line":3,"column":50}},"3":{"start":{"line":4,"column":25},"end":{"line":4,"column":50}},"4":{"start":{"line":5,"column":15},"end":{"line":5,"column":33}},"5":{"start":{"line":6,"column":23},"end":{"line":6,"column":34}},"6":{"start":{"line":8,"column":0},"end":{"line":230,"column":2}},"7":{"start":{"line":10,"column":8},"end":{"line":28,"column":9}},"8":{"start":{"line":11,"column":12},"end":{"line":11,"column":48}},"9":{"start":{"line":13,"column":26},"end":{"line":13,"column":65}},"10":{"start":{"line":14,"column":12},"end":{"line":25,"column":15}},"11":{"start":{"line":15,"column":16},"end":{"line":17,"column":17}},"12":{"start":{"line":16,"column":20},"end":{"line":16,"column":149}},"13":{"start":{"line":19,"column":16},"end":{"line":21,"column":17}},"14":{"start":{"line":20,"column":20},"end":{"line":20,"column":125}},"15":{"start":{"line":23,"column":16},"end":{"line":23,"column":35}},"16":{"start":{"line":24,"column":16},"end":{"line":24,"column":23}},"17":{"start":{"line":27,"column":12},"end":{"line":27,"column":22}},"18":{"start":{"line":31,"column":8},"end":{"line":52,"column":9}},"19":{"start":{"line":32,"column":12},"end":{"line":32,"column":48}},"20":{"start":{"line":34,"column":26},"end":{"line":34,"column":65}},"21":{"start":{"line":35,"column":12},"end":{"line":49,"column":15}},"22":{"start":{"line":36,"column":16},"end":{"line":38,"column":17}},"23":{"start":{"line":37,"column":20},"end":{"line":37,"column":149}},"24":{"start":{"line":40,"column":16},"end":{"line":40,"column":55}},"25":{"start":{"line":42,"column":16},"end":{"line":45,"column":17}},"26":{"start":{"line":44,"column":20},"end":{"line":44,"column":125}},"27":{"start":{"line":47,"column":16},"end":{"line":47,"column":35}},"28":{"start":{"line":48,"column":16},"end":{"line":48,"column":23}},"29":{"start":{"line":51,"column":12},"end":{"line":51,"column":22}},"30":{"start":{"line":55,"column":8},"end":{"line":90,"column":9}},"31":{"start":{"line":56,"column":12},"end":{"line":56,"column":48}},"32":{"start":{"line":58,"column":26},"end":{"line":58,"column":65}},"33":{"start":{"line":59,"column":12},"end":{"line":87,"column":15}},"34":{"start":{"line":60,"column":16},"end":{"line":86,"column":17}},"35":{"start":{"line":61,"column":20},"end":{"line":63,"column":21}},"36":{"start":{"line":62,"column":24},"end":{"line":62,"column":153}},"37":{"start":{"line":65,"column":20},"end":{"line":65,"column":57}},"38":{"start":{"line":67,"column":40},"end":{"line":71,"column":22}},"39":{"start":{"line":73,"column":20},"end":{"line":75,"column":21}},"40":{"start":{"line":74,"column":24},"end":{"line":74,"column":94}},"41":{"start":{"line":77,"column":20},"end":{"line":80,"column":21}},"42":{"start":{"line":79,"column":24},"end":{"line":79,"column":129}},"43":{"start":{"line":82,"column":20},"end":{"line":82,"column":39}},"44":{"start":{"line":83,"column":20},"end":{"line":83,"column":27}},"45":{"start":{"line":85,"column":20},"end":{"line":85,"column":30}},"46":{"start":{"line":89,"column":12},"end":{"line":89,"column":22}},"47":{"start":{"line":93,"column":8},"end":{"line":137,"column":9}},"48":{"start":{"line":94,"column":12},"end":{"line":94,"column":48}},"49":{"start":{"line":96,"column":26},"end":{"line":96,"column":65}},"50":{"start":{"line":99,"column":12},"end":{"line":106,"column":13}},"51":{"start":{"line":100,"column":16},"end":{"line":100,"column":56}},"52":{"start":{"line":102,"column":16},"end":{"line":104,"column":17}},"53":{"start":{"line":103,"column":20},"end":{"line":103,"column":149}},"54":{"start":{"line":105,"column":16},"end":{"line":105,"column":26}},"55":{"start":{"line":108,"column":12},"end":{"line":110,"column":13}},"56":{"start":{"line":109,"column":16},"end":{"line":109,"column":121}},"57":{"start":{"line":112,"column":12},"end":{"line":118,"column":13}},"58":{"start":{"line":113,"column":16},"end":{"line":113,"column":54}},"59":{"start":{"line":115,"column":16},"end":{"line":117,"column":17}},"60":{"start":{"line":116,"column":20},"end":{"line":116,"column":125}},"61":{"start":{"line":120,"column":12},"end":{"line":132,"column":13}},"62":{"start":{"line":121,"column":16},"end":{"line":121,"column":54}},"63":{"start":{"line":123,"column":32},"end":{"line":127,"column":18}},"64":{"start":{"line":129,"column":16},"end":{"line":131,"column":17}},"65":{"start":{"line":130,"column":20},"end":{"line":130,"column":125}},"66":{"start":{"line":134,"column":12},"end":{"line":134,"column":19}},"67":{"start":{"line":136,"column":12},"end":{"line":136,"column":22}},"68":{"start":{"line":140,"column":8},"end":{"line":157,"column":9}},"69":{"start":{"line":141,"column":12},"end":{"line":141,"column":48}},"70":{"start":{"line":143,"column":26},"end":{"line":143,"column":65}},"71":{"start":{"line":144,"column":12},"end":{"line":154,"column":15}},"72":{"start":{"line":145,"column":16},"end":{"line":147,"column":17}},"73":{"start":{"line":146,"column":20},"end":{"line":146,"column":149}},"74":{"start":{"line":149,"column":16},"end":{"line":151,"column":17}},"75":{"start":{"line":150,"column":20},"end":{"line":150,"column":125}},"76":{"start":{"line":153,"column":16},"end":{"line":153,"column":23}},"77":{"start":{"line":156,"column":12},"end":{"line":156,"column":22}},"78":{"start":{"line":160,"column":8},"end":{"line":190,"column":9}},"79":{"start":{"line":161,"column":12},"end":{"line":161,"column":48}},"80":{"start":{"line":163,"column":26},"end":{"line":163,"column":65}},"81":{"start":{"line":166,"column":12},"end":{"line":173,"column":13}},"82":{"start":{"line":167,"column":16},"end":{"line":167,"column":56}},"83":{"start":{"line":169,"column":16},"end":{"line":171,"column":17}},"84":{"start":{"line":170,"column":20},"end":{"line":170,"column":149}},"85":{"start":{"line":172,"column":16},"end":{"line":172,"column":26}},"86":{"start":{"line":175,"column":12},"end":{"line":177,"column":13}},"87":{"start":{"line":176,"column":16},"end":{"line":176,"column":121}},"88":{"start":{"line":179,"column":12},"end":{"line":185,"column":13}},"89":{"start":{"line":180,"column":16},"end":{"line":180,"column":54}},"90":{"start":{"line":182,"column":16},"end":{"line":184,"column":17}},"91":{"start":{"line":183,"column":20},"end":{"line":183,"column":125}},"92":{"start":{"line":187,"column":12},"end":{"line":187,"column":19}},"93":{"start":{"line":189,"column":12},"end":{"line":189,"column":22}},"94":{"start":{"line":193,"column":8},"end":{"line":228,"column":9}},"95":{"start":{"line":194,"column":12},"end":{"line":194,"column":48}},"96":{"start":{"line":196,"column":26},"end":{"line":196,"column":65}},"97":{"start":{"line":199,"column":12},"end":{"line":206,"column":13}},"98":{"start":{"line":200,"column":16},"end":{"line":200,"column":56}},"99":{"start":{"line":202,"column":16},"end":{"line":204,"column":17}},"100":{"start":{"line":203,"column":20},"end":{"line":203,"column":149}},"101":{"start":{"line":205,"column":16},"end":{"line":205,"column":26}},"102":{"start":{"line":208,"column":12},"end":{"line":208,"column":54}},"103":{"start":{"line":209,"column":33},"end":{"line":213,"column":14}},"104":{"start":{"line":215,"column":12},"end":{"line":217,"column":13}},"105":{"start":{"line":216,"column":16},"end":{"line":216,"column":79}},"106":{"start":{"line":219,"column":12},"end":{"line":223,"column":13}},"107":{"start":{"line":222,"column":16},"end":{"line":222,"column":121}},"108":{"start":{"line":225,"column":12},"end":{"line":225,"column":19}},"109":{"start":{"line":227,"column":12},"end":{"line":227,"column":22}}},"fnMap":{"0":{"name":"(anonymous_0)","decl":{"start":{"line":9,"column":13},"end":{"line":9,"column":14}},"loc":{"start":{"line":9,"column":33},"end":{"line":29,"column":5}},"line":9},"1":{"name":"(anonymous_1)","decl":{"start":{"line":14,"column":42},"end":{"line":14,"column":43}},"loc":{"start":{"line":14,"column":60},"end":{"line":25,"column":13}},"line":14},"2":{"name":"(anonymous_2)","decl":{"start":{"line":30,"column":19},"end":{"line":30,"column":20}},"loc":{"start":{"line":30,"column":39},"end":{"line":53,"column":5}},"line":30},"3":{"name":"(anonymous_3)","decl":{"start":{"line":35,"column":42},"end":{"line":35,"column":43}},"loc":{"start":{"line":35,"column":60},"end":{"line":49,"column":13}},"line":35},"4":{"name":"(anonymous_4)","decl":{"start":{"line":54,"column":26},"end":{"line":54,"column":27}},"loc":{"start":{"line":54,"column":52},"end":{"line":91,"column":5}},"line":54},"5":{"name":"(anonymous_5)","decl":{"start":{"line":59,"column":42},"end":{"line":59,"column":43}},"loc":{"start":{"line":59,"column":66},"end":{"line":87,"column":13}},"line":59},"6":{"name":"(anonymous_6)","decl":{"start":{"line":92,"column":26},"end":{"line":92,"column":27}},"loc":{"start":{"line":92,"column":52},"end":{"line":138,"column":5}},"line":92},"7":{"name":"(anonymous_7)","decl":{"start":{"line":139,"column":11},"end":{"line":139,"column":12}},"loc":{"start":{"line":139,"column":31},"end":{"line":158,"column":5}},"line":139},"8":{"name":"(anonymous_8)","decl":{"start":{"line":144,"column":42},"end":{"line":144,"column":43}},"loc":{"start":{"line":144,"column":60},"end":{"line":154,"column":13}},"line":144},"9":{"name":"(anonymous_9)","decl":{"start":{"line":159,"column":31},"end":{"line":159,"column":32}},"loc":{"start":{"line":159,"column":51},"end":{"line":191,"column":5}},"line":159},"10":{"name":"(anonymous_10)","decl":{"start":{"line":192,"column":31},"end":{"line":192,"column":32}},"loc":{"start":{"line":192,"column":57},"end":{"line":229,"column":5}},"line":192}},"branchMap":{"0":{"loc":{"start":{"line":15,"column":16},"end":{"line":17,"column":17}},"type":"if","locations":[{"start":{"line":15,"column":16},"end":{"line":17,"column":17}},{"start":{},"end":{}}],"line":15},"1":{"loc":{"start":{"line":19,"column":16},"end":{"line":21,"column":17}},"type":"if","locations":[{"start":{"line":19,"column":16},"end":{"line":21,"column":17}},{"start":{},"end":{}}],"line":19},"2":{"loc":{"start":{"line":19,"column":22},"end":{"line":19,"column":74}},"type":"binary-expr","locations":[{"start":{"line":19,"column":22},"end":{"line":19,"column":46}},{"start":{"line":19,"column":50},"end":{"line":19,"column":74}}],"line":19},"3":{"loc":{"start":{"line":36,"column":16},"end":{"line":38,"column":17}},"type":"if","locations":[{"start":{"line":36,"column":16},"end":{"line":38,"column":17}},{"start":{},"end":{}}],"line":36},"4":{"loc":{"start":{"line":42,"column":16},"end":{"line":45,"column":17}},"type":"if","locations":[{"start":{"line":42,"column":16},"end":{"line":45,"column":17}},{"start":{},"end":{}}],"line":42},"5":{"loc":{"start":{"line":42,"column":20},"end":{"line":43,"column":88}},"type":"binary-expr","locations":[{"start":{"line":42,"column":20},"end":{"line":42,"column":75}},{"start":{"line":43,"column":21},"end":{"line":43,"column":59}},{"start":{"line":43,"column":63},"end":{"line":43,"column":87}}],"line":42},"6":{"loc":{"start":{"line":42,"column":22},"end":{"line":42,"column":74}},"type":"binary-expr","locations":[{"start":{"line":42,"column":22},"end":{"line":42,"column":46}},{"start":{"line":42,"column":50},"end":{"line":42,"column":74}}],"line":42},"7":{"loc":{"start":{"line":61,"column":20},"end":{"line":63,"column":21}},"type":"if","locations":[{"start":{"line":61,"column":20},"end":{"line":63,"column":21}},{"start":{},"end":{}}],"line":61},"8":{"loc":{"start":{"line":73,"column":20},"end":{"line":75,"column":21}},"type":"if","locations":[{"start":{"line":73,"column":20},"end":{"line":75,"column":21}},{"start":{},"end":{}}],"line":73},"9":{"loc":{"start":{"line":77,"column":20},"end":{"line":80,"column":21}},"type":"if","locations":[{"start":{"line":77,"column":20},"end":{"line":80,"column":21}},{"start":{},"end":{}}],"line":77},"10":{"loc":{"start":{"line":77,"column":24},"end":{"line":78,"column":87}},"type":"binary-expr","locations":[{"start":{"line":77,"column":24},"end":{"line":77,"column":79}},{"start":{"line":78,"column":25},"end":{"line":78,"column":58}},{"start":{"line":78,"column":62},"end":{"line":78,"column":86}}],"line":77},"11":{"loc":{"start":{"line":77,"column":26},"end":{"line":77,"column":78}},"type":"binary-expr","locations":[{"start":{"line":77,"column":26},"end":{"line":77,"column":50}},{"start":{"line":77,"column":54},"end":{"line":77,"column":78}}],"line":77},"12":{"loc":{"start":{"line":102,"column":16},"end":{"line":104,"column":17}},"type":"if","locations":[{"start":{"line":102,"column":16},"end":{"line":104,"column":17}},{"start":{},"end":{}}],"line":102},"13":{"loc":{"start":{"line":102,"column":20},"end":{"line":102,"column":88}},"type":"binary-expr","locations":[{"start":{"line":102,"column":20},"end":{"line":102,"column":52}},{"start":{"line":102,"column":56},"end":{"line":102,"column":88}}],"line":102},"14":{"loc":{"start":{"line":108,"column":12},"end":{"line":110,"column":13}},"type":"if","locations":[{"start":{"line":108,"column":12},"end":{"line":110,"column":13}},{"start":{},"end":{}}],"line":108},"15":{"loc":{"start":{"line":108,"column":16},"end":{"line":108,"column":140}},"type":"binary-expr","locations":[{"start":{"line":108,"column":17},"end":{"line":108,"column":52}},{"start":{"line":108,"column":57},"end":{"line":108,"column":92}},{"start":{"line":108,"column":96},"end":{"line":108,"column":110}},{"start":{"line":108,"column":116},"end":{"line":108,"column":140}}],"line":108},"16":{"loc":{"start":{"line":112,"column":12},"end":{"line":118,"column":13}},"type":"if","locations":[{"start":{"line":112,"column":12},"end":{"line":118,"column":13}},{"start":{},"end":{}}],"line":112},"17":{"loc":{"start":{"line":115,"column":16},"end":{"line":117,"column":17}},"type":"if","locations":[{"start":{"line":115,"column":16},"end":{"line":117,"column":17}},{"start":{},"end":{}}],"line":115},"18":{"loc":{"start":{"line":115,"column":20},"end":{"line":115,"column":89}},"type":"binary-expr","locations":[{"start":{"line":115,"column":20},"end":{"line":115,"column":44}},{"start":{"line":115,"column":48},"end":{"line":115,"column":89}}],"line":115},"19":{"loc":{"start":{"line":120,"column":12},"end":{"line":132,"column":13}},"type":"if","locations":[{"start":{"line":120,"column":12},"end":{"line":132,"column":13}},{"start":{},"end":{}}],"line":120},"20":{"loc":{"start":{"line":129,"column":16},"end":{"line":131,"column":17}},"type":"if","locations":[{"start":{"line":129,"column":16},"end":{"line":131,"column":17}},{"start":{},"end":{}}],"line":129},"21":{"loc":{"start":{"line":129,"column":20},"end":{"line":129,"column":98}},"type":"binary-expr","locations":[{"start":{"line":129,"column":20},"end":{"line":129,"column":27}},{"start":{"line":129,"column":31},"end":{"line":129,"column":70}},{"start":{"line":129,"column":74},"end":{"line":129,"column":98}}],"line":129},"22":{"loc":{"start":{"line":145,"column":16},"end":{"line":147,"column":17}},"type":"if","locations":[{"start":{"line":145,"column":16},"end":{"line":147,"column":17}},{"start":{},"end":{}}],"line":145},"23":{"loc":{"start":{"line":149,"column":16},"end":{"line":151,"column":17}},"type":"if","locations":[{"start":{"line":149,"column":16},"end":{"line":151,"column":17}},{"start":{},"end":{}}],"line":149},"24":{"loc":{"start":{"line":169,"column":16},"end":{"line":171,"column":17}},"type":"if","locations":[{"start":{"line":169,"column":16},"end":{"line":171,"column":17}},{"start":{},"end":{}}],"line":169},"25":{"loc":{"start":{"line":169,"column":20},"end":{"line":169,"column":88}},"type":"binary-expr","locations":[{"start":{"line":169,"column":20},"end":{"line":169,"column":52}},{"start":{"line":169,"column":56},"end":{"line":169,"column":88}}],"line":169},"26":{"loc":{"start":{"line":175,"column":12},"end":{"line":177,"column":13}},"type":"if","locations":[{"start":{"line":175,"column":12},"end":{"line":177,"column":13}},{"start":{},"end":{}}],"line":175},"27":{"loc":{"start":{"line":175,"column":16},"end":{"line":175,"column":79}},"type":"binary-expr","locations":[{"start":{"line":175,"column":16},"end":{"line":175,"column":51}},{"start":{"line":175,"column":55},"end":{"line":175,"column":79}}],"line":175},"28":{"loc":{"start":{"line":179,"column":12},"end":{"line":185,"column":13}},"type":"if","locations":[{"start":{"line":179,"column":12},"end":{"line":185,"column":13}},{"start":{},"end":{}}],"line":179},"29":{"loc":{"start":{"line":182,"column":16},"end":{"line":184,"column":17}},"type":"if","locations":[{"start":{"line":182,"column":16},"end":{"line":184,"column":17}},{"start":{},"end":{}}],"line":182},"30":{"loc":{"start":{"line":182,"column":20},"end":{"line":182,"column":89}},"type":"binary-expr","locations":[{"start":{"line":182,"column":20},"end":{"line":182,"column":44}},{"start":{"line":182,"column":48},"end":{"line":182,"column":89}}],"line":182},"31":{"loc":{"start":{"line":202,"column":16},"end":{"line":204,"column":17}},"type":"if","locations":[{"start":{"line":202,"column":16},"end":{"line":204,"column":17}},{"start":{},"end":{}}],"line":202},"32":{"loc":{"start":{"line":202,"column":20},"end":{"line":202,"column":88}},"type":"binary-expr","locations":[{"start":{"line":202,"column":20},"end":{"line":202,"column":52}},{"start":{"line":202,"column":56},"end":{"line":202,"column":88}}],"line":202},"33":{"loc":{"start":{"line":215,"column":12},"end":{"line":217,"column":13}},"type":"if","locations":[{"start":{"line":215,"column":12},"end":{"line":217,"column":13}},{"start":{},"end":{}}],"line":215},"34":{"loc":{"start":{"line":219,"column":12},"end":{"line":223,"column":13}},"type":"if","locations":[{"start":{"line":219,"column":12},"end":{"line":223,"column":13}},{"start":{},"end":{}}],"line":219},"35":{"loc":{"start":{"line":219,"column":16},"end":{"line":220,"column":90}},"type":"binary-expr","locations":[{"start":{"line":219,"column":16},"end":{"line":219,"column":71}},{"start":{"line":220,"column":17},"end":{"line":220,"column":61}},{"start":{"line":220,"column":65},"end":{"line":220,"column":89}}],"line":219},"36":{"loc":{"start":{"line":219,"column":18},"end":{"line":219,"column":70}},"type":"binary-expr","locations":[{"start":{"line":219,"column":18},"end":{"line":219,"column":42}},{"start":{"line":219,"column":46},"end":{"line":219,"column":70}}],"line":219}},"s":{"0":1,"1":1,"2":1,"3":1,"4":1,"5":1,"6":1,"7":4,"8":4,"9":3,"10":3,"11":3,"12":2,"13":1,"14":0,"15":1,"16":1,"17":3,"18":0,"19":0,"20":0,"21":0,"22":0,"23":0,"24":0,"25":0,"26":0,"27":0,"28":0,"29":0,"30":0,"31":0,"32":0,"33":0,"34":0,"35":0,"36":0,"37":0,"38":0,"39":0,"40":0,"41":0,"42":0,"43":0,"44":0,"45":0,"46":0,"47":0,"48":0,"49":0,"50":0,"51":0,"52":0,"53":0,"54":0,"55":0,"56":0,"57":0,"58":0,"59":0,"60":0,"61":0,"62":0,"63":0,"64":0,"65":0,"66":0,"67":0,"68":0,"69":0,"70":0,"71":0,"72":0,"73":0,"74":0,"75":0,"76":0,"77":0,"78":0,"79":0,"80":0,"81":0,"82":0,"83":0,"84":0,"85":0,"86":0,"87":0,"88":0,"89":0,"90":0,"91":0,"92":0,"93":0,"94":0,"95":0,"96":0,"97":0,"98":0,"99":0,"100":0,"101":0,"102":0,"103":0,"104":0,"105":0,"106":0,"107":0,"108":0,"109":0},"f":{"0":4,"1":3,"2":0,"3":0,"4":0,"5":0,"6":0,"7":0,"8":0,"9":0,"10":0},"b":{"0":[2,1],"1":[0,1],"2":[1,0],"3":[0,0],"4":[0,0],"5":[0,0,0],"6":[0,0],"7":[0,0],"8":[0,0],"9":[0,0],"10":[0,0,0],"11":[0,0],"12":[0,0],"13":[0,0],"14":[0,0],"15":[0,0,0,0],"16":[0,0],"17":[0,0],"18":[0,0],"19":[0,0],"20":[0,0],"21":[0,0,0],"22":[0,0],"23":[0,0],"24":[0,0],"25":[0,0],"26":[0,0],"27":[0,0],"28":[0,0],"29":[0,0],"30":[0,0],"31":[0,0],"32":[0,0],"33":[0,0],"34":[0,0],"35":[0,0,0],"36":[0,0]},"_coverageSchema":"1a1c01bbd47fc00a2c39e90264f33305004495a9","hash":"775c7f032835941a7a8618f817f719dce3f10f4e"}
,"C:\\Users\\Affu\\OneDrive\\Documents\\BinarBEJS\\BEJSBinar\\fix\\fixxingg\\Express-Back-End\\models\\auth.js": {"path":"C:\\Users\\Affu\\OneDrive\\Documents\\BinarBEJS\\BEJSBinar\\fix\\fixxingg\\Express-Back-End\\models\\auth.js","statementMap":{"0":{"start":{"line":1,"column":25},"end":{"line":1,"column":50}},"1":{"start":{"line":2,"column":15},"end":{"line":2,"column":32}},"2":{"start":{"line":3,"column":15},"end":{"line":3,"column":32}},"3":{"start":{"line":4,"column":25},"end":{"line":4,"column":50}},"4":{"start":{"line":5,"column":18},"end":{"line":5,"column":47}},"5":{"start":{"line":6,"column":53},"end":{"line":6,"column":77}},"6":{"start":{"line":7,"column":15},"end":{"line":7,"column":33}},"7":{"start":{"line":11,"column":31},"end":{"line":11,"column":62}},"8":{"start":{"line":12,"column":26},"end":{"line":12,"column":42}},"9":{"start":{"line":13,"column":21},"end":{"line":22,"column":10}},"10":{"start":{"line":24,"column":20},"end":{"line":24,"column":43}},"11":{"start":{"line":26,"column":8},"end":{"line":26,"column":32}},"12":{"start":{"line":30,"column":31},"end":{"line":34,"column":19}},"13":{"start":{"line":36,"column":8},"end":{"line":36,"column":30}},"14":{"start":{"line":40,"column":21},"end":{"line":44,"column":10}},"15":{"start":{"line":46,"column":8},"end":{"line":48,"column":9}},"16":{"start":{"line":47,"column":12},"end":{"line":47,"column":122}},"17":{"start":{"line":50,"column":8},"end":{"line":52,"column":9}},"18":{"start":{"line":51,"column":12},"end":{"line":51,"column":157}},"19":{"start":{"line":55,"column":24},"end":{"line":55,"column":55}},"20":{"start":{"line":57,"column":8},"end":{"line":59,"column":9}},"21":{"start":{"line":58,"column":12},"end":{"line":58,"column":132}},"22":{"start":{"line":62,"column":8},"end":{"line":69,"column":11}},"23":{"start":{"line":71,"column":8},"end":{"line":71,"column":20}},"24":{"start":{"line":75,"column":21},"end":{"line":79,"column":10}},"25":{"start":{"line":81,"column":20},"end":{"line":81,"column":48}},"26":{"start":{"line":83,"column":8},"end":{"line":83,"column":19}},"27":{"start":{"line":87,"column":21},"end":{"line":89,"column":10}},"28":{"start":{"line":91,"column":8},"end":{"line":93,"column":9}},"29":{"start":{"line":92,"column":12},"end":{"line":92,"column":95}},"30":{"start":{"line":95,"column":8},"end":{"line":101,"column":10}},"31":{"start":{"line":105,"column":8},"end":{"line":105,"column":35}},"32":{"start":{"line":109,"column":21},"end":{"line":113,"column":10}},"33":{"start":{"line":115,"column":8},"end":{"line":117,"column":9}},"34":{"start":{"line":116,"column":12},"end":{"line":116,"column":110}},"35":{"start":{"line":119,"column":22},"end":{"line":119,"column":60}},"36":{"start":{"line":120,"column":33},"end":{"line":120,"column":88}},"37":{"start":{"line":121,"column":31},"end":{"line":121,"column":68}},"38":{"start":{"line":123,"column":8},"end":{"line":131,"column":10}},"39":{"start":{"line":133,"column":8},"end":{"line":133,"column":21}},"40":{"start":{"line":137,"column":28},"end":{"line":137,"column":83}},"41":{"start":{"line":139,"column":21},"end":{"line":146,"column":10}},"42":{"start":{"line":148,"column":8},"end":{"line":150,"column":9}},"43":{"start":{"line":149,"column":12},"end":{"line":149,"column":155}},"44":{"start":{"line":152,"column":31},"end":{"line":152,"column":65}},"45":{"start":{"line":154,"column":8},"end":{"line":163,"column":11}},"46":{"start":{"line":167,"column":22},"end":{"line":167,"column":46}},"47":{"start":{"line":168,"column":24},"end":{"line":168,"column":52}},"48":{"start":{"line":170,"column":21},"end":{"line":172,"column":10}},"49":{"start":{"line":174,"column":8},"end":{"line":179,"column":9}},"50":{"start":{"line":175,"column":12},"end":{"line":178,"column":14}},"51":{"start":{"line":181,"column":8},"end":{"line":187,"column":10}},"52":{"start":{"line":191,"column":0},"end":{"line":191,"column":22}}},"fnMap":{"0":{"name":"(anonymous_0)","decl":{"start":{"line":10,"column":4},"end":{"line":10,"column":5}},"loc":{"start":{"line":10,"column":70},"end":{"line":27,"column":5}},"line":10},"1":{"name":"(anonymous_1)","decl":{"start":{"line":29,"column":4},"end":{"line":29,"column":5}},"loc":{"start":{"line":29,"column":36},"end":{"line":37,"column":5}},"line":29},"2":{"name":"(anonymous_2)","decl":{"start":{"line":39,"column":4},"end":{"line":39,"column":5}},"loc":{"start":{"line":39,"column":43},"end":{"line":72,"column":5}},"line":39},"3":{"name":"(anonymous_3)","decl":{"start":{"line":74,"column":4},"end":{"line":74,"column":5}},"loc":{"start":{"line":74,"column":38},"end":{"line":84,"column":5}},"line":74},"4":{"name":"(anonymous_4)","decl":{"start":{"line":86,"column":4},"end":{"line":86,"column":5}},"loc":{"start":{"line":86,"column":40},"end":{"line":102,"column":5}},"line":86},"5":{"name":"(anonymous_5)","decl":{"start":{"line":104,"column":4},"end":{"line":104,"column":5}},"loc":{"start":{"line":104,"column":19},"end":{"line":106,"column":5}},"line":104},"6":{"name":"(anonymous_6)","decl":{"start":{"line":108,"column":4},"end":{"line":108,"column":5}},"loc":{"start":{"line":108,"column":44},"end":{"line":134,"column":5}},"line":108},"7":{"name":"(anonymous_7)","decl":{"start":{"line":136,"column":4},"end":{"line":136,"column":5}},"loc":{"start":{"line":136,"column":51},"end":{"line":164,"column":5}},"line":136},"8":{"name":"(anonymous_8)","decl":{"start":{"line":166,"column":4},"end":{"line":166,"column":5}},"loc":{"start":{"line":166,"column":41},"end":{"line":188,"column":5}},"line":166}},"branchMap":{"0":{"loc":{"start":{"line":30,"column":31},"end":{"line":34,"column":19}},"type":"binary-expr","locations":[{"start":{"line":30,"column":31},"end":{"line":34,"column":10}},{"start":{"line":34,"column":14},"end":{"line":34,"column":19}}],"line":30},"1":{"loc":{"start":{"line":46,"column":8},"end":{"line":48,"column":9}},"type":"if","locations":[{"start":{"line":46,"column":8},"end":{"line":48,"column":9}},{"start":{},"end":{}}],"line":46},"2":{"loc":{"start":{"line":50,"column":8},"end":{"line":52,"column":9}},"type":"if","locations":[{"start":{"line":50,"column":8},"end":{"line":52,"column":9}},{"start":{},"end":{}}],"line":50},"3":{"loc":{"start":{"line":50,"column":12},"end":{"line":50,"column":35}},"type":"binary-expr","locations":[{"start":{"line":50,"column":12},"end":{"line":50,"column":16}},{"start":{"line":50,"column":20},"end":{"line":50,"column":35}}],"line":50},"4":{"loc":{"start":{"line":57,"column":8},"end":{"line":59,"column":9}},"type":"if","locations":[{"start":{"line":57,"column":8},"end":{"line":59,"column":9}},{"start":{},"end":{}}],"line":57},"5":{"loc":{"start":{"line":91,"column":8},"end":{"line":93,"column":9}},"type":"if","locations":[{"start":{"line":91,"column":8},"end":{"line":93,"column":9}},{"start":{},"end":{}}],"line":91},"6":{"loc":{"start":{"line":91,"column":12},"end":{"line":91,"column":69}},"type":"binary-expr","locations":[{"start":{"line":91,"column":12},"end":{"line":91,"column":17}},{"start":{"line":91,"column":21},"end":{"line":91,"column":69}}],"line":91},"7":{"loc":{"start":{"line":115,"column":8},"end":{"line":117,"column":9}},"type":"if","locations":[{"start":{"line":115,"column":8},"end":{"line":117,"column":9}},{"start":{},"end":{}}],"line":115},"8":{"loc":{"start":{"line":148,"column":8},"end":{"line":150,"column":9}},"type":"if","locations":[{"start":{"line":148,"column":8},"end":{"line":150,"column":9}},{"start":{},"end":{}}],"line":148},"9":{"loc":{"start":{"line":174,"column":8},"end":{"line":179,"column":9}},"type":"if","locations":[{"start":{"line":174,"column":8},"end":{"line":179,"column":9}},{"start":{},"end":{}}],"line":174}},"s":{"0":1,"1":1,"2":1,"3":1,"4":1,"5":1,"6":1,"7":1,"8":1,"9":1,"10":1,"11":1,"12":6,"13":6,"14":5,"15":5,"16":1,"17":4,"18":1,"19":3,"20":3,"21":2,"22":1,"23":1,"24":1,"25":1,"26":1,"27":4,"28":4,"29":2,"30":2,"31":1,"32":2,"33":2,"34":1,"35":1,"36":1,"37":1,"38":1,"39":1,"40":2,"41":2,"42":2,"43":1,"44":1,"45":1,"46":2,"47":2,"48":1,"49":1,"50":0,"51":1,"52":1},"f":{"0":1,"1":6,"2":5,"3":1,"4":4,"5":1,"6":2,"7":2,"8":2},"b":{"0":[6,3],"1":[1,4],"2":[1,3],"3":[4,4],"4":[2,1],"5":[2,2],"6":[4,2],"7":[1,1],"8":[1,1],"9":[0,1]},"_coverageSchema":"1a1c01bbd47fc00a2c39e90264f33305004495a9","hash":"2895acda9c3aca570c6f03d04182c4dcfeefe53e"}
,"C:\\Users\\Affu\\OneDrive\\Documents\\BinarBEJS\\BEJSBinar\\fix\\fixxingg\\Express-Back-End\\models\\booking.js": {"path":"C:\\Users\\Affu\\OneDrive\\Documents\\BinarBEJS\\BEJSBinar\\fix\\fixxingg\\Express-Back-End\\models\\booking.js","statementMap":{"0":{"start":{"line":1,"column":25},"end":{"line":1,"column":50}},"1":{"start":{"line":2,"column":20},"end":{"line":2,"column":51}},"2":{"start":{"line":3,"column":17},"end":{"line":3,"column":38}},"3":{"start":{"line":4,"column":18},"end":{"line":4,"column":40}},"4":{"start":{"line":5,"column":16},"end":{"line":5,"column":36}},"5":{"start":{"line":6,"column":16},"end":{"line":6,"column":36}},"6":{"start":{"line":7,"column":27},"end":{"line":7,"column":44}},"7":{"start":{"line":8,"column":25},"end":{"line":8,"column":50}},"8":{"start":{"line":9,"column":15},"end":{"line":9,"column":33}},"9":{"start":{"line":13,"column":24},"end":{"line":17,"column":10}},"10":{"start":{"line":19,"column":26},"end":{"line":23,"column":10}},"11":{"start":{"line":25,"column":26},"end":{"line":25,"column":105}},"12":{"start":{"line":25,"column":66},"end":{"line":25,"column":103}},"13":{"start":{"line":26,"column":26},"end":{"line":26,"column":60}},"14":{"start":{"line":27,"column":24},"end":{"line":27,"column":56}},"15":{"start":{"line":28,"column":24},"end":{"line":28,"column":63}},"16":{"start":{"line":30,"column":8},"end":{"line":43,"column":10}},"17":{"start":{"line":47,"column":22},"end":{"line":47,"column":60}},"18":{"start":{"line":48,"column":25},"end":{"line":53,"column":10}},"19":{"start":{"line":56,"column":24},"end":{"line":89,"column":9}},"20":{"start":{"line":59,"column":34},"end":{"line":63,"column":18}},"21":{"start":{"line":66,"column":34},"end":{"line":66,"column":113}},"22":{"start":{"line":66,"column":74},"end":{"line":66,"column":111}},"23":{"start":{"line":69,"column":34},"end":{"line":69,"column":68}},"24":{"start":{"line":70,"column":32},"end":{"line":70,"column":64}},"25":{"start":{"line":71,"column":32},"end":{"line":71,"column":71}},"26":{"start":{"line":74,"column":16},"end":{"line":87,"column":18}},"27":{"start":{"line":91,"column":8},"end":{"line":91,"column":23}},"28":{"start":{"line":99,"column":12},"end":{"line":99,"column":16}},"29":{"start":{"line":101,"column":28},"end":{"line":101,"column":114}},"30":{"start":{"line":102,"column":21},"end":{"line":102,"column":41}},"31":{"start":{"line":103,"column":28},"end":{"line":103,"column":49}},"32":{"start":{"line":104,"column":23},"end":{"line":104,"column":31}},"33":{"start":{"line":107,"column":28},"end":{"line":115,"column":10}},"34":{"start":{"line":118,"column":8},"end":{"line":124,"column":11}},"35":{"start":{"line":126,"column":8},"end":{"line":134,"column":9}},"36":{"start":{"line":127,"column":12},"end":{"line":133,"column":15}},"37":{"start":{"line":136,"column":33},"end":{"line":140,"column":10}},"38":{"start":{"line":142,"column":32},"end":{"line":146,"column":17}},"39":{"start":{"line":148,"column":25},"end":{"line":150,"column":70}},"40":{"start":{"line":151,"column":26},"end":{"line":151,"column":52}},"41":{"start":{"line":152,"column":28},"end":{"line":152,"column":48}},"42":{"start":{"line":155,"column":24},"end":{"line":155,"column":191}},"43":{"start":{"line":156,"column":30},"end":{"line":156,"column":250}},"44":{"start":{"line":158,"column":8},"end":{"line":169,"column":9}},"45":{"start":{"line":160,"column":12},"end":{"line":160,"column":105}},"46":{"start":{"line":161,"column":15},"end":{"line":169,"column":9}},"47":{"start":{"line":163,"column":12},"end":{"line":163,"column":105}},"48":{"start":{"line":166,"column":36},"end":{"line":166,"column":62}},"49":{"start":{"line":167,"column":12},"end":{"line":167,"column":57}},"50":{"start":{"line":168,"column":12},"end":{"line":168,"column":49}},"51":{"start":{"line":172,"column":8},"end":{"line":180,"column":11}},"52":{"start":{"line":182,"column":33},"end":{"line":204,"column":11}},"53":{"start":{"line":183,"column":25},"end":{"line":190,"column":14}},"54":{"start":{"line":192,"column":31},"end":{"line":197,"column":14}},"55":{"start":{"line":199,"column":12},"end":{"line":203,"column":13}},"56":{"start":{"line":206,"column":32},"end":{"line":219,"column":10}},"57":{"start":{"line":221,"column":8},"end":{"line":223,"column":9}},"58":{"start":{"line":222,"column":12},"end":{"line":222,"column":123}},"59":{"start":{"line":226,"column":8},"end":{"line":243,"column":11}},"60":{"start":{"line":227,"column":12},"end":{"line":242,"column":15}},"61":{"start":{"line":230,"column":87},"end":{"line":230,"column":106}},"62":{"start":{"line":245,"column":32},"end":{"line":265,"column":18}},"63":{"start":{"line":246,"column":25},"end":{"line":251,"column":14}},"64":{"start":{"line":253,"column":31},"end":{"line":258,"column":14}},"65":{"start":{"line":260,"column":12},"end":{"line":264,"column":13}},"66":{"start":{"line":267,"column":8},"end":{"line":297,"column":9}},"67":{"start":{"line":268,"column":12},"end":{"line":285,"column":15}},"68":{"start":{"line":269,"column":16},"end":{"line":284,"column":19}},"69":{"start":{"line":272,"column":66},"end":{"line":272,"column":85}},"70":{"start":{"line":287,"column":12},"end":{"line":296,"column":15}},"71":{"start":{"line":299,"column":8},"end":{"line":303,"column":10}},"72":{"start":{"line":313,"column":12},"end":{"line":313,"column":16}},"73":{"start":{"line":315,"column":24},"end":{"line":322,"column":10}},"74":{"start":{"line":324,"column":24},"end":{"line":334,"column":10}},"75":{"start":{"line":336,"column":8},"end":{"line":345,"column":9}},"76":{"start":{"line":337,"column":12},"end":{"line":344,"column":15}},"77":{"start":{"line":347,"column":8},"end":{"line":351,"column":10}},"78":{"start":{"line":355,"column":0},"end":{"line":355,"column":25}}},"fnMap":{"0":{"name":"(anonymous_0)","decl":{"start":{"line":12,"column":4},"end":{"line":12,"column":5}},"loc":{"start":{"line":12,"column":27},"end":{"line":44,"column":5}},"line":12},"1":{"name":"(anonymous_1)","decl":{"start":{"line":25,"column":58},"end":{"line":25,"column":59}},"loc":{"start":{"line":25,"column":66},"end":{"line":25,"column":103}},"line":25},"2":{"name":"(anonymous_2)","decl":{"start":{"line":46,"column":4},"end":{"line":46,"column":5}},"loc":{"start":{"line":46,"column":35},"end":{"line":92,"column":5}},"line":46},"3":{"name":"(anonymous_3)","decl":{"start":{"line":57,"column":25},"end":{"line":57,"column":26}},"loc":{"start":{"line":57,"column":44},"end":{"line":88,"column":13}},"line":57},"4":{"name":"(anonymous_4)","decl":{"start":{"line":66,"column":66},"end":{"line":66,"column":67}},"loc":{"start":{"line":66,"column":74},"end":{"line":66,"column":111}},"line":66},"5":{"name":"(anonymous_5)","decl":{"start":{"line":94,"column":4},"end":{"line":94,"column":5}},"loc":{"start":{"line":94,"column":38},"end":{"line":304,"column":5}},"line":94},"6":{"name":"(anonymous_6)","decl":{"start":{"line":182,"column":69},"end":{"line":182,"column":70}},"loc":{"start":{"line":182,"column":82},"end":{"line":204,"column":9}},"line":182},"7":{"name":"(anonymous_7)","decl":{"start":{"line":226,"column":27},"end":{"line":226,"column":28}},"loc":{"start":{"line":226,"column":40},"end":{"line":243,"column":9}},"line":226},"8":{"name":"(anonymous_8)","decl":{"start":{"line":230,"column":80},"end":{"line":230,"column":81}},"loc":{"start":{"line":230,"column":87},"end":{"line":230,"column":106}},"line":230},"9":{"name":"(anonymous_9)","decl":{"start":{"line":245,"column":98},"end":{"line":245,"column":99}},"loc":{"start":{"line":245,"column":111},"end":{"line":265,"column":9}},"line":245},"10":{"name":"(anonymous_10)","decl":{"start":{"line":268,"column":31},"end":{"line":268,"column":32}},"loc":{"start":{"line":268,"column":44},"end":{"line":285,"column":13}},"line":268},"11":{"name":"(anonymous_11)","decl":{"start":{"line":272,"column":59},"end":{"line":272,"column":60}},"loc":{"start":{"line":272,"column":66},"end":{"line":272,"column":85}},"line":272},"12":{"name":"(anonymous_12)","decl":{"start":{"line":306,"column":4},"end":{"line":306,"column":5}},"loc":{"start":{"line":306,"column":42},"end":{"line":352,"column":5}},"line":306}},"branchMap":{"0":{"loc":{"start":{"line":38,"column":25},"end":{"line":38,"column":69}},"type":"cond-expr","locations":[{"start":{"line":38,"column":50},"end":{"line":38,"column":62}},{"start":{"line":38,"column":65},"end":{"line":38,"column":69}}],"line":38},"1":{"loc":{"start":{"line":82,"column":33},"end":{"line":82,"column":77}},"type":"cond-expr","locations":[{"start":{"line":82,"column":58},"end":{"line":82,"column":70}},{"start":{"line":82,"column":73},"end":{"line":82,"column":77}}],"line":82},"2":{"loc":{"start":{"line":126,"column":8},"end":{"line":134,"column":9}},"type":"if","locations":[{"start":{"line":126,"column":8},"end":{"line":134,"column":9}},{"start":{},"end":{}}],"line":126},"3":{"loc":{"start":{"line":142,"column":32},"end":{"line":146,"column":17}},"type":"cond-expr","locations":[{"start":{"line":142,"column":63},"end":{"line":146,"column":10}},{"start":{"line":146,"column":13},"end":{"line":146,"column":17}}],"line":142},"4":{"loc":{"start":{"line":148,"column":25},"end":{"line":150,"column":70}},"type":"cond-expr","locations":[{"start":{"line":149,"column":13},"end":{"line":149,"column":101}},{"start":{"line":150,"column":13},"end":{"line":150,"column":69}}],"line":148},"5":{"loc":{"start":{"line":156,"column":30},"end":{"line":156,"column":250}},"type":"binary-expr","locations":[{"start":{"line":156,"column":30},"end":{"line":156,"column":79}},{"start":{"line":156,"column":84},"end":{"line":156,"column":135}},{"start":{"line":156,"column":139},"end":{"line":156,"column":192}},{"start":{"line":156,"column":196},"end":{"line":156,"column":249}}],"line":156},"6":{"loc":{"start":{"line":158,"column":8},"end":{"line":169,"column":9}},"type":"if","locations":[{"start":{"line":158,"column":8},"end":{"line":169,"column":9}},{"start":{"line":161,"column":15},"end":{"line":169,"column":9}}],"line":158},"7":{"loc":{"start":{"line":161,"column":15},"end":{"line":169,"column":9}},"type":"if","locations":[{"start":{"line":161,"column":15},"end":{"line":169,"column":9}},{"start":{"line":164,"column":15},"end":{"line":169,"column":9}}],"line":161},"8":{"loc":{"start":{"line":161,"column":19},"end":{"line":161,"column":49}},"type":"binary-expr","locations":[{"start":{"line":161,"column":19},"end":{"line":161,"column":32}},{"start":{"line":161,"column":36},"end":{"line":161,"column":49}}],"line":161},"9":{"loc":{"start":{"line":221,"column":8},"end":{"line":223,"column":9}},"type":"if","locations":[{"start":{"line":221,"column":8},"end":{"line":223,"column":9}},{"start":{},"end":{}}],"line":221},"10":{"loc":{"start":{"line":230,"column":34},"end":{"line":230,"column":127}},"type":"cond-expr","locations":[{"start":{"line":230,"column":58},"end":{"line":230,"column":120}},{"start":{"line":230,"column":123},"end":{"line":230,"column":127}}],"line":230},"11":{"loc":{"start":{"line":231,"column":27},"end":{"line":231,"column":42}},"type":"binary-expr","locations":[{"start":{"line":231,"column":27},"end":{"line":231,"column":34}},{"start":{"line":231,"column":38},"end":{"line":231,"column":42}}],"line":231},"12":{"loc":{"start":{"line":233,"column":27},"end":{"line":233,"column":42}},"type":"binary-expr","locations":[{"start":{"line":233,"column":27},"end":{"line":233,"column":34}},{"start":{"line":233,"column":38},"end":{"line":233,"column":42}}],"line":233},"13":{"loc":{"start":{"line":234,"column":30},"end":{"line":234,"column":48}},"type":"binary-expr","locations":[{"start":{"line":234,"column":30},"end":{"line":234,"column":40}},{"start":{"line":234,"column":44},"end":{"line":234,"column":48}}],"line":234},"14":{"loc":{"start":{"line":235,"column":32},"end":{"line":235,"column":52}},"type":"binary-expr","locations":[{"start":{"line":235,"column":32},"end":{"line":235,"column":44}},{"start":{"line":235,"column":48},"end":{"line":235,"column":52}}],"line":235},"15":{"loc":{"start":{"line":236,"column":31},"end":{"line":236,"column":83}},"type":"cond-expr","locations":[{"start":{"line":236,"column":55},"end":{"line":236,"column":76}},{"start":{"line":236,"column":79},"end":{"line":236,"column":83}}],"line":236},"16":{"loc":{"start":{"line":237,"column":33},"end":{"line":237,"column":54}},"type":"binary-expr","locations":[{"start":{"line":237,"column":33},"end":{"line":237,"column":46}},{"start":{"line":237,"column":50},"end":{"line":237,"column":54}}],"line":237},"17":{"loc":{"start":{"line":238,"column":36},"end":{"line":238,"column":60}},"type":"binary-expr","locations":[{"start":{"line":238,"column":36},"end":{"line":238,"column":52}},{"start":{"line":238,"column":56},"end":{"line":238,"column":60}}],"line":238},"18":{"loc":{"start":{"line":239,"column":36},"end":{"line":239,"column":60}},"type":"binary-expr","locations":[{"start":{"line":239,"column":36},"end":{"line":239,"column":52}},{"start":{"line":239,"column":56},"end":{"line":239,"column":60}}],"line":239},"19":{"loc":{"start":{"line":240,"column":32},"end":{"line":240,"column":85}},"type":"cond-expr","locations":[{"start":{"line":240,"column":56},"end":{"line":240,"column":78}},{"start":{"line":240,"column":81},"end":{"line":240,"column":85}}],"line":240},"20":{"loc":{"start":{"line":245,"column":32},"end":{"line":265,"column":18}},"type":"cond-expr","locations":[{"start":{"line":245,"column":63},"end":{"line":265,"column":11}},{"start":{"line":265,"column":14},"end":{"line":265,"column":18}}],"line":245},"21":{"loc":{"start":{"line":267,"column":8},"end":{"line":297,"column":9}},"type":"if","locations":[{"start":{"line":267,"column":8},"end":{"line":297,"column":9}},{"start":{},"end":{}}],"line":267},"22":{"loc":{"start":{"line":330,"column":28},"end":{"line":330,"column":46}},"type":"binary-expr","locations":[{"start":{"line":330,"column":28},"end":{"line":330,"column":38}},{"start":{"line":330,"column":42},"end":{"line":330,"column":46}}],"line":330},"23":{"loc":{"start":{"line":331,"column":21},"end":{"line":331,"column":32}},"type":"binary-expr","locations":[{"start":{"line":331,"column":21},"end":{"line":331,"column":24}},{"start":{"line":331,"column":28},"end":{"line":331,"column":32}}],"line":331},"24":{"loc":{"start":{"line":332,"column":28},"end":{"line":332,"column":46}},"type":"binary-expr","locations":[{"start":{"line":332,"column":28},"end":{"line":332,"column":38}},{"start":{"line":332,"column":42},"end":{"line":332,"column":46}}],"line":332},"25":{"loc":{"start":{"line":336,"column":8},"end":{"line":345,"column":9}},"type":"if","locations":[{"start":{"line":336,"column":8},"end":{"line":345,"column":9}},{"start":{},"end":{}}],"line":336}},"s":{"0":1,"1":1,"2":1,"3":1,"4":1,"5":1,"6":1,"7":1,"8":1,"9":0,"10":0,"11":0,"12":0,"13":0,"14":0,"15":0,"16":0,"17":0,"18":0,"19":0,"20":0,"21":0,"22":0,"23":0,"24":0,"25":0,"26":0,"27":0,"28":0,"29":0,"30":0,"31":0,"32":0,"33":0,"34":0,"35":0,"36":0,"37":0,"38":0,"39":0,"40":0,"41":0,"42":0,"43":0,"44":0,"45":0,"46":0,"47":0,"48":0,"49":0,"50":0,"51":0,"52":0,"53":0,"54":0,"55":0,"56":0,"57":0,"58":0,"59":0,"60":0,"61":0,"62":0,"63":0,"64":0,"65":0,"66":0,"67":0,"68":0,"69":0,"70":0,"71":0,"72":0,"73":0,"74":0,"75":0,"76":0,"77":0,"78":1},"f":{"0":0,"1":0,"2":0,"3":0,"4":0,"5":0,"6":0,"7":0,"8":0,"9":0,"10":0,"11":0,"12":0},"b":{"0":[0,0],"1":[0,0],"2":[0,0],"3":[0,0],"4":[0,0],"5":[0,0,0,0],"6":[0,0],"7":[0,0],"8":[0,0],"9":[0,0],"10":[0,0],"11":[0,0],"12":[0,0],"13":[0,0],"14":[0,0],"15":[0,0],"16":[0,0],"17":[0,0],"18":[0,0],"19":[0,0],"20":[0,0],"21":[0,0],"22":[0,0],"23":[0,0],"24":[0,0],"25":[0,0]},"_coverageSchema":"1a1c01bbd47fc00a2c39e90264f33305004495a9","hash":"226656a25e6e64f1f314cb3802c79c6ee5424871"}
,"C:\\Users\\Affu\\OneDrive\\Documents\\BinarBEJS\\BEJSBinar\\fix\\fixxingg\\Express-Back-End\\models\\homepage.js": {"path":"C:\\Users\\Affu\\OneDrive\\Documents\\BinarBEJS\\BEJSBinar\\fix\\fixxingg\\Express-Back-End\\models\\homepage.js","statementMap":{"0":{"start":{"line":1,"column":25},"end":{"line":1,"column":50}},"1":{"start":{"line":2,"column":25},"end":{"line":2,"column":50}},"2":{"start":{"line":3,"column":15},"end":{"line":3,"column":33}},"3":{"start":{"line":10,"column":12},"end":{"line":10,"column":17}},"4":{"start":{"line":12,"column":22},"end":{"line":12,"column":23}},"5":{"start":{"line":13,"column":28},"end":{"line":13,"column":42}},"6":{"start":{"line":14,"column":23},"end":{"line":14,"column":48}},"7":{"start":{"line":16,"column":24},"end":{"line":22,"column":14}},"8":{"start":{"line":24,"column":24},"end":{"line":56,"column":10}},"9":{"start":{"line":58,"column":8},"end":{"line":58,"column":112}},"10":{"start":{"line":58,"column":31},"end":{"line":58,"column":110}},"11":{"start":{"line":60,"column":22},"end":{"line":73,"column":10}},"12":{"start":{"line":61,"column":35},"end":{"line":61,"column":128}},"13":{"start":{"line":61,"column":66},"end":{"line":61,"column":127}},"14":{"start":{"line":62,"column":29},"end":{"line":62,"column":117}},"15":{"start":{"line":62,"column":71},"end":{"line":62,"column":106}},"16":{"start":{"line":64,"column":12},"end":{"line":72,"column":14}},"17":{"start":{"line":75,"column":22},"end":{"line":82,"column":10}},"18":{"start":{"line":84,"column":26},"end":{"line":84,"column":50}},"19":{"start":{"line":86,"column":8},"end":{"line":88,"column":9}},"20":{"start":{"line":87,"column":12},"end":{"line":87,"column":106}},"21":{"start":{"line":90,"column":8},"end":{"line":102,"column":10}},"22":{"start":{"line":105,"column":23},"end":{"line":109,"column":10}},"23":{"start":{"line":111,"column":8},"end":{"line":111,"column":22}},"24":{"start":{"line":115,"column":0},"end":{"line":115,"column":26}}},"fnMap":{"0":{"name":"(anonymous_0)","decl":{"start":{"line":6,"column":4},"end":{"line":6,"column":5}},"loc":{"start":{"line":6,"column":33},"end":{"line":103,"column":5}},"line":6},"1":{"name":"(anonymous_1)","decl":{"start":{"line":58,"column":21},"end":{"line":58,"column":22}},"loc":{"start":{"line":58,"column":31},"end":{"line":58,"column":110}},"line":58},"2":{"name":"(anonymous_2)","decl":{"start":{"line":60,"column":34},"end":{"line":60,"column":35}},"loc":{"start":{"line":60,"column":46},"end":{"line":73,"column":9}},"line":60},"3":{"name":"(anonymous_3)","decl":{"start":{"line":61,"column":56},"end":{"line":61,"column":57}},"loc":{"start":{"line":61,"column":66},"end":{"line":61,"column":127}},"line":61},"4":{"name":"(anonymous_4)","decl":{"start":{"line":62,"column":52},"end":{"line":62,"column":53}},"loc":{"start":{"line":62,"column":71},"end":{"line":62,"column":106}},"line":62},"5":{"name":"(anonymous_5)","decl":{"start":{"line":104,"column":4},"end":{"line":104,"column":5}},"loc":{"start":{"line":104,"column":29},"end":{"line":112,"column":7}},"line":104}},"branchMap":{"0":{"loc":{"start":{"line":8,"column":12},"end":{"line":8,"column":20}},"type":"default-arg","locations":[{"start":{"line":8,"column":19},"end":{"line":8,"column":20}}],"line":8},"1":{"loc":{"start":{"line":9,"column":12},"end":{"line":9,"column":29}},"type":"default-arg","locations":[{"start":{"line":9,"column":24},"end":{"line":9,"column":29}}],"line":9},"2":{"loc":{"start":{"line":16,"column":24},"end":{"line":22,"column":14}},"type":"cond-expr","locations":[{"start":{"line":16,"column":46},"end":{"line":22,"column":9}},{"start":{"line":22,"column":12},"end":{"line":22,"column":14}}],"line":16},"3":{"loc":{"start":{"line":71,"column":26},"end":{"line":71,"column":42}},"type":"binary-expr","locations":[{"start":{"line":71,"column":26},"end":{"line":71,"column":34}},{"start":{"line":71,"column":38},"end":{"line":71,"column":42}}],"line":71},"4":{"loc":{"start":{"line":86,"column":8},"end":{"line":88,"column":9}},"type":"if","locations":[{"start":{"line":86,"column":8},"end":{"line":88,"column":9}},{"start":{},"end":{}}],"line":86},"5":{"loc":{"start":{"line":86,"column":12},"end":{"line":86,"column":47}},"type":"binary-expr","locations":[{"start":{"line":86,"column":12},"end":{"line":86,"column":27}},{"start":{"line":86,"column":31},"end":{"line":86,"column":47}}],"line":86}},"s":{"0":1,"1":1,"2":1,"3":0,"4":0,"5":0,"6":0,"7":0,"8":0,"9":0,"10":0,"11":0,"12":0,"13":0,"14":0,"15":0,"16":0,"17":0,"18":0,"19":0,"20":0,"21":0,"22":0,"23":0,"24":1},"f":{"0":0,"1":0,"2":0,"3":0,"4":0,"5":0},"b":{"0":[0],"1":[0],"2":[0,0],"3":[0,0],"4":[0,0],"5":[0,0]},"_coverageSchema":"1a1c01bbd47fc00a2c39e90264f33305004495a9","hash":"f28213757f14e39161ccf15e2dfb400bdbc81f4c"}
,"C:\\Users\\Affu\\OneDrive\\Documents\\BinarBEJS\\BEJSBinar\\fix\\fixxingg\\Express-Back-End\\models\\invoice.js": {"path":"C:\\Users\\Affu\\OneDrive\\Documents\\BinarBEJS\\BEJSBinar\\fix\\fixxingg\\Express-Back-End\\models\\invoice.js","statementMap":{"0":{"start":{"line":1,"column":25},"end":{"line":1,"column":50}},"1":{"start":{"line":2,"column":15},"end":{"line":2,"column":33}},"2":{"start":{"line":6,"column":24},"end":{"line":10,"column":10}},"3":{"start":{"line":12,"column":8},"end":{"line":18,"column":10}},"4":{"start":{"line":22,"column":0},"end":{"line":22,"column":25}}},"fnMap":{"0":{"name":"(anonymous_0)","decl":{"start":{"line":5,"column":4},"end":{"line":5,"column":5}},"loc":{"start":{"line":5,"column":34},"end":{"line":19,"column":5}},"line":5}},"branchMap":{},"s":{"0":1,"1":1,"2":0,"3":0,"4":1},"f":{"0":0},"b":{},"_coverageSchema":"1a1c01bbd47fc00a2c39e90264f33305004495a9","hash":"b2a16c9d1e4272134d440a43a85437b3c9c183cd"}
,"C:\\Users\\Affu\\OneDrive\\Documents\\BinarBEJS\\BEJSBinar\\fix\\fixxingg\\Express-Back-End\\models\\notification.js": {"path":"C:\\Users\\Affu\\OneDrive\\Documents\\BinarBEJS\\BEJSBinar\\fix\\fixxingg\\Express-Back-End\\models\\notification.js","statementMap":{"0":{"start":{"line":1,"column":25},"end":{"line":1,"column":50}},"1":{"start":{"line":2,"column":15},"end":{"line":2,"column":33}},"2":{"start":{"line":6,"column":27},"end":{"line":6,"column":32}},"3":{"start":{"line":7,"column":39},"end":{"line":21,"column":10}},"4":{"start":{"line":23,"column":8},"end":{"line":28,"column":9}},"5":{"start":{"line":32,"column":23},"end":{"line":32,"column":29}},"6":{"start":{"line":33,"column":29},"end":{"line":35,"column":10}},"7":{"start":{"line":37,"column":8},"end":{"line":37,"column":28}},"8":{"start":{"line":41,"column":23},"end":{"line":41,"column":29}},"9":{"start":{"line":42,"column":31},"end":{"line":42,"column":35}},"10":{"start":{"line":44,"column":8},"end":{"line":49,"column":11}},"11":{"start":{"line":57,"column":12},"end":{"line":57,"column":16}},"12":{"start":{"line":59,"column":8},"end":{"line":70,"column":11}},"13":{"start":{"line":74,"column":0},"end":{"line":74,"column":30}}},"fnMap":{"0":{"name":"(anonymous_0)","decl":{"start":{"line":5,"column":4},"end":{"line":5,"column":5}},"loc":{"start":{"line":5,"column":43},"end":{"line":29,"column":5}},"line":5},"1":{"name":"(anonymous_1)","decl":{"start":{"line":31,"column":4},"end":{"line":31,"column":5}},"loc":{"start":{"line":31,"column":44},"end":{"line":38,"column":5}},"line":31},"2":{"name":"(anonymous_2)","decl":{"start":{"line":40,"column":4},"end":{"line":40,"column":5}},"loc":{"start":{"line":40,"column":46},"end":{"line":50,"column":5}},"line":40},"3":{"name":"(anonymous_3)","decl":{"start":{"line":52,"column":4},"end":{"line":52,"column":5}},"loc":{"start":{"line":52,"column":54},"end":{"line":71,"column":5}},"line":52}},"branchMap":{"0":{"loc":{"start":{"line":10,"column":28},"end":{"line":10,"column":65}},"type":"cond-expr","locations":[{"start":{"line":10,"column":37},"end":{"line":10,"column":53}},{"start":{"line":10,"column":56},"end":{"line":10,"column":65}}],"line":10},"1":{"loc":{"start":{"line":18,"column":28},"end":{"line":18,"column":65}},"type":"cond-expr","locations":[{"start":{"line":18,"column":37},"end":{"line":18,"column":53}},{"start":{"line":18,"column":56},"end":{"line":18,"column":65}}],"line":18},"2":{"loc":{"start":{"line":66,"column":27},"end":{"line":66,"column":65}},"type":"cond-expr","locations":[{"start":{"line":66,"column":39},"end":{"line":66,"column":58}},{"start":{"line":66,"column":61},"end":{"line":66,"column":65}}],"line":66},"3":{"loc":{"start":{"line":67,"column":28},"end":{"line":67,"column":68}},"type":"cond-expr","locations":[{"start":{"line":67,"column":41},"end":{"line":67,"column":61}},{"start":{"line":67,"column":64},"end":{"line":67,"column":68}}],"line":67},"4":{"loc":{"start":{"line":68,"column":27},"end":{"line":68,"column":65}},"type":"cond-expr","locations":[{"start":{"line":68,"column":39},"end":{"line":68,"column":58}},{"start":{"line":68,"column":61},"end":{"line":68,"column":65}}],"line":68}},"s":{"0":1,"1":1,"2":0,"3":0,"4":0,"5":0,"6":0,"7":0,"8":0,"9":0,"10":0,"11":0,"12":0,"13":1},"f":{"0":0,"1":0,"2":0,"3":0},"b":{"0":[0,0],"1":[0,0],"2":[0,0],"3":[0,0],"4":[0,0]},"_coverageSchema":"1a1c01bbd47fc00a2c39e90264f33305004495a9","hash":"9d57f8eea31ea3b8f2bd6528335ad2bdf658d930"}
[...]
"name":"(anonymous_3)","decl":{"start":{"line":84,"column":17},"end":{"line":84,"column":18}},"loc":{"start":{"line":84,"column":27},"end":{"line":103,"column":3}},"line":84},"4":{"name":"(anonymous_4)","decl":{"start":{"line":104,"column":17},"end":{"line":104,"column":18}},"loc":{"start":{"line":104,"column":27},"end":{"line":115,"column":3}},"line":104},"5":{"name":"(anonymous_5)","decl":{"start":{"line":116,"column":25},"end":{"line":116,"column":26}},"loc":{"start":{"line":116,"column":35},"end":{"line":134,"column":3}},"line":116},"6":{"name":"(anonymous_6)","decl":{"start":{"line":135,"column":10},"end":{"line":135,"column":11}},"loc":{"start":{"line":135,"column":26},"end":{"line":191,"column":3}},"line":135},"7":{"name":"(anonymous_7)","decl":{"start":{"line":192,"column":14},"end":{"line":192,"column":15}},"loc":{"start":{"line":192,"column":30},"end":{"line":210,"column":3}},"line":192},"8":{"name":"(anonymous_8)","decl":{"start":{"line":211,"column":9},"end":{"line":211,"column":10}},"loc":{"start":{"line":211,"column":33},"end":{"line":269,"column":3}},"line":211},"9":{"name":"(anonymous_9)","decl":{"start":{"line":270,"column":11},"end":{"line":270,"column":12}},"loc":{"start":{"line":270,"column":34},"end":{"line":277,"column":3}},"line":270}},"branchMap":{"0":{"loc":{"start":{"line":8,"column":4},"end":{"line":10,"column":5}},"type":"if","locations":[{"start":{"line":8,"column":4},"end":{"line":10,"column":5}},{"start":{},"end":{}}],"line":8},"1":{"loc":{"start":{"line":8,"column":8},"end":{"line":8,"column":56}},"type":"binary-expr","locations":[{"start":{"line":8,"column":8},"end":{"line":8,"column":17}},{"start":{"line":8,"column":21},"end":{"line":8,"column":27}},{"start":{"line":8,"column":31},"end":{"line":8,"column":40}},{"start":{"line":8,"column":44},"end":{"line":8,"column":56}}],"line":8},"2":{"loc":{"start":{"line":12,"column":4},"end":{"line":14,"column":5}},"type":"if","locations":[{"start":{"line":12,"column":4},"end":{"line":14,"column":5}},{"start":{},"end":{}}],"line":12},"3":{"loc":{"start":{"line":12,"column":8},"end":{"line":12,"column":132}},"type":"binary-expr","locations":[{"start":{"line":12,"column":8},"end":{"line":12,"column":36}},{"start":{"line":12,"column":40},"end":{"line":12,"column":65}},{"start":{"line":12,"column":69},"end":{"line":12,"column":97}},{"start":{"line":12,"column":101},"end":{"line":12,"column":132}}],"line":12},"4":{"loc":{"start":{"line":16,"column":4},"end":{"line":18,"column":5}},"type":"if","locations":[{"start":{"line":16,"column":4},"end":{"line":18,"column":5}},{"start":{},"end":{}}],"line":16},"5":{"loc":{"start":{"line":20,"column":4},"end":{"line":22,"column":5}},"type":"if","locations":[{"start":{"line":20,"column":4},"end":{"line":22,"column":5}},{"start":{},"end":{}}],"line":20},"6":{"loc":{"start":{"line":20,"column":8},"end":{"line":20,"column":92}},"type":"binary-expr","locations":[{"start":{"line":20,"column":8},"end":{"line":20,"column":38}},{"start":{"line":20,"column":42},"end":{"line":20,"column":65}},{"start":{"line":20,"column":69},"end":{"line":20,"column":92}}],"line":20},"7":{"loc":{"start":{"line":30,"column":4},"end":{"line":32,"column":5}},"type":"if","locations":[{"start":{"line":30,"column":4},"end":{"line":32,"column":5}},{"start":{},"end":{}}],"line":30},"8":{"loc":{"start":{"line":36,"column":4},"end":{"line":38,"column":5}},"type":"if","locations":[{"start":{"line":36,"column":4},"end":{"line":38,"column":5}},{"start":{},"end":{}}],"line":36},"9":{"loc":{"start":{"line":40,"column":4},"end":{"line":42,"column":5}},"type":"if","locations":[{"start":{"line":40,"column":4},"end":{"line":42,"column":5}},{"start":{},"end":{}}],"line":40},"10":{"loc":{"start":{"line":40,"column":8},"end":{"line":40,"column":51}},"type":"binary-expr","locations":[{"start":{"line":40,"column":8},"end":{"line":40,"column":27}},{"start":{"line":40,"column":31},"end":{"line":40,"column":51}}],"line":40},"11":{"loc":{"start":{"line":45,"column":4},"end":{"line":47,"column":5}},"type":"if","locations":[{"start":{"line":45,"column":4},"end":{"line":47,"column":5}},{"start":{},"end":{}}],"line":45},"12":{"loc":{"start":{"line":45,"column":8},"end":{"line":45,"column":22}},"type":"binary-expr","locations":[{"start":{"line":45,"column":8},"end":{"line":45,"column":14}},{"start":{"line":45,"column":18},"end":{"line":45,"column":22}}],"line":45},"13":{"loc":{"start":{"line":49,"column":4},"end":{"line":51,"column":5}},"type":"if","locations":[{"start":{"line":49,"column":4},"end":{"line":51,"column":5}},{"start":{},"end":{}}],"line":49},"14":{"loc":{"start":{"line":53,"column":4},"end":{"line":55,"column":5}},"type":"if","locations":[{"start":{"line":53,"column":4},"end":{"line":55,"column":5}},{"start":{},"end":{}}],"line":53},"15":{"loc":{"start":{"line":57,"column":4},"end":{"line":59,"column":5}},"type":"if","locations":[{"start":{"line":57,"column":4},"end":{"line":59,"column":5}},{"start":{},"end":{}}],"line":57},"16":{"loc":{"start":{"line":61,"column":4},"end":{"line":63,"column":5}},"type":"if","locations":[{"start":{"line":61,"column":4},"end":{"line":63,"column":5}},{"start":{},"end":{}}],"line":61},"17":{"loc":{"start":{"line":66,"column":4},"end":{"line":68,"column":5}},"type":"if","locations":[{"start":{"line":66,"column":4},"end":{"line":68,"column":5}},{"start":{},"end":{}}],"line":66},"18":{"loc":{"start":{"line":70,"column":4},"end":{"line":72,"column":5}},"type":"if","locations":[{"start":{"line":70,"column":4},"end":{"line":72,"column":5}},{"start":{},"end":{}}],"line":70},"19":{"loc":{"start":{"line":76,"column":4},"end":{"line":78,"column":5}},"type":"if","locations":[{"start":{"line":76,"column":4},"end":{"line":78,"column":5}},{"start":{},"end":{}}],"line":76},"20":{"loc":{"start":{"line":76,"column":8},"end":{"line":76,"column":51}},"type":"binary-expr","locations":[{"start":{"line":76,"column":8},"end":{"line":76,"column":22}},{"start":{"line":76,"column":26},"end":{"line":76,"column":51}}],"line":76},"21":{"loc":{"start":{"line":80,"column":4},"end":{"line":82,"column":5}},"type":"if","locations":[{"start":{"line":80,"column":4},"end":{"line":82,"column":5}},{"start":{},"end":{}}],"line":80},"22":{"loc":{"start":{"line":87,"column":6},"end":{"line":89,"column":7}},"type":"if","locations":[{"start":{"line":87,"column":6},"end":{"line":89,"column":7}},{"start":{},"end":{}}],"line":87},"23":{"loc":{"start":{"line":87,"column":10},"end":{"line":87,"column":29}},"type":"binary-expr","locations":[{"start":{"line":87,"column":10},"end":{"line":87,"column":16}},{"start":{"line":87,"column":20},"end":{"line":87,"column":29}}],"line":87},"24":{"loc":{"start":{"line":91,"column":6},"end":{"line":93,"column":7}},"type":"if","locations":[{"start":{"line":91,"column":6},"end":{"line":93,"column":7}},{"start":{},"end":{}}],"line":91},"25":{"loc":{"start":{"line":91,"column":10},"end":{"line":91,"column":67}},"type":"binary-expr","locations":[{"start":{"line":91,"column":10},"end":{"line":91,"column":35}},{"start":{"line":91,"column":39},"end":{"line":91,"column":67}}],"line":91},"26":{"loc":{"start":{"line":96,"column":6},"end":{"line":98,"column":7}},"type":"if","locations":[{"start":{"line":96,"column":6},"end":{"line":98,"column":7}},{"start":{},"end":{}}],"line":96},"27":{"loc":{"start":{"line":100,"column":6},"end":{"line":102,"column":7}},"type":"if","locations":[{"start":{"line":100,"column":6},"end":{"line":102,"column":7}},{"start":{},"end":{}}],"line":100},"28":{"loc":{"start":{"line":100,"column":10},"end":{"line":100,"column":53}},"type":"binary-expr","locations":[{"start":{"line":100,"column":10},"end":{"line":100,"column":29}},{"start":{"line":100,"column":33},"end":{"line":100,"column":53}}],"line":100},"29":{"loc":{"start":{"line":107,"column":6},"end":{"line":109,"column":7}},"type":"if","locations":[{"start":{"line":107,"column":6},"end":{"line":109,"column":7}},{"start":{},"end":{}}],"line":107},"30":{"loc":{"start":{"line":112,"column":6},"end":{"line":114,"column":7}},"type":"if","locations":[{"start":{"line":112,"column":6},"end":{"line":114,"column":7}},{"start":{},"end":{}}],"line":112},"31":{"loc":{"start":{"line":119,"column":6},"end":{"line":121,"column":7}},"type":"if","locations":[{"start":{"line":119,"column":6},"end":{"line":121,"column":7}},{"start":{},"end":{}}],"line":119},"32":{"loc":{"start":{"line":119,"column":10},"end":{"line":119,"column":68}},"type":"binary-expr","locations":[{"start":{"line":119,"column":10},"end":{"line":119,"column":29}},{"start":{"line":119,"column":33},"end":{"line":119,"column":45}},{"start":{"line":119,"column":49},"end":{"line":119,"column":68}}],"line":119},"33":{"loc":{"start":{"line":123,"column":6},"end":{"line":125,"column":7}},"type":"if","locations":[{"start":{"line":123,"column":6},"end":{"line":125,"column":7}},{"start":{},"end":{}}],"line":123},"34":{"loc":{"start":{"line":123,"column":10},"end":{"line":123,"column":125}},"type":"binary-expr","locations":[{"start":{"line":123,"column":10},"end":{"line":123,"column":48}},{"start":{"line":123,"column":52},"end":{"line":123,"column":83}},{"start":{"line":123,"column":87},"end":{"line":123,"column":125}}],"line":123},"35":{"loc":{"start":{"line":127,"column":6},"end":{"line":129,"column":7}},"type":"if","locations":[{"start":{"line":127,"column":6},"end":{"line":129,"column":7}},{"start":{},"end":{}}],"line":127},"36":{"loc":{"start":{"line":127,"column":10},"end":{"line":127,"column":59}},"type":"binary-expr","locations":[{"start":{"line":127,"column":10},"end":{"line":127,"column":32}},{"start":{"line":127,"column":36},"end":{"line":127,"column":59}}],"line":127},"37":{"loc":{"start":{"line":131,"column":6},"end":{"line":133,"column":7}},"type":"if","locations":[{"start":{"line":131,"column":6},"end":{"line":133,"column":7}},{"start":{},"end":{}}],"line":131},"38":{"loc":{"start":{"line":139,"column":6},"end":{"line":141,"column":7}},"type":"if","locations":[{"start":{"line":139,"column":6},"end":{"line":141,"column":7}},{"start":{},"end":{}}],"line":139},"39":{"loc":{"start":{"line":139,"column":9},"end":{"line":139,"column":66}},"type":"binary-expr","locations":[{"start":{"line":139,"column":9},"end":{"line":139,"column":18}},{"start":{"line":139,"column":22},"end":{"line":139,"column":28}},{"start":{"line":139,"column":32},"end":{"line":139,"column":44}},{"start":{"line":139,"column":48},"end":{"line":139,"column":57}},{"start":{"line":139,"column":61},"end":{"line":139,"column":66}}],"line":139},"40":{"loc":{"start":{"line":143,"column":6},"end":{"line":151,"column":7}},"type":"if","locations":[{"start":{"line":143,"column":6},"end":{"line":151,"column":7}},{"start":{},"end":{}}],"line":143},"41":{"loc":{"start":{"line":143,"column":10},"end":{"line":148,"column":50}},"type":"binary-expr","locations":[{"start":{"line":143,"column":10},"end":{"line":143,"column":38}},{"start":{"line":144,"column":10},"end":{"line":144,"column":35}},{"start":{"line":145,"column":10},"end":{"line":145,"column":41}},{"start":{"line":146,"column":10},"end":{"line":146,"column":38}},{"start":{"line":147,"column":10},"end":{"line":147,"column":34}},{"start":{"line":148,"column":10},"end":{"line":148,"column":18}},{"start":{"line":148,"column":22},"end":{"line":148,"column":50}}],"line":143},"42":{"loc":{"start":{"line":158,"column":6},"end":{"line":160,"column":7}},"type":"if","locations":[{"start":{"line":158,"column":6},"end":{"line":160,"column":7}},{"start":{},"end":{}}],"line":158},"43":{"loc":{"start":{"line":162,"column":6},"end":{"line":166,"column":7}},"type":"if","locations":[{"start":{"line":162,"column":6},"end":{"line":166,"column":7}},{"start":{},"end":{}}],"line":162},"44":{"loc":{"start":{"line":168,"column":6},"end":{"line":170,"column":7}},"type":"if","locations":[{"start":{"line":168,"column":6},"end":{"line":170,"column":7}},{"start":{},"end":{}}],"line":168},"45":{"loc":{"start":{"line":168,"column":10},"end":{"line":168,"column":94}},"type":"binary-expr","locations":[{"start":{"line":168,"column":10},"end":{"line":168,"column":40}},{"start":{"line":168,"column":44},"end":{"line":168,"column":67}},{"start":{"line":168,"column":71},"end":{"line":168,"column":94}}],"line":168},"46":{"loc":{"start":{"line":178,"column":6},"end":{"line":180,"column":7}},"type":"if","locations":[{"start":{"line":178,"column":6},"end":{"line":180,"column":7}},{"start":{},"end":{}}],"line":178},"47":{"loc":{"start":{"line":183,"column":6},"end":{"line":185,"column":7}},"type":"if","locations":[{"start":{"line":183,"column":6},"end":{"line":185,"column":7}},{"start":{},"end":{}}],"line":183},"48":{"loc":{"start":{"line":183,"column":10},"end":{"line":183,"column":53}},"type":"binary-expr","locations":[{"start":{"line":183,"column":10},"end":{"line":183,"column":29}},{"start":{"line":183,"column":33},"end":{"line":183,"column":53}}],"line":183},"49":{"loc":{"start":{"line":188,"column":6},"end":{"line":190,"column":7}},"type":"if","locations":[{"start":{"line":188,"column":6},"end":{"line":190,"column":7}},{"start":{},"end":{}}],"line":188},"50":{"loc":{"start":{"line":195,"column":6},"end":{"line":199,"column":7}},"type":"if","locations":[{"start":{"line":195,"column":6},"end":{"line":199,"column":7}},{"start":{"line":197,"column":12},"end":{"line":199,"column":7}}],"line":195},"51":{"loc":{"start":{"line":197,"column":12},"end":{"line":199,"column":7}},"type":"if","locations":[{"start":{"line":197,"column":12},"end":{"line":199,"column":7}},{"start":{},"end":{}}],"line":197},"52":{"loc":{"start":{"line":207,"column":6},"end":{"line":209,"column":7}},"type":"if","locations":[{"start":{"line":207,"column":6},"end":{"line":209,"column":7}},{"start":{},"end":{}}],"line":207},"53":{"loc":{"start":{"line":220,"column":6},"end":{"line":222,"column":7}},"type":"if","locations":[{"start":{"line":220,"column":6},"end":{"line":222,"column":7}},{"start":{},"end":{}}],"line":220},"54":{"loc":{"start":{"line":220,"column":9},"end":{"line":220,"column":57}},"type":"binary-expr","locations":[{"start":{"line":220,"column":9},"end":{"line":220,"column":18}},{"start":{"line":220,"column":22},"end":{"line":220,"column":28}},{"start":{"line":220,"column":32},"end":{"line":220,"column":44}},{"start":{"line":220,"column":48},"end":{"line":220,"column":57}}],"line":220},"55":{"loc":{"start":{"line":224,"column":6},"end":{"line":230,"column":7}},"type":"if","locations":[{"start":{"line":224,"column":6},"end":{"line":230,"column":7}},{"start":{},"end":{}}],"line":224},"56":{"loc":{"start":{"line":224,"column":10},"end":{"line":227,"column":50}},"type":"binary-expr","locations":[{"start":{"line":224,"column":10},"end":{"line":224,"column":18}},{"start":{"line":224,"column":22},"end":{"line":224,"column":50}},{"start":{"line":225,"column":10},"end":{"line":225,"column":15}},{"start":{"line":225,"column":19},"end":{"line":225,"column":44}},{"start":{"line":226,"column":10},"end":{"line":226,"column":21}},{"start":{"line":226,"column":25},"end":{"line":226,"column":56}},{"start":{"line":227,"column":10},"end":{"line":227,"column":18}},{"start":{"line":227,"column":22},"end":{"line":227,"column":50}}],"line":224},"57":{"loc":{"start":{"line":233,"column":6},"end":{"line":247,"column":7}},"type":"if","locations":[{"start":{"line":233,"column":6},"end":{"line":247,"column":7}},{"start":{},"end":{}}],"line":233},"58":{"loc":{"start":{"line":238,"column":10},"end":{"line":240,"column":11}},"type":"if","locations":[{"start":{"line":238,"column":10},"end":{"line":240,"column":11}},{"start":{},"end":{}}],"line":238},"59":{"loc":{"start":{"line":238,"column":14},"end":{"line":238,"column":68}},"type":"binary-expr","locations":[{"start":{"line":238,"column":14},"end":{"line":238,"column":23}},{"start":{"line":238,"column":27},"end":{"line":238,"column":68}}],"line":238},"60":{"loc":{"start":{"line":242,"column":10},"end":{"line":246,"column":11}},"type":"if","locations":[{"start":{"line":242,"column":10},"end":{"line":246,"column":11}},{"start":{},"end":{}}],"line":242},"61":{"loc":{"start":{"line":250,"column":6},"end":{"line":264,"column":7}},"type":"if","locations":[{"start":{"line":250,"column":6},"end":{"line":264,"column":7}},{"start":{},"end":{}}],"line":250},"62":{"loc":{"start":{"line":251,"column":10},"end":{"line":253,"column":11}},"type":"if","locations":[{"start":{"line":251,"column":10},"end":{"line":253,"column":11}},{"start":{},"end":{}}],"line":251},"63":{"loc":{"start":{"line":251,"column":14},"end":{"line":251,"column":98}},"type":"binary-expr","locations":[{"start":{"line":251,"column":14},"end":{"line":251,"column":44}},{"start":{"line":251,"column":48},"end":{"line":251,"column":71}},{"start":{"line":251,"column":75},"end":{"line":251,"column":98}}],"line":251},"64":{"loc":{"start":{"line":261,"column":10},"end":{"line":263,"column":11}},"type":"if","locations":[{"start":{"line":261,"column":10},"end":{"line":263,"column":11}},{"start":{},"end":{}}],"line":261},"65":{"loc":{"start":{"line":261,"column":14},"end":{"line":261,"column":88}},"type":"binary-expr","locations":[{"start":{"line":261,"column":14},"end":{"line":261,"column":27}},{"start":{"line":261,"column":31},"end":{"line":261,"column":88}}],"line":261},"66":{"loc":{"start":{"line":266,"column":6},"end":{"line":268,"column":7}},"type":"if","locations":[{"start":{"line":266,"column":6},"end":{"line":268,"column":7}},{"start":{},"end":{}}],"line":266},"67":{"loc":{"start":{"line":266,"column":10},"end":{"line":266,"column":67}},"type":"binary-expr","locations":[{"start":{"line":266,"column":10},"end":{"line":266,"column":18}},{"start":{"line":266,"column":23},"end":{"line":266,"column":42}},{"start":{"line":266,"column":46},"end":{"line":266,"column":66}}],"line":266},"68":{"loc":{"start":{"line":271,"column":4},"end":{"line":276,"column":5}},"type":"if","locations":[{"start":{"line":271,"column":4},"end":{"line":276,"column":5}},{"start":{},"end":{}}],"line":271},"69":{"loc":{"start":{"line":271,"column":8},"end":{"line":271,"column":62}},"type":"binary-expr","locations":[{"start":{"line":271,"column":8},"end":{"line":271,"column":22}},{"start":{"line":271,"column":26},"end":{"line":271,"column":62}}],"line":271}},"s":{"0":1,"1":1,"2":1,"3":1,"4":1,"5":8,"6":1,"7":7,"8":0,"9":7,"10":1,"11":6,"12":2,"13":4,"14":4,"15":1,"16":3,"17":3,"18":1,"19":2,"20":1,"21":10,"22":2,"23":8,"24":1,"25":7,"26":0,"27":7,"28":1,"29":6,"30":1,"31":5,"32":1,"33":4,"34":1,"35":3,"36":3,"37":1,"38":2,"39":1,"40":7,"41":7,"42":1,"43":6,"44":0,"45":6,"46":6,"47":1,"48":5,"49":1,"50":4,"51":4,"52":1,"53":3,"54":3,"55":1,"56":6,"57":6,"58":1,"59":5,"60":1,"61":4,"62":1,"63":3,"64":1,"65":0,"66":0,"67":0,"68":0,"69":0,"70":0,"71":0,"72":0,"73":0,"74":0,"75":0,"76":0,"77":0,"78":0,"79":0,"80":0,"81":0,"82":0,"83":0,"84":0,"85":0,"86":0,"87":0,"88":0,"89":0,"90":0,"91":0,"92":0,"93":0,"94":0,"95":0,"96":0,"97":0,"98":0,"99":0,"100":0,"101":0,"102":0,"103":0,"104":0,"105":0,"106":0,"107":0,"108":0,"109":0,"110":0,"111":0,"112":0,"113":3,"114":1},"f":{"0":8,"1":10,"2":5,"3":7,"4":4,"5":6,"6":0,"7":0,"8":0,"9":3},"b":{"0":[1,7],"1":[8,8,7,7],"2":[0,7],"3":[7,7,7,7],"4":[1,6],"5":[2,4],"6":[6,4,4],"7":[1,3],"8":[1,2],"9":[1,1],"10":[2,1],"11":[2,8],"12":[10,8],"13":[1,7],"14":[0,7],"15":[1,6],"16":[1,5],"17":[1,4],"18":[1,3],"19":[1,2],"20":[3,2],"21":[1,1],"22":[1,6],"23":[7,7],"24":[0,6],"25":[6,6],"26":[1,5],"27":[1,4],"28":[5,4],"29":[1,3],"30":[1,2],"31":[1,5],"32":[6,5,5],"33":[1,4],"34":[5,4,4],"35":[1,3],"36":[4,3],"37":[1,2],"38":[0,0],"39":[0,0,0,0,0],"40":[0,0],"41":[0,0,0,0,0,0,0],"42":[0,0],"43":[0,0],"44":[0,0],"45":[0,0,0],"46":[0,0],"47":[0,0],"48":[0,0],"49":[0,0],"50":[0,0],"51":[0,0],"52":[0,0],"53":[0,0],"54":[0,0,0,0],"55":[0,0],"56":[0,0,0,0,0,0,0,0],"57":[0,0],"58":[0,0],"59":[0,0],"60":[0,0],"61":[0,0],"62":[0,0],"63":[0,0,0],"64":[0,0],"65":[0,0],"66":[0,0],"67":[0,0,0],"68":[1,2],"69":[3,2]},"_coverageSchema":"1a1c01bbd47fc00a2c39e90264f33305004495a9","hash":"4fd0c5ddde30412999303772bbff77b5a1777acf"}
}
