TN:
SF:app.js
FN:22,(anonymous_0)
FNF:1
FNH:1
FNDA:1,(anonymous_0)
DA:1,1
DA:2,1
DA:5,1
DA:6,1
DA:7,1
DA:8,1
DA:9,1
DA:10,1
DA:11,1
DA:13,1
DA:14,1
DA:16,1
DA:18,1
DA:19,1
DA:20,1
DA:22,1
DA:26,1
DA:28,1
LF:18
LH:18
BRDA:1,0,0,1
BRDA:1,0,1,0
BRDA:14,1,0,1
BRDA:14,1,1,1
BRF:4
BRH:3
end_of_record
TN:
SF:configs\googleOauth.js
FNF:0
FNH:0
DA:1,1
LF:1
LH:1
BRF:0
BRH:0
end_of_record
TN:
SF:configs\mailer.js
FNF:0
FNH:0
DA:1,1
DA:3,1
LF:2
LH:2
BRF:0
BRH:0
end_of_record
TN:
SF:controllers\auth.js
FN:8,(anonymous_0)
FN:60,(anonymous_1)
FN:101,(anonymous_2)
FN:131,(anonymous_3)
FN:151,(anonymous_4)
FN:163,(anonymous_5)
FN:208,(anonymous_6)
FN:223,(anonymous_7)
FN:239,(anonymous_8)
FNF:9
FNH:0
FNDA:0,(anonymous_0)
FNDA:0,(anonymous_1)
FNDA:0,(anonymous_2)
FNDA:0,(anonymous_3)
FNDA:0,(anonymous_4)
FNDA:0,(anonymous_5)
FNDA:0,(anonymous_6)
FNDA:0,(anonymous_7)
FNDA:0,(anonymous_8)
DA:1,1
DA:2,1
DA:3,1
DA:4,1
DA:5,1
DA:7,1
DA:9,0
DA:11,0
DA:14,0
DA:17,0
DA:43,0
DA:57,0
DA:61,0
DA:62,0
DA:63,0
DA:66,0
DA:92,0
DA:98,0
DA:102,0
DA:103,0
DA:104,0
DA:105,0
DA:113,0
DA:128,0
DA:132,0
DA:133,0
DA:134,0
DA:135,0
DA:136,0
DA:138,0
DA:148,0
DA:152,0
DA:154,0
DA:164,0
DA:165,0
DA:166,0
DA:167,0
DA:168,0
DA:170,0
DA:199,0
DA:205,0
DA:209,0
DA:210,0
DA:211,0
DA:212,0
DA:214,0
DA:220,0
DA:224,0
DA:225,0
DA:227,0
DA:229,0
DA:236,0
DA:240,0
DA:247,0
DA:249,0
DA:251,0
DA:267,0
LF:57
LH:6
BRF:0
BRH:0
end_of_record
TN:
SF:controllers\booking.js
FN:6,(anonymous_0)
FN:26,(anonymous_1)
FN:40,(anonymous_2)
FN:70,(anonymous_3)
FNF:4
FNH:4
FNDA:7,(anonymous_0)
FNDA:1,(anonymous_1)
FNDA:52,(anonymous_2)
FNDA:14,(anonymous_3)
DA:1,1
DA:2,1
DA:3,1
DA:5,1
DA:7,7
DA:8,7
DA:9,6
DA:11,6
DA:23,1
DA:27,1
DA:28,1
DA:30,1
DA:37,0
DA:41,52
DA:42,52
DA:43,4
DA:44,4
DA:53,4
DA:60,4
DA:67,48
DA:71,14
DA:72,14
DA:73,11
DA:74,3
DA:75,3
DA:82,3
DA:88,11
LF:27
LH:26
BRDA:14,0,0,5
BRDA:14,0,1,1
BRF:2
BRH:2
end_of_record
TN:
SF:controllers\homepage.js
FN:5,(anonymous_0)
FN:28,(anonymous_1)
FNF:2
FNH:0
FNDA:0,(anonymous_0)
FNDA:0,(anonymous_1)
DA:1,1
DA:2,1
DA:4,1
DA:6,0
DA:7,0
DA:8,0
DA:10,0
DA:25,0
DA:29,0
DA:30,0
DA:31,0
DA:43,0
LF:12
LH:3
BRDA:13,0,0,0
BRDA:13,0,1,0
BRDA:14,1,0,0
BRDA:14,1,1,0
BRDA:34,2,0,0
BRDA:34,2,1,0
BRF:6
BRH:0
end_of_record
TN:
SF:controllers\notification.js
FN:5,(anonymous_0)
FN:21,(anonymous_1)
FN:36,(anonymous_2)
FNF:3
FNH:0
FNDA:0,(anonymous_0)
FNDA:0,(anonymous_1)
FNDA:0,(anonymous_2)
DA:1,1
DA:2,1
DA:4,1
DA:6,0
DA:7,0
DA:8,0
DA:10,0
DA:18,0
DA:22,0
DA:23,0
DA:24,0
DA:26,0
DA:33,0
DA:37,0
DA:38,0
DA:39,0
DA:40,0
DA:42,0
DA:48,0
LF:19
LH:3
BRDA:13,0,0,0
BRDA:13,0,1,0
BRF:2
BRH:0
end_of_record
TN:
SF:controllers\schedule.js
FN:5,(anonymous_0)
FN:22,(anonymous_1)
FN:36,(anonymous_2)
FN:51,(anonymous_3)
FN:91,(anonymous_4)
FNF:5
FNH:0
FNDA:0,(anonymous_0)
FNDA:0,(anonymous_1)
FNDA:0,(anonymous_2)
FNDA:0,(anonymous_3)
FNDA:0,(anonymous_4)
DA:1,1
DA:2,1
DA:4,1
DA:6,0
DA:7,0
DA:8,0
DA:10,0
DA:19,0
DA:23,0
DA:24,0
DA:25,0
DA:27,0
DA:33,0
DA:37,0
DA:38,0
DA:39,0
DA:41,0
DA:48,0
DA:52,0
DA:53,0
DA:54,0
DA:56,0
DA:57,0
DA:73,0
DA:88,0
DA:92,0
DA:93,0
DA:94,0
DA:95,0
DA:97,0
DA:103,0
LF:31
LH:3
BRDA:56,0,0,0
BRDA:56,0,1,0
BRF:2
BRH:0
end_of_record
TN:
SF:controllers\user.js
FN:6,(anonymous_0)
FN:29,(anonymous_1)
FN:52,(anonymous_2)
FN:67,(anonymous_3)
FN:97,(anonymous_4)
FNF:5
FNH:0
FNDA:0,(anonymous_0)
FNDA:0,(anonymous_1)
FNDA:0,(anonymous_2)
FNDA:0,(anonymous_3)
FNDA:0,(anonymous_4)
DA:1,1
DA:2,1
DA:3,1
DA:5,1
DA:7,0
DA:8,0
DA:9,0
DA:11,0
DA:26,0
DA:30,0
DA:31,0
DA:33,0
DA:34,0
DA:42,0
DA:49,0
DA:53,0
DA:54,0
DA:55,0
DA:57,0
DA:64,0
DA:68,0
DA:69,0
DA:70,0
DA:71,0
DA:72,0
DA:79,0
DA:94,0
DA:98,0
DA:99,0
DA:100,0
DA:102,0
DA:108,0
LF:32
LH:4
BRDA:33,0,0,0
BRDA:33,0,1,0
BRF:2
BRH:0
end_of_record
TN:
SF:middlewares\restrict.js
FN:9,(anonymous_0)
FN:14,(anonymous_1)
FN:30,(anonymous_2)
FN:35,(anonymous_3)
FN:54,(anonymous_4)
FN:59,(anonymous_5)
FN:92,(anonymous_6)
FN:139,(anonymous_7)
FN:144,(anonymous_8)
FN:159,(anonymous_9)
FN:192,(anonymous_10)
FNF:11
FNH:5
FNDA:53,(anonymous_0)
FNDA:53,(anonymous_1)
FNDA:0,(anonymous_2)
FNDA:0,(anonymous_3)
FNDA:22,(anonymous_4)
FNDA:22,(anonymous_5)
FNDA:14,(anonymous_6)
FNDA:0,(anonymous_7)
FNDA:0,(anonymous_8)
FNDA:0,(anonymous_9)
FNDA:0,(anonymous_10)
DA:1,1
DA:2,1
DA:3,1
DA:4,1
DA:5,1
DA:6,1
DA:8,1
DA:10,53
DA:11,53
DA:13,53
DA:14,53
DA:15,53
DA:16,1
DA:19,52
DA:20,0
DA:23,52
DA:24,52
DA:27,1
DA:31,0
DA:32,0
DA:34,0
DA:35,0
DA:36,0
DA:37,0
DA:40,0
DA:42,0
DA:44,0
DA:47,0
DA:48,0
DA:51,0
DA:55,22
DA:56,22
DA:58,22
DA:59,22
DA:60,22
DA:61,22
DA:62,2
DA:65,20
DA:67,19
DA:73,19
DA:74,2
DA:77,17
DA:79,2
DA:82,15
DA:83,15
DA:85,7
DA:89,0
DA:93,14
DA:94,14
DA:96,13
DA:99,13
DA:100,13
DA:102,1
DA:103,1
DA:105,0
DA:108,12
DA:109,2
DA:112,10
DA:113,5
DA:115,4
DA:116,1
DA:120,8
DA:121,2
DA:123,1
DA:129,1
DA:130,0
DA:134,7
DA:136,7
DA:140,0
DA:141,0
DA:143,0
DA:144,0
DA:145,0
DA:146,0
DA:149,0
DA:150,0
DA:153,0
DA:156,0
DA:160,0
DA:161,0
DA:163,0
DA:166,0
DA:167,0
DA:169,0
DA:170,0
DA:172,0
DA:175,0
DA:176,0
DA:179,0
DA:180,0
DA:182,0
DA:183,0
DA:187,0
DA:189,0
DA:193,0
DA:194,0
DA:196,0
DA:199,0
DA:200,0
DA:202,0
DA:203,0
DA:205,0
DA:208,0
DA:209,0
DA:215,0
DA:216,0
DA:219,0
DA:222,0
DA:225,0
DA:227,0
LF:110
LH:52
BRDA:15,0,0,1
BRDA:15,0,1,52
BRDA:19,1,0,0
BRDA:19,1,1,52
BRDA:19,2,0,52
BRDA:19,2,1,0
BRDA:36,3,0,0
BRDA:36,3,1,0
BRDA:42,4,0,0
BRDA:42,4,1,0
BRDA:42,5,0,0
BRDA:42,5,1,0
BRDA:42,5,2,0
BRDA:42,6,0,0
BRDA:42,6,1,0
BRDA:61,7,0,2
BRDA:61,7,1,20
BRDA:73,8,0,2
BRDA:73,8,1,17
BRDA:77,9,0,2
BRDA:77,9,1,15
BRDA:77,10,0,17
BRDA:77,10,1,17
BRDA:77,10,2,2
BRDA:77,11,0,17
BRDA:77,11,1,0
BRDA:102,12,0,1
BRDA:102,12,1,0
BRDA:102,13,0,1
BRDA:102,13,1,0
BRDA:108,14,0,2
BRDA:108,14,1,10
BRDA:108,15,0,12
BRDA:108,15,1,9
BRDA:108,15,2,7
BRDA:108,15,3,5
BRDA:112,16,0,5
BRDA:112,16,1,5
BRDA:115,17,0,1
BRDA:115,17,1,3
BRDA:115,18,0,4
BRDA:115,18,1,2
BRDA:120,19,0,2
BRDA:120,19,1,6
BRDA:129,20,0,0
BRDA:129,20,1,1
BRDA:129,21,0,1
BRDA:129,21,1,1
BRDA:129,21,2,1
BRDA:145,22,0,0
BRDA:145,22,1,0
BRDA:149,23,0,0
BRDA:149,23,1,0
BRDA:169,24,0,0
BRDA:169,24,1,0
BRDA:169,25,0,0
BRDA:169,25,1,0
BRDA:175,26,0,0
BRDA:175,26,1,0
BRDA:175,27,0,0
BRDA:175,27,1,0
BRDA:179,28,0,0
BRDA:179,28,1,0
BRDA:182,29,0,0
BRDA:182,29,1,0
BRDA:182,30,0,0
BRDA:182,30,1,0
BRDA:202,31,0,0
BRDA:202,31,1,0
BRDA:202,32,0,0
BRDA:202,32,1,0
BRDA:215,33,0,0
BRDA:215,33,1,0
BRDA:219,34,0,0
BRDA:219,34,1,0
BRDA:219,35,0,0
BRDA:219,35,1,0
BRDA:219,35,2,0
BRDA:219,36,0,0
BRDA:219,36,1,0
BRF:80
BRH:34
end_of_record
TN:
SF:models\auth.js
FN:10,(anonymous_0)
FN:29,(anonymous_1)
FN:39,(anonymous_2)
FN:74,(anonymous_3)
FN:86,(anonymous_4)
FN:104,(anonymous_5)
FN:108,(anonymous_6)
FN:136,(anonymous_7)
FN:166,(anonymous_8)
FNF:9
FNH:0
FNDA:0,(anonymous_0)
FNDA:0,(anonymous_1)
FNDA:0,(anonymous_2)
FNDA:0,(anonymous_3)
FNDA:0,(anonymous_4)
FNDA:0,(anonymous_5)
FNDA:0,(anonymous_6)
FNDA:0,(anonymous_7)
FNDA:0,(anonymous_8)
DA:1,1
DA:2,1
DA:3,1
DA:4,1
DA:5,1
DA:6,1
DA:7,1
DA:11,0
DA:12,0
DA:13,0
DA:24,0
DA:26,0
DA:30,0
DA:36,0
DA:40,0
DA:46,0
DA:47,0
DA:50,0
DA:51,0
DA:55,0
DA:57,0
DA:58,0
DA:62,0
DA:71,0
DA:75,0
DA:81,0
DA:83,0
DA:87,0
DA:91,0
DA:92,0
DA:95,0
DA:105,0
DA:109,0
DA:115,0
DA:116,0
DA:119,0
DA:120,0
DA:121,0
DA:123,0
DA:133,0
DA:137,0
DA:139,0
DA:148,0
DA:149,0
DA:152,0
DA:154,0
DA:167,0
DA:168,0
DA:170,0
DA:174,0
DA:175,0
DA:181,0
DA:191,1
LF:53
LH:8
BRDA:30,0,0,0
BRDA:30,0,1,0
BRDA:46,1,0,0
BRDA:46,1,1,0
BRDA:50,2,0,0
BRDA:50,2,1,0
BRDA:50,3,0,0
BRDA:50,3,1,0
BRDA:57,4,0,0
BRDA:57,4,1,0
BRDA:91,5,0,0
BRDA:91,5,1,0
BRDA:91,6,0,0
BRDA:91,6,1,0
BRDA:115,7,0,0
BRDA:115,7,1,0
BRDA:148,8,0,0
BRDA:148,8,1,0
BRDA:174,9,0,0
BRDA:174,9,1,0
BRF:20
BRH:0
end_of_record
TN:
SF:models\booking.js
FN:12,(anonymous_0)
FN:25,(anonymous_1)
FN:46,(anonymous_2)
FN:57,(anonymous_3)
FN:66,(anonymous_4)
FN:94,(anonymous_5)
FN:189,(anonymous_6)
FN:233,(anonymous_7)
FN:237,(anonymous_8)
FN:252,(anonymous_9)
FN:275,(anonymous_10)
FN:279,(anonymous_11)
FN:312,(anonymous_12)
FNF:13
FNH:13
FNDA:1,(anonymous_0)
FNDA:1,(anonymous_1)
FNDA:6,(anonymous_2)
FNDA:12,(anonymous_3)
FNDA:12,(anonymous_4)
FNDA:4,(anonymous_5)
FNDA:12,(anonymous_6)
FNDA:16,(anonymous_7)
FNDA:24,(anonymous_8)
FNDA:3,(anonymous_9)
FNDA:4,(anonymous_10)
FNDA:6,(anonymous_11)
FNDA:3,(anonymous_12)
DA:1,1
DA:2,1
DA:3,1
DA:4,1
DA:5,1
DA:6,1
DA:7,1
DA:8,1
DA:9,1
DA:13,1
DA:19,1
DA:25,1
DA:26,1
DA:27,1
DA:28,1
DA:30,1
DA:47,6
DA:48,6
DA:56,6
DA:59,12
DA:66,12
DA:69,12
DA:70,12
DA:71,12
DA:74,12
DA:91,6
DA:99,4
DA:101,4
DA:102,4
DA:103,4
DA:104,4
DA:107,4
DA:118,4
DA:126,4
DA:127,1
DA:136,4
DA:142,4
DA:148,4
DA:151,4
DA:152,4
DA:155,4
DA:156,4
DA:158,4
DA:159,1
DA:160,1
DA:161,1
DA:162,1
DA:165,4
DA:167,2
DA:168,2
DA:170,1
DA:173,1
DA:174,1
DA:175,1
DA:179,4
DA:189,4
DA:190,12
DA:199,12
DA:206,12
DA:213,4
DA:228,4
DA:229,0
DA:233,4
DA:234,16
DA:237,24
DA:252,4
DA:253,3
DA:260,3
DA:267,3
DA:274,4
DA:275,1
DA:276,4
DA:279,6
DA:293,1
DA:305,4
DA:319,3
DA:321,3
DA:330,3
DA:342,3
DA:343,3
DA:353,3
DA:361,1
LF:82
LH:81
BRDA:38,0,0,0
BRDA:38,0,1,1
BRDA:82,1,0,0
BRDA:82,1,1,12
BRDA:126,2,0,1
BRDA:126,2,1,3
BRDA:142,3,0,1
BRDA:142,3,1,3
BRDA:148,4,0,1
BRDA:148,4,1,3
BRDA:156,5,0,4
BRDA:156,5,1,2
BRDA:156,5,2,0
BRDA:156,5,3,0
BRDA:158,6,0,1
BRDA:158,6,1,3
BRDA:165,7,0,2
BRDA:165,7,1,2
BRDA:168,8,0,1
BRDA:168,8,1,1
BRDA:168,9,0,2
BRDA:168,9,1,1
BRDA:228,10,0,0
BRDA:228,10,1,4
BRDA:237,11,0,12
BRDA:237,11,1,4
BRDA:238,12,0,16
BRDA:238,12,1,4
BRDA:240,13,0,16
BRDA:240,13,1,4
BRDA:241,14,0,16
BRDA:241,14,1,4
BRDA:242,15,0,16
BRDA:242,15,1,4
BRDA:243,16,0,12
BRDA:243,16,1,4
BRDA:244,17,0,16
BRDA:244,17,1,4
BRDA:245,18,0,16
BRDA:245,18,1,4
BRDA:246,19,0,16
BRDA:246,19,1,4
BRDA:247,20,0,12
BRDA:247,20,1,4
BRDA:252,21,0,1
BRDA:252,21,1,3
BRDA:274,22,0,1
BRDA:274,22,1,3
BRDA:279,23,0,3
BRDA:279,23,1,1
BRDA:285,24,0,3
BRDA:285,24,1,1
BRDA:288,25,0,3
BRDA:288,25,1,1
BRDA:336,26,0,3
BRDA:336,26,1,2
BRDA:337,27,0,3
BRDA:337,27,1,2
BRDA:338,28,0,3
BRDA:338,28,1,2
BRDA:342,29,0,3
BRDA:342,29,1,0
BRF:62
BRH:56
end_of_record
TN:
SF:models\homepage.js
FN:6,(anonymous_0)
FN:58,(anonymous_1)
FN:60,(anonymous_2)
FN:61,(anonymous_3)
FN:62,(anonymous_4)
FN:104,(anonymous_5)
FNF:6
FNH:0
FNDA:0,(anonymous_0)
FNDA:0,(anonymous_1)
FNDA:0,(anonymous_2)
FNDA:0,(anonymous_3)
FNDA:0,(anonymous_4)
FNDA:0,(anonymous_5)
DA:1,1
DA:2,1
DA:3,1
DA:10,0
DA:12,0
DA:13,0
DA:14,0
DA:16,0
DA:24,0
DA:58,0
DA:60,0
DA:61,0
DA:62,0
DA:64,0
DA:75,0
DA:84,0
DA:86,0
DA:87,0
DA:90,0
DA:105,0
DA:111,0
DA:115,1
LF:22
LH:4
BRDA:8,0,0,0
BRDA:9,1,0,0
BRDA:16,2,0,0
BRDA:16,2,1,0
BRDA:71,3,0,0
BRDA:71,3,1,0
BRDA:86,4,0,0
BRDA:86,4,1,0
BRDA:86,5,0,0
BRDA:86,5,1,0
BRF:10
BRH:0
end_of_record
TN:
SF:models\invoice.js
FN:5,(anonymous_0)
FNF:1
FNH:1
FNDA:13,(anonymous_0)
DA:1,1
DA:2,1
DA:6,13
DA:12,13
DA:22,1
LF:5
LH:5
BRF:0
BRH:0
end_of_record
TN:
SF:models\notification.js
FN:5,(anonymous_0)
FN:31,(anonymous_1)
FN:40,(anonymous_2)
FN:52,(anonymous_3)
FNF:4
FNH:1
FNDA:0,(anonymous_0)
FNDA:0,(anonymous_1)
FNDA:0,(anonymous_2)
FNDA:7,(anonymous_3)
DA:1,1
DA:2,1
DA:6,0
DA:7,0
DA:23,0
DA:32,0
DA:33,0
DA:37,0
DA:41,0
DA:42,0
DA:44,0
DA:57,7
DA:59,7
DA:74,1
LF:14
LH:5
BRDA:10,0,0,0
BRDA:10,0,1,0
BRDA:18,1,0,0
BRDA:18,1,1,0
BRDA:66,2,0,7
BRDA:66,2,1,0
BRDA:67,3,0,0
BRDA:67,3,1,7
BRDA:68,4,0,3
BRDA:68,4,1,4
BRF:10
BRH:4
end_of_record
TN:
SF:models\passenger.js
FN:5,(anonymous_0)
FN:39,(anonymous_1)
FN:50,(anonymous_2)
FN:64,(anonymous_3)
FNF:4
FNH:4
FNDA:13,(anonymous_0)
FNDA:13,(anonymous_1)
FNDA:13,(anonymous_2)
FNDA:13,(anonymous_3)
DA:1,1
DA:2,1
DA:6,13
DA:25,13
DA:40,13
DA:46,13
DA:47,13
DA:48,13
DA:50,13
DA:51,13
DA:52,10
DA:55,13
DA:56,2
DA:59,13
DA:60,1
DA:64,13
DA:66,13
DA:76,1
LF:18
LH:18
BRDA:51,0,0,10
BRDA:51,0,1,3
BRDA:55,1,0,2
BRDA:55,1,1,11
BRDA:59,2,0,1
BRDA:59,2,1,12
BRF:6
BRH:6
end_of_record
TN:
SF:models\payment.js
FN:5,(anonymous_0)
FNF:1
FNH:1
FNDA:13,(anonymous_0)
DA:1,1
DA:2,1
DA:6,13
DA:12,13
DA:20,1
LF:5
LH:5
BRDA:12,0,0,3
BRDA:12,0,1,10
BRF:2
BRH:2
end_of_record
TN:
SF:models\schedule.js
FN:7,(anonymous_0)
FN:36,(anonymous_1)
FN:44,(anonymous_2)
FN:65,(anonymous_3)
FN:75,(anonymous_4)
FN:113,(anonymous_5)
FN:118,(anonymous_6)
FN:191,(anonymous_7)
FN:253,(anonymous_8)
FN:307,(anonymous_9)
FN:309,(anonymous_10)
FNF:11
FNH:4
FNDA:0,(anonymous_0)
FNDA:0,(anonymous_1)
FNDA:0,(anonymous_2)
FNDA:0,(anonymous_3)
FNDA:8,(anonymous_4)
FNDA:568,(anonymous_5)
FNDA:13,(anonymous_6)
FNDA:13,(anonymous_7)
FNDA:0,(anonymous_8)
FNDA:0,(anonymous_9)
FNDA:0,(anonymous_10)
DA:1,1
DA:2,1
DA:3,1
DA:4,1
DA:16,0
DA:18,0
DA:20,0
DA:33,0
DA:37,0
DA:45,0
DA:46,0
DA:47,0
DA:48,0
DA:54,0
DA:55,0
DA:56,0
DA:62,0
DA:65,0
DA:67,0
DA:76,8
DA:113,568
DA:115,8
DA:119,13
DA:168,13
DA:178,13
DA:191,13
DA:192,13
DA:195,13
DA:197,13
DA:229,13
DA:230,13
DA:231,0
DA:236,0
DA:237,0
DA:246,0
DA:250,13
DA:254,0
DA:255,0
DA:256,0
DA:258,0
DA:259,0
DA:261,0
DA:292,0
DA:294,0
DA:303,0
DA:304,0
DA:307,0
DA:308,0
DA:309,0
DA:312,0
DA:313,0
DA:315,0
DA:348,0
DA:355,1
LF:54
LH:18
BRDA:45,0,0,0
BRDA:45,0,1,0
BRDA:45,1,0,0
BRDA:45,1,1,0
BRDA:47,2,0,0
BRDA:47,2,1,0
BRDA:55,3,0,0
BRDA:55,3,1,0
BRDA:65,4,0,0
BRDA:65,4,1,0
BRDA:118,5,0,0
BRDA:229,6,0,0
BRDA:229,6,1,13
BRDA:230,7,0,0
BRDA:230,7,1,13
BRDA:236,8,0,0
BRDA:236,8,1,0
BRDA:254,9,0,0
BRDA:254,9,1,0
BRDA:299,10,0,0
BRDA:299,10,1,0
BRDA:300,11,0,0
BRDA:300,11,1,0
BRDA:303,12,0,0
BRDA:303,12,1,0
BRDA:303,13,0,0
BRDA:303,13,1,0
BRDA:339,14,0,0
BRDA:339,14,1,0
BRDA:340,15,0,0
BRDA:340,15,1,0
BRF:31
BRH:2
end_of_record
TN:
SF:models\user.js
FN:6,(anonymous_0)
FN:20,(anonymous_1)
FN:36,(anonymous_2)
FN:54,(anonymous_3)
FN:74,(anonymous_4)
FNF:5
FNH:0
FNDA:0,(anonymous_0)
FNDA:0,(anonymous_1)
FNDA:0,(anonymous_2)
FNDA:0,(anonymous_3)
FNDA:0,(anonymous_4)
DA:1,1
DA:2,1
DA:3,1
DA:7,0
DA:17,0
DA:22,0
DA:33,0
DA:37,0
DA:39,0
DA:51,0
DA:55,0
DA:56,0
DA:57,0
DA:58,0
DA:61,0
DA:71,0
DA:75,0
DA:81,1
LF:18
LH:4
BRDA:36,0,0,0
BRDA:55,1,0,0
BRDA:55,2,0,0
BRDA:55,3,0,0
BRDA:55,4,0,0
BRDA:57,5,0,0
BRDA:57,5,1,0
BRF:7
BRH:0
end_of_record
TN:
SF:routes\auth.js
FNF:0
FNH:0
DA:1,1
DA:2,1
DA:3,1
DA:4,1
DA:6,1
DA:7,1
DA:8,1
DA:9,1
DA:10,1
DA:11,1
DA:12,1
DA:13,1
DA:14,1
DA:15,1
DA:20,1
LF:15
LH:15
BRF:0
BRH:0
end_of_record
TN:
SF:routes\booking.js
FNF:0
FNH:0
DA:1,1
DA:2,1
DA:3,1
DA:5,1
DA:6,1
DA:7,1
DA:8,1
DA:10,1
LF:8
LH:8
BRF:0
BRH:0
end_of_record
TN:
SF:routes\homepage.js
FNF:0
FNH:0
DA:1,1
DA:2,1
DA:4,1
DA:5,1
DA:7,1
LF:5
LH:5
BRF:0
BRH:0
end_of_record
TN:
SF:routes\index.js
FNF:0
FNH:0
DA:1,1
DA:2,1
DA:3,1
DA:4,1
DA:5,1
DA:6,1
DA:7,1
DA:9,1
DA:10,1
DA:11,1
DA:12,1
DA:13,1
DA:14,1
DA:16,1
LF:14
LH:14
BRF:0
BRH:0
end_of_record
TN:
SF:routes\notification.js
FNF:0
FNH:0
DA:1,1
DA:2,1
DA:3,1
DA:5,1
DA:6,1
DA:7,1
DA:9,1
LF:7
LH:7
BRF:0
BRH:0
end_of_record
TN:
SF:routes\schedule.js
FNF:0
FNH:0
DA:1,1
DA:2,1
DA:3,1
DA:5,1
DA:6,1
DA:7,1
DA:8,1
DA:9,1
DA:11,1
LF:9
LH:9
BRF:0
BRH:0
end_of_record
TN:
SF:routes\user.js
FNF:0
FNH:0
DA:1,1
DA:2,1
DA:3,1
DA:5,1
DA:6,1
DA:7,1
DA:8,1
DA:9,1
DA:11,1
LF:9
LH:9
BRF:0
BRH:0
end_of_record
TN:
SF:utils\cronJob.js
FN:6,(anonymous_0)
FN:66,(anonymous_1)
FNF:2
FNH:0
FNDA:0,(anonymous_0)
FNDA:0,(anonymous_1)
DA:1,1
DA:2,1
DA:3,1
DA:7,0
DA:31,0
DA:58,0
DA:66,0
DA:67,0
DA:77,1
LF:9
LH:4
BRF:0
BRH:0
end_of_record
TN:
SF:utils\error.js
FN:2,(anonymous_0)
FNF:1
FNH:1
FNDA:75,(anonymous_0)
DA:3,75
DA:4,75
DA:8,1
LF:3
LH:3
BRF:0
BRH:0
end_of_record
TN:
SF:utils\errorHandler.js
FN:3,(anonymous_0)
FNF:1
FNH:1
FNDA:75,(anonymous_0)
DA:1,1
DA:3,1
DA:4,75
DA:5,75
DA:12,0
DA:13,0
LF:6
LH:4
BRDA:4,0,0,75
BRDA:4,0,1,0
BRF:2
BRH:1
end_of_record
TN:
SF:utils\jwtHelper.js
FN:4,(anonymous_0)
FN:8,(anonymous_1)
FN:9,(anonymous_2)
FN:18,(anonymous_3)
FNF:4
FNH:1
FNDA:8,(anonymous_0)
FNDA:0,(anonymous_1)
FNDA:0,(anonymous_2)
FNDA:0,(anonymous_3)
DA:1,1
DA:2,1
DA:4,1
DA:5,8
DA:8,1
DA:9,0
DA:10,0
DA:11,0
DA:14,0
DA:18,1
DA:19,0
DA:22,1
LF:12
LH:7
BRDA:4,0,0,8
BRDA:10,1,0,0
BRDA:10,1,1,0
BRF:3
BRH:1
end_of_record
TN:
SF:utils\mailerSmtp.js
FN:3,(anonymous_0)
FNF:1
FNH:0
FNDA:0,(anonymous_0)
DA:1,1
DA:3,1
DA:4,0
LF:3
LH:2
BRF:0
BRH:0
end_of_record
TN:
SF:utils\passportOauth.js
FN:10,(anonymous_0)
FNF:1
FNH:0
FNDA:0,(anonymous_0)
DA:1,1
DA:2,1
DA:3,1
DA:4,1
DA:5,1
DA:7,1
DA:11,0
DA:12,0
DA:13,0
DA:14,0
DA:16,0
DA:32,0
DA:34,0
DA:44,1
LF:14
LH:7
BRDA:13,0,0,0
BRDA:13,0,1,0
BRDA:14,1,0,0
BRDA:14,1,1,0
BRF:4
BRH:0
end_of_record
TN:
SF:utils\queryParser.js
FN:5,(anonymous_0)
FN:24,(anonymous_1)
FN:76,(anonymous_2)
FN:101,(anonymous_3)
FN:135,(anonymous_4)
FNF:5
FNH:1
FNDA:0,(anonymous_0)
FNDA:0,(anonymous_1)
FNDA:0,(anonymous_2)
FNDA:0,(anonymous_3)
FNDA:6,(anonymous_4)
DA:1,1
DA:2,1
DA:16,0
DA:18,0
DA:24,0
DA:25,0
DA:26,0
DA:35,0
DA:36,0
DA:37,0
DA:38,0
DA:39,0
DA:45,0
DA:46,0
DA:47,0
DA:50,0
DA:56,0
DA:57,0
DA:58,0
DA:61,0
DA:62,0
DA:65,0
DA:76,0
DA:102,0
DA:103,0
DA:105,0
DA:107,0
DA:108,0
DA:110,0
DA:111,0
DA:113,0
DA:114,0
DA:116,0
DA:117,0
DA:119,0
DA:120,0
DA:122,0
DA:123,0
DA:125,0
DA:126,0
DA:128,0
DA:129,0
DA:132,0
DA:136,6
DA:138,6
DA:149,1
LF:46
LH:5
BRDA:11,0,0,0
BRDA:24,1,0,0
BRDA:24,1,1,0
BRDA:25,2,0,0
BRDA:25,3,0,0
BRDA:25,4,0,0
BRDA:25,4,1,0
BRDA:35,5,0,0
BRDA:35,5,1,0
BRDA:38,6,0,0
BRDA:38,6,1,0
BRDA:38,7,0,0
BRDA:38,7,1,0
BRDA:45,8,0,0
BRDA:45,8,1,0
BRDA:56,9,0,0
BRDA:56,9,1,0
BRDA:61,10,0,0
BRDA:61,10,1,0
BRDA:62,11,0,0
BRDA:62,11,1,0
BRDA:67,12,0,0
BRDA:67,12,1,0
BRDA:70,13,0,0
BRDA:70,13,1,0
BRDA:73,14,0,0
BRDA:73,14,1,0
BRDA:76,15,0,0
BRDA:76,15,1,0
BRDA:89,16,0,0
BRDA:89,16,1,0
BRDA:93,17,0,0
BRDA:93,17,1,0
BRDA:94,18,0,0
BRDA:94,18,1,0
BRDA:94,19,0,0
BRDA:94,19,1,0
BRDA:96,20,0,0
BRDA:96,20,1,0
BRDA:102,21,0,0
BRDA:105,22,0,0
BRDA:105,22,1,0
BRDA:105,22,2,0
BRDA:105,22,3,0
BRDA:105,22,4,0
BRDA:105,22,5,0
BRDA:105,22,6,0
BRDA:105,22,7,0
BRDA:139,23,0,6
BRDA:139,23,1,5
BRDA:140,24,0,6
BRDA:140,24,1,4
BRDA:141,25,0,2
BRDA:141,25,1,4
BRF:54
BRH:6
end_of_record
TN:
SF:utils\totp.js
FN:10,(anonymous_0)
FN:13,(anonymous_1)
FN:18,(anonymous_2)
FNF:3
FNH:0
FNDA:0,(anonymous_0)
FNDA:0,(anonymous_1)
FNDA:0,(anonymous_2)
DA:1,1
DA:3,1
DA:10,1
DA:13,1
DA:14,0
DA:18,1
DA:19,0
DA:22,1
LF:8
LH:6
BRF:0
BRH:0
end_of_record
TN:
SF:validations\auth.js
FN:4,(anonymous_0)
FN:9,(anonymous_1)
FN:14,(anonymous_2)
FN:19,(anonymous_3)
FN:24,(anonymous_4)
FN:29,(anonymous_5)
FNF:6
FNH:4
FNDA:89,(anonymous_0)
FNDA:0,(anonymous_1)
FNDA:5,(anonymous_2)
FNDA:20,(anonymous_3)
FNDA:2,(anonymous_4)
FNDA:0,(anonymous_5)
DA:1,1
DA:3,1
DA:5,89
DA:6,1
DA:10,0
DA:11,0
DA:15,5
DA:16,1
DA:20,20
DA:21,1
DA:25,2
DA:26,1
DA:30,0
DA:31,0
LF:14
LH:10
BRDA:5,0,0,1
BRDA:5,0,1,88
BRDA:5,1,0,89
BRDA:5,1,1,89
BRDA:5,1,2,88
BRDA:10,2,0,0
BRDA:10,2,1,0
BRDA:15,3,0,1
BRDA:15,3,1,4
BRDA:20,4,0,1
BRDA:20,4,1,19
BRDA:25,5,0,1
BRDA:25,5,1,1
BRDA:25,6,0,2
BRDA:25,6,1,2
BRDA:30,7,0,0
BRDA:30,7,1,0
BRDA:30,8,0,0
BRDA:30,8,1,0
BRF:19
BRH:13
end_of_record
TN:
SF:validations\booking.js
FN:7,(anonymous_0)
FN:16,(anonymous_1)
FN:122,(anonymous_2)
FN:205,(anonymous_3)
FN:211,(anonymous_4)
FN:229,(anonymous_5)
FN:280,(anonymous_6)
FNF:7
FNH:7
FNDA:7,(anonymous_0)
FNDA:52,(anonymous_1)
FNDA:63,(anonymous_2)
FNDA:34,(anonymous_3)
FNDA:26,(anonymous_4)
FNDA:14,(anonymous_5)
FNDA:11,(anonymous_6)
DA:1,1
DA:2,1
DA:3,1
DA:4,1
DA:6,1
DA:8,7
DA:10,7
DA:12,7
DA:13,1
DA:21,52
DA:23,52
DA:24,4
DA:27,48
DA:31,3
DA:34,45
DA:40,4
DA:43,41
DA:44,1
DA:47,40
DA:51,1
DA:54,39
DA:55,39
DA:56,1
DA:59,38
DA:65,38
DA:66,1
DA:70,37
DA:71,1
DA:74,36
DA:80,36
DA:81,6
DA:82,1
DA:85,5
DA:86,2
DA:89,3
DA:90,1
DA:94,32
DA:103,1
DA:106,31
DA:107,2
DA:110,29
DA:111,1
DA:114,28
DA:115,1
DA:118,27
DA:119,1
DA:122,26
DA:123,63
DA:124,1
DA:127,62
DA:128,62
DA:129,1
DA:132,61
DA:133,49
DA:140,1
DA:143,48
DA:144,1
DA:147,47
DA:148,47
DA:149,1
DA:152,46
DA:153,1
DA:156,45
DA:157,1
DA:160,44
DA:161,1
DA:164,43
DA:165,1
DA:168,42
DA:169,1
DA:172,41
DA:173,1
DA:176,40
DA:177,1
DA:181,51
DA:183,51
DA:184,1
DA:185,50
DA:186,1
DA:187,49
DA:188,1
DA:192,11
DA:193,1
DA:196,10
DA:197,1
DA:200,9
DA:201,1
DA:204,8
DA:205,8
DA:206,34
DA:207,26
DA:211,8
DA:212,26
DA:213,1
DA:216,25
DA:217,1
DA:220,24
DA:221,1
DA:224,23
DA:225,1
DA:230,14
DA:232,14
DA:242,14
DA:243,1
DA:246,13
DA:247,1
DA:250,12
DA:251,1
DA:260,1
DA:266,1
DA:277,1
DA:287,11
DA:289,11
DA:290,1
DA:293,10
DA:294,1
DA:297,9
DA:298,9
DA:299,1
DA:302,8
DA:303,6
DA:304,1
DA:307,5
DA:308,1
DA:311,4
DA:312,1
DA:315,3
DA:316,1
DA:319,2
DA:320,1
LF:130
LH:130
BRDA:12,0,0,1
BRDA:12,0,1,6
BRDA:12,1,0,7
BRDA:12,1,1,3
BRDA:12,1,2,3
BRDA:23,2,0,4
BRDA:23,2,1,48
BRDA:23,3,0,52
BRDA:23,3,1,50
BRDA:23,3,2,49
BRDA:27,4,0,3
BRDA:27,4,1,45
BRDA:27,5,0,48
BRDA:27,5,1,47
BRDA:27,5,2,46
BRDA:34,6,0,4
BRDA:34,6,1,41
BRDA:34,7,0,45
BRDA:34,7,1,44
BRDA:34,7,2,43
BRDA:34,7,3,42
BRDA:34,7,4,42
BRDA:43,8,0,1
BRDA:43,8,1,40
BRDA:43,9,0,41
BRDA:43,9,1,40
BRDA:47,10,0,1
BRDA:47,10,1,39
BRDA:47,11,0,40
BRDA:47,11,1,39
BRDA:47,11,2,39
BRDA:47,11,3,5
BRDA:55,12,0,1
BRDA:55,12,1,38
BRDA:65,13,0,1
BRDA:65,13,1,37
BRDA:70,14,0,1
BRDA:70,14,1,36
BRDA:76,15,0,5
BRDA:76,15,1,31
BRDA:80,16,0,6
BRDA:80,16,1,30
BRDA:81,17,0,1
BRDA:81,17,1,5
BRDA:85,18,0,2
BRDA:85,18,1,3
BRDA:89,19,0,1
BRDA:89,19,1,2
BRDA:94,20,0,1
BRDA:94,20,1,31
BRDA:94,21,0,32
BRDA:94,21,1,31
BRDA:94,21,2,31
BRDA:94,21,3,31
BRDA:94,21,4,31
BRDA:94,21,5,31
BRDA:94,21,6,31
BRDA:94,21,7,31
BRDA:106,22,0,2
BRDA:106,22,1,29
BRDA:110,23,0,1
BRDA:110,23,1,28
BRDA:114,24,0,1
BRDA:114,24,1,27
BRDA:118,25,0,1
BRDA:118,25,1,26
BRDA:123,26,0,1
BRDA:123,26,1,62
BRDA:128,27,0,1
BRDA:128,27,1,61
BRDA:128,28,0,62
BRDA:128,28,1,62
BRDA:128,28,2,62
BRDA:132,29,0,49
BRDA:132,29,1,12
BRDA:133,30,0,1
BRDA:133,30,1,48
BRDA:133,31,0,49
BRDA:133,31,1,48
BRDA:133,31,2,48
BRDA:133,31,3,48
BRDA:133,31,4,48
BRDA:133,31,5,48
BRDA:143,32,0,1
BRDA:143,32,1,47
BRDA:143,33,0,48
BRDA:143,33,1,48
BRDA:143,33,2,48
BRDA:148,34,0,1
BRDA:148,34,1,46
BRDA:148,35,0,47
BRDA:148,35,1,47
BRDA:148,35,2,47
BRDA:152,36,0,1
BRDA:152,36,1,45
BRDA:152,37,0,46
BRDA:152,37,1,46
BRDA:152,37,2,45
BRDA:156,38,0,1
BRDA:156,38,1,44
BRDA:156,39,0,45
BRDA:156,39,1,45
BRDA:156,39,2,44
BRDA:160,40,0,1
BRDA:160,40,1,43
BRDA:160,41,0,44
BRDA:160,41,1,44
BRDA:160,41,2,44
BRDA:164,42,0,1
BRDA:164,42,1,42
BRDA:164,43,0,43
BRDA:164,43,1,43
BRDA:164,43,2,42
BRDA:168,44,0,1
BRDA:168,44,1,41
BRDA:168,45,0,42
BRDA:168,45,1,42
BRDA:172,46,0,1
BRDA:172,46,1,40
BRDA:172,47,0,41
BRDA:172,47,1,41
BRDA:172,47,2,40
BRDA:176,48,0,1
BRDA:176,48,1,39
BRDA:176,49,0,40
BRDA:176,49,1,40
BRDA:176,49,2,39
BRDA:183,50,0,1
BRDA:183,50,1,50
BRDA:183,51,0,51
BRDA:183,51,1,27
BRDA:185,52,0,1
BRDA:185,52,1,49
BRDA:185,53,0,50
BRDA:185,53,1,12
BRDA:185,53,2,12
BRDA:187,54,0,1
BRDA:187,54,1,48
BRDA:187,55,0,49
BRDA:187,55,1,12
BRDA:187,55,2,12
BRDA:192,56,0,1
BRDA:192,56,1,10
BRDA:192,57,0,11
BRDA:192,57,1,2
BRDA:196,58,0,1
BRDA:196,58,1,9
BRDA:200,59,0,1
BRDA:200,59,1,8
BRDA:206,60,0,26
BRDA:206,60,1,8
BRDA:212,61,0,1
BRDA:212,61,1,25
BRDA:212,62,0,26
BRDA:212,62,1,26
BRDA:212,62,2,26
BRDA:216,63,0,1
BRDA:216,63,1,24
BRDA:220,64,0,1
BRDA:220,64,1,23
BRDA:220,65,0,24
BRDA:220,65,1,24
BRDA:220,65,2,24
BRDA:224,66,0,1
BRDA:224,66,1,22
BRDA:242,67,0,1
BRDA:242,67,1,13
BRDA:246,68,0,1
BRDA:246,68,1,12
BRDA:250,69,0,1
BRDA:250,69,1,11
BRDA:250,70,0,12
BRDA:250,70,1,1
BRDA:289,71,0,1
BRDA:289,71,1,10
BRDA:289,72,0,11
BRDA:289,72,1,10
BRDA:293,73,0,1
BRDA:293,73,1,9
BRDA:293,74,0,10
BRDA:293,74,1,10
BRDA:298,75,0,1
BRDA:298,75,1,8
BRDA:302,76,0,6
BRDA:302,76,1,2
BRDA:303,77,0,1
BRDA:303,77,1,5
BRDA:303,78,0,6
BRDA:303,78,1,5
BRDA:303,78,2,5
BRDA:307,79,0,1
BRDA:307,79,1,4
BRDA:307,80,0,5
BRDA:307,80,1,4
BRDA:307,80,2,4
BRDA:311,81,0,1
BRDA:311,81,1,3
BRDA:311,82,0,4
BRDA:311,82,1,3
BRDA:311,82,2,3
BRDA:315,83,0,1
BRDA:315,83,1,2
BRDA:319,84,0,1
BRDA:319,84,1,1
BRF:204
BRH:204
end_of_record
TN:
SF:validations\homepage.js
FN:4,(anonymous_0)
FNF:1
FNH:0
FNDA:0,(anonymous_0)
DA:1,1
DA:3,1
DA:5,0
DA:7,0
DA:8,0
DA:9,0
DA:12,0
DA:13,0
DA:16,0
DA:17,0
DA:21,0
DA:22,0
DA:23,0
DA:24,0
DA:27,0
DA:28,0
LF:16
LH:2
BRDA:7,0,0,0
BRDA:7,0,1,0
BRDA:7,1,0,0
BRDA:7,1,1,0
BRDA:8,2,0,0
BRDA:8,2,1,0
BRDA:12,3,0,0
BRDA:12,3,1,0
BRDA:16,4,0,0
BRDA:16,4,1,0
BRDA:21,5,0,0
BRDA:21,5,1,0
BRDA:21,6,0,0
BRDA:21,6,1,0
BRDA:23,7,0,0
BRDA:23,7,1,0
BRDA:27,8,0,0
BRDA:27,8,1,0
BRF:18
BRH:0
end_of_record
TN:
SF:validations\notification.js
FN:7,(anonymous_0)
FN:27,(anonymous_1)
FN:36,(anonymous_2)
FNF:3
FNH:0
FNDA:0,(anonymous_0)
FNDA:0,(anonymous_1)
FNDA:0,(anonymous_2)
DA:1,1
DA:2,1
DA:3,1
DA:4,1
DA:6,1
DA:8,0
DA:10,0
DA:11,0
DA:12,0
DA:15,0
DA:21,0
DA:22,0
DA:28,0
DA:30,0
DA:31,0
DA:32,0
DA:33,0
DA:37,0
DA:39,0
DA:40,0
DA:41,0
DA:42,0
LF:22
LH:5
BRDA:10,0,0,0
BRDA:10,0,1,0
BRDA:11,1,0,0
BRDA:11,1,1,0
BRDA:21,2,0,0
BRDA:21,2,1,0
BRDA:30,3,0,0
BRDA:30,3,1,0
BRDA:32,4,0,0
BRDA:32,4,1,0
BRDA:39,5,0,0
BRDA:39,5,1,0
BRDA:41,6,0,0
BRDA:41,6,1,0
BRF:14
BRH:0
end_of_record
TN:
SF:validations\schedule.js
FN:7,(anonymous_0)
FN:27,(anonymous_1)
FN:97,(anonymous_2)
FN:180,(anonymous_3)
FN:237,(anonymous_4)
FNF:5
FNH:0
FNDA:0,(anonymous_0)
FNDA:0,(anonymous_1)
FNDA:0,(anonymous_2)
FNDA:0,(anonymous_3)
FNDA:0,(anonymous_4)
DA:1,1
DA:2,1
DA:3,1
DA:5,1
DA:8,0
DA:10,0
DA:11,0
DA:12,0
DA:13,0
DA:16,0
DA:22,0
DA:23,0
DA:36,0
DA:38,0
DA:46,0
DA:50,0
DA:58,0
DA:61,0
DA:67,0
DA:68,0
DA:72,0
DA:73,0
DA:77,0
DA:78,0
DA:82,0
DA:83,0
DA:84,0
DA:88,0
DA:89,0
DA:92,0
DA:93,0
DA:107,0
DA:109,0
DA:111,0
DA:112,0
DA:115,0
DA:116,0
DA:119,0
DA:120,0
DA:121,0
DA:124,0
DA:125,0
DA:129,0
DA:130,0
DA:131,0
DA:134,0
DA:135,0
DA:139,0
DA:140,0
DA:141,0
DA:144,0
DA:145,0
DA:146,0
DA:150,0
DA:151,0
DA:154,0
DA:160,0
DA:161,0
DA:162,0
DA:165,0
DA:166,0
DA:170,0
DA:171,0
DA:172,0
DA:175,0
DA:176,0
DA:194,0
DA:196,0
DA:197,0
DA:198,0
DA:200,0
DA:219,0
DA:222,0
DA:223,0
DA:226,0
DA:227,0
DA:230,0
DA:231,0
DA:232,0
DA:235,0
DA:237,0
DA:238,0
DA:239,0
DA:244,0
DA:247,0
DA:250,0
DA:251,0
DA:254,0
DA:255,0
LF:89
LH:4
BRDA:10,0,0,0
BRDA:10,0,1,0
BRDA:12,1,0,0
BRDA:12,1,1,0
BRDA:22,2,0,0
BRDA:22,2,1,0
BRDA:38,3,0,0
BRDA:38,3,1,0
BRDA:38,4,0,0
BRDA:38,4,1,0
BRDA:38,4,2,0
BRDA:38,4,3,0
BRDA:38,4,4,0
BRDA:38,4,5,0
BRDA:38,4,6,0
BRDA:50,5,0,0
BRDA:50,5,1,0
BRDA:50,6,0,0
BRDA:50,6,1,0
BRDA:50,6,2,0
BRDA:50,6,3,0
BRDA:50,6,4,0
BRDA:50,6,5,0
BRDA:50,6,6,0
BRDA:67,7,0,0
BRDA:67,7,1,0
BRDA:72,8,0,0
BRDA:72,8,1,0
BRDA:72,9,0,0
BRDA:72,9,1,0
BRDA:77,10,0,0
BRDA:77,10,1,0
BRDA:83,11,0,0
BRDA:83,11,1,0
BRDA:88,12,0,0
BRDA:88,12,1,0
BRDA:92,13,0,0
BRDA:92,13,1,0
BRDA:111,14,0,0
BRDA:111,14,1,0
BRDA:111,15,0,0
BRDA:111,15,1,0
BRDA:115,16,0,0
BRDA:115,16,1,0
BRDA:115,17,0,0
BRDA:115,17,1,0
BRDA:115,17,2,0
BRDA:115,17,3,0
BRDA:115,17,4,0
BRDA:115,17,5,0
BRDA:119,18,0,0
BRDA:119,18,1,0
BRDA:120,19,0,0
BRDA:120,19,1,0
BRDA:124,20,0,0
BRDA:124,20,1,0
BRDA:129,21,0,0
BRDA:129,21,1,0
BRDA:130,22,0,0
BRDA:130,22,1,0
BRDA:130,23,0,0
BRDA:130,23,1,0
BRDA:134,24,0,0
BRDA:134,24,1,0
BRDA:139,25,0,0
BRDA:139,25,1,0
BRDA:140,26,0,0
BRDA:140,26,1,0
BRDA:140,27,0,0
BRDA:140,27,1,0
BRDA:145,28,0,0
BRDA:145,28,1,0
BRDA:145,29,0,0
BRDA:145,29,1,0
BRDA:150,30,0,0
BRDA:150,30,1,0
BRDA:150,31,0,0
BRDA:150,31,1,0
BRDA:160,32,0,0
BRDA:160,32,1,0
BRDA:161,33,0,0
BRDA:161,33,1,0
BRDA:165,34,0,0
BRDA:165,34,1,0
BRDA:170,35,0,0
BRDA:170,35,1,0
BRDA:171,36,0,0
BRDA:171,36,1,0
BRDA:175,37,0,0
BRDA:175,37,1,0
BRDA:200,38,0,0
BRDA:200,38,1,0
BRDA:200,39,0,0
BRDA:200,39,1,0
BRDA:200,39,2,0
BRDA:200,39,3,0
BRDA:200,39,4,0
BRDA:200,39,5,0
BRDA:200,39,6,0
BRDA:200,39,7,0
BRDA:200,39,8,0
BRDA:200,39,9,0
BRDA:200,39,10,0
BRDA:200,39,11,0
BRDA:200,39,12,0
BRDA:200,39,13,0
BRDA:200,39,14,0
BRDA:200,39,15,0
BRDA:200,39,16,0
BRDA:200,39,17,0
BRDA:200,39,18,0
BRDA:200,39,19,0
BRDA:200,39,20,0
BRDA:200,39,21,0
BRDA:200,39,22,0
BRDA:200,39,23,0
BRDA:200,39,24,0
BRDA:200,39,25,0
BRDA:200,39,26,0
BRDA:200,39,27,0
BRDA:200,39,28,0
BRDA:200,39,29,0
BRDA:200,39,30,0
BRDA:200,39,31,0
BRDA:200,39,32,0
BRDA:200,39,33,0
BRDA:200,39,34,0
BRDA:200,39,35,0
BRDA:222,40,0,0
BRDA:222,40,1,0
BRDA:222,41,0,0
BRDA:222,41,1,0
BRDA:226,42,0,0
BRDA:226,42,1,0
BRDA:226,43,0,0
BRDA:226,43,1,0
BRDA:230,44,0,0
BRDA:230,44,1,0
BRDA:231,45,0,0
BRDA:231,45,1,0
BRDA:238,46,0,0
BRDA:238,46,1,0
BRDA:244,47,0,0
BRDA:244,47,1,0
BRDA:244,48,0,0
BRDA:244,48,1,0
BRDA:244,48,2,0
BRDA:244,48,3,0
BRDA:250,49,0,0
BRDA:250,49,1,0
BRDA:250,50,0,0
BRDA:250,50,1,0
BRDA:254,51,0,0
BRDA:254,51,1,0
BRDA:254,52,0,0
BRDA:254,52,1,0
BRF:156
BRH:0
end_of_record
TN:
SF:validations\user.js
FN:7,(anonymous_0)
FN:44,(anonymous_1)
FN:65,(anonymous_2)
FN:84,(anonymous_3)
FN:104,(anonymous_4)
FN:116,(anonymous_5)
FN:135,(anonymous_6)
FN:192,(anonymous_7)
FN:211,(anonymous_8)
FN:270,(anonymous_9)
FNF:10
FNH:0
FNDA:0,(anonymous_0)
FNDA:0,(anonymous_1)
FNDA:0,(anonymous_2)
FNDA:0,(anonymous_3)
FNDA:0,(anonymous_4)
FNDA:0,(anonymous_5)
FNDA:0,(anonymous_6)
FNDA:0,(anonymous_7)
FNDA:0,(anonymous_8)
FNDA:0,(anonymous_9)
DA:1,1
DA:2,1
DA:3,1
DA:4,1
DA:6,1
DA:8,0
DA:9,0
DA:12,0
DA:13,0
DA:16,0
DA:17,0
DA:20,0
DA:21,0
DA:24,0
DA:30,0
DA:31,0
DA:34,0
DA:36,0
DA:37,0
DA:40,0
DA:41,0
DA:45,0
DA:46,0
DA:49,0
DA:50,0
DA:53,0
DA:54,0
DA:57,0
DA:58,0
DA:61,0
DA:62,0
DA:66,0
DA:67,0
DA:70,0
DA:71,0
DA:74,0
DA:76,0
DA:77,0
DA:80,0
DA:81,0
DA:85,0
DA:87,0
DA:88,0
DA:91,0
DA:92,0
DA:95,0
DA:96,0
DA:97,0
DA:100,0
DA:101,0
DA:105,0
DA:107,0
DA:108,0
DA:111,0
DA:112,0
DA:113,0
DA:117,0
DA:119,0
DA:120,0
DA:123,0
DA:124,0
DA:127,0
DA:128,0
DA:131,0
DA:132,0
DA:136,0
DA:139,0
DA:140,0
DA:143,0
DA:150,0
DA:154,0
DA:158,0
DA:159,0
DA:162,0
DA:165,0
DA:168,0
DA:169,0
DA:172,0
DA:178,0
DA:179,0
DA:183,0
DA:184,0
DA:187,0
DA:188,0
DA:189,0
DA:193,0
DA:195,0
DA:196,0
DA:197,0
DA:198,0
DA:201,0
DA:207,0
DA:208,0
DA:212,0
DA:213,0
DA:220,0
DA:221,0
DA:224,0
DA:229,0
DA:233,0
DA:234,0
DA:238,0
DA:239,0
DA:242,0
DA:245,0
DA:250,0
DA:251,0
DA:252,0
DA:255,0
DA:261,0
DA:262,0
DA:266,0
DA:267,0
DA:271,0
DA:272,0
LF:115
LH:5
BRDA:8,0,0,0
BRDA:8,0,1,0
BRDA:8,1,0,0
BRDA:8,1,1,0
BRDA:8,1,2,0
BRDA:8,1,3,0
BRDA:12,2,0,0
BRDA:12,2,1,0
BRDA:12,3,0,0
BRDA:12,3,1,0
BRDA:12,3,2,0
BRDA:12,3,3,0
BRDA:16,4,0,0
BRDA:16,4,1,0
BRDA:20,5,0,0
BRDA:20,5,1,0
BRDA:20,6,0,0
BRDA:20,6,1,0
BRDA:20,6,2,0
BRDA:30,7,0,0
BRDA:30,7,1,0
BRDA:36,8,0,0
BRDA:36,8,1,0
BRDA:40,9,0,0
BRDA:40,9,1,0
BRDA:40,10,0,0
BRDA:40,10,1,0
BRDA:45,11,0,0
BRDA:45,11,1,0
BRDA:45,12,0,0
BRDA:45,12,1,0
BRDA:49,13,0,0
BRDA:49,13,1,0
BRDA:53,14,0,0
BRDA:53,14,1,0
BRDA:57,15,0,0
BRDA:57,15,1,0
BRDA:61,16,0,0
BRDA:61,16,1,0
BRDA:66,17,0,0
BRDA:66,17,1,0
BRDA:70,18,0,0
BRDA:70,18,1,0
BRDA:76,19,0,0
BRDA:76,19,1,0
BRDA:76,20,0,0
BRDA:76,20,1,0
BRDA:80,21,0,0
BRDA:80,21,1,0
BRDA:87,22,0,0
BRDA:87,22,1,0
BRDA:87,23,0,0
BRDA:87,23,1,0
BRDA:91,24,0,0
BRDA:91,24,1,0
BRDA:91,25,0,0
BRDA:91,25,1,0
BRDA:96,26,0,0
BRDA:96,26,1,0
BRDA:100,27,0,0
BRDA:100,27,1,0
BRDA:100,28,0,0
BRDA:100,28,1,0
BRDA:107,29,0,0
BRDA:107,29,1,0
BRDA:112,30,0,0
BRDA:112,30,1,0
BRDA:119,31,0,0
BRDA:119,31,1,0
BRDA:119,32,0,0
BRDA:119,32,1,0
BRDA:119,32,2,0
BRDA:123,33,0,0
BRDA:123,33,1,0
BRDA:123,34,0,0
BRDA:123,34,1,0
BRDA:123,34,2,0
BRDA:127,35,0,0
BRDA:127,35,1,0
BRDA:127,36,0,0
BRDA:127,36,1,0
BRDA:131,37,0,0
BRDA:131,37,1,0
BRDA:139,38,0,0
BRDA:139,38,1,0
BRDA:139,39,0,0
BRDA:139,39,1,0
BRDA:139,39,2,0
BRDA:139,39,3,0
BRDA:139,39,4,0
BRDA:143,40,0,0
BRDA:143,40,1,0
BRDA:143,41,0,0
BRDA:143,41,1,0
BRDA:143,41,2,0
BRDA:143,41,3,0
BRDA:143,41,4,0
BRDA:143,41,5,0
BRDA:143,41,6,0
BRDA:158,42,0,0
BRDA:158,42,1,0
BRDA:162,43,0,0
BRDA:162,43,1,0
BRDA:168,44,0,0
BRDA:168,44,1,0
BRDA:168,45,0,0
BRDA:168,45,1,0
BRDA:168,45,2,0
BRDA:178,46,0,0
BRDA:178,46,1,0
BRDA:183,47,0,0
BRDA:183,47,1,0
BRDA:183,48,0,0
BRDA:183,48,1,0
BRDA:188,49,0,0
BRDA:188,49,1,0
BRDA:195,50,0,0
BRDA:195,50,1,0
BRDA:197,51,0,0
BRDA:197,51,1,0
BRDA:207,52,0,0
BRDA:207,52,1,0
BRDA:220,53,0,0
BRDA:220,53,1,0
BRDA:220,54,0,0
BRDA:220,54,1,0
BRDA:220,54,2,0
BRDA:220,54,3,0
BRDA:224,55,0,0
BRDA:224,55,1,0
BRDA:224,56,0,0
BRDA:224,56,1,0
BRDA:224,56,2,0
BRDA:224,56,3,0
BRDA:224,56,4,0
BRDA:224,56,5,0
BRDA:224,56,6,0
BRDA:224,56,7,0
BRDA:233,57,0,0
BRDA:233,57,1,0
BRDA:238,58,0,0
BRDA:238,58,1,0
BRDA:238,59,0,0
BRDA:238,59,1,0
BRDA:242,60,0,0
BRDA:242,60,1,0
BRDA:250,61,0,0
BRDA:250,61,1,0
BRDA:251,62,0,0
BRDA:251,62,1,0
BRDA:251,63,0,0
BRDA:251,63,1,0
BRDA:251,63,2,0
BRDA:261,64,0,0
BRDA:261,64,1,0
BRDA:261,65,0,0
BRDA:261,65,1,0
BRDA:266,66,0,0
BRDA:266,66,1,0
BRDA:266,67,0,0
BRDA:266,67,1,0
BRDA:266,67,2,0
BRDA:271,68,0,0
BRDA:271,68,1,0
BRDA:271,69,0,0
BRDA:271,69,1,0
BRF:166
BRH:0
end_of_record
