TN:
SF:app.js
FN:22,(anonymous_0)
FNF:1
FNH:1
FNDA:6,(anonymous_0)
DA:1,6
DA:2,6
DA:5,6
DA:6,6
DA:7,6
DA:8,6
DA:9,6
DA:10,6
DA:11,6
DA:13,6
DA:14,6
DA:16,6
DA:17,6
DA:18,6
DA:19,6
DA:20,6
DA:22,6
DA:23,6
DA:26,6
DA:28,6
LF:20
LH:20
BRDA:1,0,0,6
BRDA:1,0,1,0
BRDA:14,1,0,6
BRDA:14,1,1,6
BRF:4
BRH:3
end_of_record
TN:
SF:configs\googleOauth.js
FNF:0
FNH:0
DA:1,6
LF:1
LH:1
BRF:0
BRH:0
end_of_record
TN:
SF:configs\mailer.js
FNF:0
FNH:0
DA:1,6
DA:3,6
LF:2
LH:2
BRF:0
BRH:0
end_of_record
TN:
SF:controllers\auth.js
FN:8,(anonymous_0)
FN:60,(anonymous_1)
FN:101,(anonymous_2)
FN:131,(anonymous_3)
FN:151,(anonymous_4)
FN:163,(anonymous_5)
FN:208,(anonymous_6)
FN:223,(anonymous_7)
FN:239,(anonymous_8)
FNF:9
FNH:8
FNDA:8,(anonymous_0)
FNDA:5,(anonymous_1)
FNDA:10,(anonymous_2)
FNDA:7,(anonymous_3)
FNDA:1,(anonymous_4)
FNDA:4,(anonymous_5)
FNDA:6,(anonymous_6)
FNDA:3,(anonymous_7)
FNDA:0,(anonymous_8)
DA:1,6
DA:2,6
DA:3,6
DA:4,6
DA:5,6
DA:7,6
DA:9,8
DA:11,8
DA:14,1
DA:17,1
DA:43,1
DA:57,7
DA:61,5
DA:62,5
DA:63,1
DA:66,1
DA:92,1
DA:98,4
DA:102,10
DA:103,10
DA:104,5
DA:105,1
DA:113,1
DA:128,9
DA:132,7
DA:133,7
DA:134,4
DA:135,4
DA:136,2
DA:138,2
DA:148,5
DA:152,1
DA:154,1
DA:164,4
DA:165,4
DA:166,2
DA:167,2
DA:168,1
DA:170,1
DA:199,1
DA:205,3
DA:209,6
DA:210,6
DA:211,2
DA:212,2
DA:214,1
DA:220,5
DA:224,3
DA:225,3
DA:227,2
DA:229,1
DA:236,2
DA:240,0
DA:247,0
DA:249,0
DA:251,0
DA:267,0
LF:57
LH:52
BRF:0
BRH:0
end_of_record
TN:
SF:controllers\booking.js
FN:6,(anonymous_0)
FN:26,(anonymous_1)
FN:40,(anonymous_2)
FN:70,(anonymous_3)
FNF:4
FNH:4
FNDA:7,(anonymous_0)
FNDA:1,(anonymous_1)
FNDA:52,(anonymous_2)
FNDA:14,(anonymous_3)
DA:1,6
DA:2,6
DA:3,6
DA:5,6
DA:7,7
DA:8,7
DA:9,6
DA:11,6
DA:23,1
DA:27,1
DA:28,1
DA:30,1
DA:37,0
DA:41,52
DA:42,52
DA:43,4
DA:44,4
DA:53,4
DA:60,4
DA:67,48
DA:71,14
DA:72,14
DA:73,11
DA:74,3
DA:75,3
DA:82,3
DA:88,11
LF:27
LH:26
BRDA:14,0,0,5
BRDA:14,0,1,1
BRF:2
BRH:2
end_of_record
TN:
SF:controllers\homepage.js
FN:5,(anonymous_0)
FN:28,(anonymous_1)
FNF:2
FNH:2
FNDA:12,(anonymous_0)
FNDA:1,(anonymous_1)
DA:1,6
DA:2,6
DA:4,6
DA:6,12
DA:7,12
DA:8,9
DA:10,8
DA:25,4
DA:29,1
DA:30,1
DA:31,1
DA:43,0
LF:12
LH:11
BRDA:13,0,0,8
BRDA:13,0,1,0
BRDA:14,1,0,8
BRDA:14,1,1,0
BRDA:34,2,0,1
BRDA:34,2,1,0
BRF:6
BRH:3
end_of_record
TN:
SF:controllers\notification.js
FN:5,(anonymous_0)
FN:21,(anonymous_1)
FN:35,(anonymous_2)
FNF:3
FNH:3
FNDA:3,(anonymous_0)
FNDA:1,(anonymous_1)
FNDA:3,(anonymous_2)
DA:1,6
DA:2,6
DA:4,6
DA:6,3
DA:7,3
DA:8,2
DA:10,2
DA:18,1
DA:22,1
DA:23,1
DA:25,1
DA:32,0
DA:36,3
DA:37,3
DA:38,1
DA:40,1
DA:46,2
LF:17
LH:16
BRDA:13,0,0,0
BRDA:13,0,1,2
BRF:2
BRH:1
end_of_record
TN:
SF:controllers\schedule.js
FN:5,(anonymous_0)
FN:22,(anonymous_1)
FN:36,(anonymous_2)
FN:51,(anonymous_3)
FN:91,(anonymous_4)
FNF:5
FNH:5
FNDA:9,(anonymous_0)
FNDA:3,(anonymous_1)
FNDA:3,(anonymous_2)
FNDA:38,(anonymous_3)
FNDA:19,(anonymous_4)
DA:1,6
DA:2,6
DA:4,6
DA:6,9
DA:7,9
DA:8,1
DA:10,1
DA:19,8
DA:23,3
DA:24,3
DA:25,1
DA:27,1
DA:33,2
DA:37,3
DA:38,3
DA:39,1
DA:41,1
DA:48,2
DA:52,38
DA:53,38
DA:54,27
DA:56,26
DA:57,9
DA:73,17
DA:88,12
DA:92,19
DA:93,19
DA:94,17
DA:95,4
DA:97,4
DA:103,15
LF:31
LH:31
BRDA:56,0,0,9
BRDA:56,0,1,17
BRF:2
BRH:2
end_of_record
TN:
SF:controllers\user.js
FN:6,(anonymous_0)
FN:29,(anonymous_1)
FN:52,(anonymous_2)
FN:67,(anonymous_3)
FN:97,(anonymous_4)
FNF:5
FNH:5
FNDA:9,(anonymous_0)
FNDA:2,(anonymous_1)
FNDA:2,(anonymous_2)
FNDA:8,(anonymous_3)
FNDA:3,(anonymous_4)
DA:1,6
DA:2,6
DA:3,6
DA:5,6
DA:7,9
DA:8,9
DA:9,1
DA:11,1
DA:26,8
DA:30,2
DA:31,2
DA:33,2
DA:34,1
DA:42,1
DA:49,0
DA:53,2
DA:54,2
DA:55,1
DA:57,1
DA:64,1
DA:68,8
DA:69,8
DA:70,8
DA:71,1
DA:72,1
DA:79,1
DA:94,7
DA:98,3
DA:99,3
DA:100,1
DA:102,1
DA:108,2
LF:32
LH:31
BRDA:33,0,0,1
BRDA:33,0,1,1
BRF:2
BRH:2
end_of_record
TN:
SF:middlewares\restrict.js
FN:9,(anonymous_0)
FN:14,(anonymous_1)
FN:30,(anonymous_2)
FN:35,(anonymous_3)
FN:54,(anonymous_4)
FN:59,(anonymous_5)
FN:92,(anonymous_6)
FN:139,(anonymous_7)
FN:144,(anonymous_8)
FN:159,(anonymous_9)
FN:192,(anonymous_10)
FNF:11
FNH:11
FNDA:57,(anonymous_0)
FNDA:56,(anonymous_1)
FNDA:16,(anonymous_2)
FNDA:14,(anonymous_3)
FNDA:22,(anonymous_4)
FNDA:22,(anonymous_5)
FNDA:14,(anonymous_6)
FNDA:60,(anonymous_7)
FNDA:57,(anonymous_8)
FNDA:6,(anonymous_9)
FNDA:12,(anonymous_10)
DA:1,6
DA:2,6
DA:3,6
DA:4,6
DA:5,6
DA:6,6
DA:8,6
DA:10,57
DA:11,57
DA:13,56
DA:14,56
DA:15,56
DA:16,3
DA:19,53
DA:20,0
DA:23,53
DA:24,53
DA:27,4
DA:31,16
DA:32,16
DA:34,14
DA:35,14
DA:36,14
DA:37,2
DA:40,12
DA:42,11
DA:44,1
DA:47,10
DA:48,10
DA:51,6
DA:55,22
DA:56,22
DA:58,22
DA:59,22
DA:60,22
DA:61,22
DA:62,2
DA:65,20
DA:67,19
DA:73,19
DA:74,2
DA:77,17
DA:79,2
DA:82,15
DA:83,15
DA:85,7
DA:89,0
DA:93,14
DA:94,14
DA:96,13
DA:99,13
DA:100,13
DA:102,1
DA:103,1
DA:105,0
DA:108,12
DA:109,2
DA:112,10
DA:113,5
DA:115,4
DA:116,1
DA:120,8
DA:121,2
DA:123,1
DA:129,1
DA:130,0
DA:134,7
DA:136,7
DA:140,60
DA:141,60
DA:143,57
DA:144,57
DA:145,57
DA:146,6
DA:149,51
DA:150,6
DA:153,45
DA:156,15
DA:160,6
DA:161,6
DA:163,6
DA:166,6
DA:167,6
DA:169,1
DA:170,1
DA:172,0
DA:175,5
DA:176,1
DA:179,4
DA:180,3
DA:182,2
DA:183,0
DA:187,3
DA:189,3
DA:193,12
DA:194,12
DA:196,12
DA:199,12
DA:200,12
DA:202,2
DA:203,2
DA:205,0
DA:208,10
DA:209,8
DA:215,8
DA:216,2
DA:219,6
DA:222,2
DA:225,4
DA:227,8
LF:110
LH:103
BRDA:15,0,0,3
BRDA:15,0,1,53
BRDA:19,1,0,0
BRDA:19,1,1,53
BRDA:19,2,0,53
BRDA:19,2,1,0
BRDA:36,3,0,2
BRDA:36,3,1,12
BRDA:42,4,0,1
BRDA:42,4,1,10
BRDA:42,5,0,11
BRDA:42,5,1,10
BRDA:42,5,2,2
BRDA:42,6,0,11
BRDA:42,6,1,3
BRDA:61,7,0,2
BRDA:61,7,1,20
BRDA:73,8,0,2
BRDA:73,8,1,17
BRDA:77,9,0,2
BRDA:77,9,1,15
BRDA:77,10,0,17
BRDA:77,10,1,17
BRDA:77,10,2,2
BRDA:77,11,0,17
BRDA:77,11,1,0
BRDA:102,12,0,1
BRDA:102,12,1,0
BRDA:102,13,0,1
BRDA:102,13,1,0
BRDA:108,14,0,2
BRDA:108,14,1,10
BRDA:108,15,0,12
BRDA:108,15,1,9
BRDA:108,15,2,7
BRDA:108,15,3,5
BRDA:112,16,0,5
BRDA:112,16,1,5
BRDA:115,17,0,1
BRDA:115,17,1,3
BRDA:115,18,0,4
BRDA:115,18,1,2
BRDA:120,19,0,2
BRDA:120,19,1,6
BRDA:129,20,0,0
BRDA:129,20,1,1
BRDA:129,21,0,1
BRDA:129,21,1,1
BRDA:129,21,2,1
BRDA:145,22,0,6
BRDA:145,22,1,51
BRDA:149,23,0,6
BRDA:149,23,1,45
BRDA:169,24,0,1
BRDA:169,24,1,0
BRDA:169,25,0,1
BRDA:169,25,1,0
BRDA:175,26,0,1
BRDA:175,26,1,4
BRDA:175,27,0,5
BRDA:175,27,1,2
BRDA:179,28,0,3
BRDA:179,28,1,1
BRDA:182,29,0,0
BRDA:182,29,1,2
BRDA:182,30,0,2
BRDA:182,30,1,1
BRDA:202,31,0,2
BRDA:202,31,1,0
BRDA:202,32,0,2
BRDA:202,32,1,0
BRDA:215,33,0,2
BRDA:215,33,1,6
BRDA:219,34,0,2
BRDA:219,34,1,4
BRDA:219,35,0,6
BRDA:219,35,1,6
BRDA:219,35,2,2
BRDA:219,36,0,6
BRDA:219,36,1,0
BRF:80
BRH:68
end_of_record
TN:
SF:models\auth.js
FN:10,(anonymous_0)
FN:29,(anonymous_1)
FN:39,(anonymous_2)
FN:74,(anonymous_3)
FN:86,(anonymous_4)
FN:104,(anonymous_5)
FN:108,(anonymous_6)
FN:136,(anonymous_7)
FN:166,(anonymous_8)
FNF:9
FNH:9
FNDA:1,(anonymous_0)
FNDA:6,(anonymous_1)
FNDA:5,(anonymous_2)
FNDA:1,(anonymous_3)
FNDA:4,(anonymous_4)
FNDA:1,(anonymous_5)
FNDA:2,(anonymous_6)
FNDA:2,(anonymous_7)
FNDA:2,(anonymous_8)
DA:1,6
DA:2,6
DA:3,6
DA:4,6
DA:5,6
DA:6,6
DA:7,6
DA:11,1
DA:12,1
DA:13,1
DA:24,1
DA:26,1
DA:30,6
DA:36,6
DA:40,5
DA:46,5
DA:47,1
DA:50,4
DA:51,1
DA:55,3
DA:57,3
DA:58,2
DA:62,1
DA:71,1
DA:75,1
DA:81,1
DA:83,1
DA:87,4
DA:91,4
DA:92,2
DA:95,2
DA:105,1
DA:109,2
DA:115,2
DA:116,1
DA:119,1
DA:120,1
DA:121,1
DA:123,1
DA:133,1
DA:137,2
DA:139,2
DA:148,2
DA:149,1
DA:152,1
DA:154,1
DA:167,2
DA:168,2
DA:170,1
DA:174,1
DA:175,0
DA:181,1
DA:191,6
LF:53
LH:52
BRDA:30,0,0,6
BRDA:30,0,1,3
BRDA:46,1,0,1
BRDA:46,1,1,4
BRDA:50,2,0,1
BRDA:50,2,1,3
BRDA:50,3,0,4
BRDA:50,3,1,4
BRDA:57,4,0,2
BRDA:57,4,1,1
BRDA:91,5,0,2
BRDA:91,5,1,2
BRDA:91,6,0,4
BRDA:91,6,1,2
BRDA:115,7,0,1
BRDA:115,7,1,1
BRDA:148,8,0,1
BRDA:148,8,1,1
BRDA:174,9,0,0
BRDA:174,9,1,1
BRF:20
BRH:19
end_of_record
TN:
SF:models\booking.js
FN:12,(anonymous_0)
FN:25,(anonymous_1)
FN:46,(anonymous_2)
FN:57,(anonymous_3)
FN:66,(anonymous_4)
FN:94,(anonymous_5)
FN:182,(anonymous_6)
FN:226,(anonymous_7)
FN:230,(anonymous_8)
FN:245,(anonymous_9)
FN:268,(anonymous_10)
FN:272,(anonymous_11)
FN:305,(anonymous_12)
FNF:13
FNH:13
FNDA:1,(anonymous_0)
FNDA:1,(anonymous_1)
FNDA:6,(anonymous_2)
FNDA:17,(anonymous_3)
FNDA:17,(anonymous_4)
FNDA:4,(anonymous_5)
FNDA:12,(anonymous_6)
FNDA:16,(anonymous_7)
FNDA:24,(anonymous_8)
FNDA:3,(anonymous_9)
FNDA:4,(anonymous_10)
FNDA:6,(anonymous_11)
FNDA:3,(anonymous_12)
DA:1,6
DA:2,6
DA:3,6
DA:4,6
DA:5,6
DA:6,6
DA:7,6
DA:8,6
DA:9,6
DA:13,1
DA:19,1
DA:25,1
DA:26,1
DA:27,1
DA:28,1
DA:30,1
DA:47,6
DA:48,6
DA:56,6
DA:59,17
DA:66,17
DA:69,17
DA:70,17
DA:71,17
DA:74,17
DA:91,6
DA:99,4
DA:101,4
DA:102,4
DA:103,4
DA:104,4
DA:107,4
DA:118,4
DA:126,4
DA:127,1
DA:136,4
DA:142,4
DA:148,4
DA:151,4
DA:152,4
DA:155,4
DA:156,4
DA:158,4
DA:160,2
DA:161,2
DA:163,1
DA:166,1
DA:167,1
DA:168,1
DA:172,4
DA:182,4
DA:183,12
DA:192,12
DA:199,12
DA:206,4
DA:221,4
DA:222,0
DA:226,4
DA:227,16
DA:230,24
DA:245,4
DA:246,3
DA:253,3
DA:260,3
DA:267,4
DA:268,1
DA:269,4
DA:272,6
DA:286,1
DA:298,4
DA:312,3
DA:314,3
DA:323,3
DA:335,3
DA:336,3
DA:346,3
DA:354,6
LF:77
LH:76
BRDA:38,0,0,0
BRDA:38,0,1,1
BRDA:82,1,0,0
BRDA:82,1,1,17
BRDA:126,2,0,1
BRDA:126,2,1,3
BRDA:142,3,0,1
BRDA:142,3,1,3
BRDA:148,4,0,1
BRDA:148,4,1,3
BRDA:156,5,0,4
BRDA:156,5,1,3
BRDA:156,5,2,0
BRDA:156,5,3,0
BRDA:158,6,0,2
BRDA:158,6,1,2
BRDA:161,7,0,1
BRDA:161,7,1,1
BRDA:161,8,0,2
BRDA:161,8,1,1
BRDA:221,9,0,0
BRDA:221,9,1,4
BRDA:230,10,0,12
BRDA:230,10,1,4
BRDA:231,11,0,16
BRDA:231,11,1,4
BRDA:233,12,0,16
BRDA:233,12,1,4
BRDA:234,13,0,16
BRDA:234,13,1,4
BRDA:235,14,0,16
BRDA:235,14,1,4
BRDA:236,15,0,12
BRDA:236,15,1,4
BRDA:237,16,0,16
BRDA:237,16,1,4
BRDA:238,17,0,16
BRDA:238,17,1,4
BRDA:239,18,0,16
BRDA:239,18,1,4
BRDA:240,19,0,12
BRDA:240,19,1,4
BRDA:245,20,0,1
BRDA:245,20,1,3
BRDA:267,21,0,1
BRDA:267,21,1,3
BRDA:272,22,0,3
BRDA:272,22,1,1
BRDA:278,23,0,3
BRDA:278,23,1,1
BRDA:281,24,0,3
BRDA:281,24,1,1
BRDA:329,25,0,3
BRDA:329,25,1,2
BRDA:330,26,0,3
BRDA:330,26,1,2
BRDA:331,27,0,3
BRDA:331,27,1,2
BRDA:335,28,0,3
BRDA:335,28,1,0
BRF:60
BRH:54
end_of_record
TN:
SF:models\homepage.js
FN:6,(anonymous_0)
FN:58,(anonymous_1)
FN:60,(anonymous_2)
FN:61,(anonymous_3)
FN:62,(anonymous_4)
FN:104,(anonymous_5)
FNF:6
FNH:5
FNDA:9,(anonymous_0)
FNDA:0,(anonymous_1)
FNDA:3,(anonymous_2)
FNDA:18,(anonymous_3)
FNDA:12,(anonymous_4)
FNDA:1,(anonymous_5)
DA:1,6
DA:2,6
DA:3,6
DA:10,9
DA:12,9
DA:13,9
DA:14,9
DA:16,9
DA:24,9
DA:58,9
DA:60,9
DA:61,18
DA:62,12
DA:64,3
DA:75,9
DA:84,9
DA:86,9
DA:87,1
DA:90,8
DA:105,1
DA:111,1
DA:115,6
LF:22
LH:22
BRDA:8,0,0,7
BRDA:9,1,0,2
BRDA:16,2,0,6
BRDA:16,2,1,3
BRDA:71,3,0,3
BRDA:71,3,1,0
BRDA:86,4,0,1
BRDA:86,4,1,8
BRDA:86,5,0,9
BRDA:86,5,1,4
BRF:10
BRH:9
end_of_record
TN:
SF:models\invoice.js
FN:5,(anonymous_0)
FNF:1
FNH:1
FNDA:18,(anonymous_0)
DA:1,6
DA:2,6
DA:6,18
DA:12,18
DA:22,6
LF:5
LH:5
BRF:0
BRH:0
end_of_record
TN:
SF:models\notification.js
FN:5,(anonymous_0)
FN:31,(anonymous_1)
FN:40,(anonymous_2)
FN:52,(anonymous_3)
FNF:4
FNH:4
FNDA:2,(anonymous_0)
FNDA:1,(anonymous_1)
FNDA:1,(anonymous_2)
FNDA:8,(anonymous_3)
DA:1,6
DA:2,6
DA:6,2
DA:7,2
DA:23,2
DA:32,1
DA:33,1
DA:37,1
DA:41,1
DA:42,1
DA:44,1
DA:57,8
DA:59,8
DA:74,6
LF:14
LH:14
BRDA:10,0,0,1
BRDA:10,0,1,1
BRDA:18,1,0,1
BRDA:18,1,1,1
BRDA:66,2,0,7
BRDA:66,2,1,1
BRDA:67,3,0,0
BRDA:67,3,1,8
BRDA:68,4,0,3
BRDA:68,4,1,5
BRF:10
BRH:9
end_of_record
TN:
SF:models\passenger.js
FN:5,(anonymous_0)
FN:39,(anonymous_1)
FN:50,(anonymous_2)
FN:64,(anonymous_3)
FNF:4
FNH:4
FNDA:18,(anonymous_0)
FNDA:18,(anonymous_1)
FNDA:18,(anonymous_2)
FNDA:18,(anonymous_3)
DA:1,6
DA:2,6
DA:6,18
DA:25,18
DA:40,18
DA:46,18
DA:47,18
DA:48,18
DA:50,18
DA:51,18
DA:52,12
DA:55,18
DA:56,4
DA:59,18
DA:60,2
DA:64,18
DA:66,18
DA:76,6
LF:18
LH:18
BRDA:51,0,0,12
BRDA:51,0,1,6
BRDA:55,1,0,4
BRDA:55,1,1,14
BRDA:59,2,0,2
BRDA:59,2,1,16
BRF:6
BRH:6
end_of_record
TN:
SF:models\payment.js
FN:5,(anonymous_0)
FNF:1
FNH:1
FNDA:18,(anonymous_0)
DA:1,6
DA:2,6
DA:6,18
DA:12,18
DA:20,6
LF:5
LH:5
BRDA:12,0,0,6
BRDA:12,0,1,12
BRF:2
BRH:2
end_of_record
TN:
SF:models\schedule.js
FN:7,(anonymous_0)
FN:36,(anonymous_1)
FN:44,(anonymous_2)
FN:65,(anonymous_3)
FN:75,(anonymous_4)
FN:113,(anonymous_5)
FN:118,(anonymous_6)
FN:191,(anonymous_7)
FN:253,(anonymous_8)
FN:307,(anonymous_9)
FN:309,(anonymous_10)
FNF:11
FNH:11
FNDA:1,(anonymous_0)
FNDA:1,(anonymous_1)
FNDA:4,(anonymous_2)
FNDA:8,(anonymous_3)
FNDA:9,(anonymous_4)
FNDA:568,(anonymous_5)
FNDA:19,(anonymous_6)
FNDA:21,(anonymous_7)
FNDA:27,(anonymous_8)
FNDA:17,(anonymous_9)
FNDA:51,(anonymous_10)
DA:1,6
DA:2,6
DA:3,6
DA:4,6
DA:16,1
DA:18,1
DA:20,1
DA:33,1
DA:37,1
DA:45,4
DA:46,1
DA:47,3
DA:48,1
DA:54,1
DA:55,2
DA:56,1
DA:62,1
DA:65,8
DA:67,4
DA:76,9
DA:113,568
DA:115,9
DA:119,19
DA:168,19
DA:178,19
DA:191,19
DA:192,21
DA:195,19
DA:197,19
DA:229,19
DA:230,19
DA:231,1
DA:236,1
DA:237,1
DA:246,1
DA:250,19
DA:254,27
DA:255,27
DA:256,27
DA:258,27
DA:259,27
DA:261,27
DA:292,27
DA:294,27
DA:303,27
DA:304,1
DA:307,26
DA:308,17
DA:309,51
DA:312,17
DA:313,17
DA:315,17
DA:348,26
DA:355,6
LF:54
LH:54
BRDA:45,0,0,1
BRDA:45,0,1,3
BRDA:45,1,0,4
BRDA:45,1,1,2
BRDA:47,2,0,1
BRDA:47,2,1,2
BRDA:55,3,0,1
BRDA:55,3,1,1
BRDA:65,4,0,8
BRDA:65,4,1,8
BRDA:118,5,0,1
BRDA:229,6,0,1
BRDA:229,6,1,18
BRDA:230,7,0,1
BRDA:230,7,1,18
BRDA:236,8,0,1
BRDA:236,8,1,0
BRDA:254,9,0,2
BRDA:254,9,1,25
BRDA:299,10,0,0
BRDA:299,10,1,27
BRDA:300,11,0,26
BRDA:300,11,1,1
BRDA:303,12,0,1
BRDA:303,12,1,26
BRDA:303,13,0,27
BRDA:303,13,1,18
BRDA:339,14,0,17
BRDA:339,14,1,0
BRDA:340,15,0,17
BRDA:340,15,1,0
BRF:31
BRH:27
end_of_record
TN:
SF:models\user.js
FN:6,(anonymous_0)
FN:20,(anonymous_1)
FN:36,(anonymous_2)
FN:54,(anonymous_3)
FN:74,(anonymous_4)
FNF:5
FNH:5
FNDA:2,(anonymous_0)
FNDA:1,(anonymous_1)
FNDA:1,(anonymous_2)
FNDA:1,(anonymous_3)
FNDA:1,(anonymous_4)
DA:1,6
DA:2,6
DA:3,6
DA:7,2
DA:17,2
DA:22,1
DA:33,1
DA:37,1
DA:39,1
DA:51,1
DA:55,1
DA:56,1
DA:57,1
DA:58,1
DA:61,1
DA:71,1
DA:75,1
DA:81,6
LF:18
LH:18
BRDA:36,0,0,1
BRDA:55,1,0,0
BRDA:55,2,0,0
BRDA:55,3,0,0
BRDA:55,4,0,0
BRDA:57,5,0,1
BRDA:57,5,1,0
BRF:7
BRH:2
end_of_record
TN:
SF:routes\auth.js
FNF:0
FNH:0
DA:1,6
DA:2,6
DA:3,6
DA:4,6
DA:6,6
DA:7,6
DA:8,6
DA:9,6
DA:10,6
DA:11,6
DA:12,6
DA:13,6
DA:14,6
DA:15,6
DA:20,6
LF:15
LH:15
BRF:0
BRH:0
end_of_record
TN:
SF:routes\booking.js
FNF:0
FNH:0
DA:1,6
DA:2,6
DA:3,6
DA:5,6
DA:6,6
DA:7,6
DA:8,6
DA:10,6
LF:8
LH:8
BRF:0
BRH:0
end_of_record
TN:
SF:routes\homepage.js
FNF:0
FNH:0
DA:1,6
DA:2,6
DA:4,6
DA:5,6
DA:7,6
LF:5
LH:5
BRF:0
BRH:0
end_of_record
TN:
SF:routes\index.js
FNF:0
FNH:0
DA:1,6
DA:2,6
DA:3,6
DA:4,6
DA:5,6
DA:6,6
DA:7,6
DA:9,6
DA:10,6
DA:11,6
DA:12,6
DA:13,6
DA:14,6
DA:16,6
LF:14
LH:14
BRF:0
BRH:0
end_of_record
TN:
SF:routes\notification.js
FNF:0
FNH:0
DA:1,6
DA:2,6
DA:3,6
DA:5,6
DA:6,6
DA:7,6
DA:9,6
LF:7
LH:7
BRF:0
BRH:0
end_of_record
TN:
SF:routes\schedule.js
FNF:0
FNH:0
DA:1,6
DA:2,6
DA:3,6
DA:5,6
DA:6,6
DA:7,6
DA:8,6
DA:9,6
DA:11,6
LF:9
LH:9
BRF:0
BRH:0
end_of_record
TN:
SF:routes\user.js
FNF:0
FNH:0
DA:1,6
DA:2,6
DA:3,6
DA:5,6
DA:6,6
DA:7,6
DA:8,6
DA:9,6
DA:11,6
LF:9
LH:9
BRF:0
BRH:0
end_of_record
TN:
SF:utils\cronJob.js
FN:6,(anonymous_0)
FN:66,(anonymous_1)
FNF:2
FNH:0
FNDA:0,(anonymous_0)
FNDA:0,(anonymous_1)
DA:1,6
DA:2,6
DA:3,6
DA:7,0
DA:31,0
DA:58,0
DA:66,0
DA:67,0
DA:77,6
LF:9
LH:4
BRF:0
BRH:0
end_of_record
TN:
SF:utils\error.js
FN:2,(anonymous_0)
FNF:1
FNH:1
FNDA:209,(anonymous_0)
DA:3,209
DA:4,209
DA:8,6
LF:3
LH:3
BRF:0
BRH:0
end_of_record
TN:
SF:utils\errorHandler.js
FN:3,(anonymous_0)
FNF:1
FNH:1
FNDA:209,(anonymous_0)
DA:1,6
DA:3,6
DA:5,209
DA:6,209
DA:13,0
LF:5
LH:4
BRDA:5,0,0,209
BRDA:5,0,1,0
BRF:2
BRH:1
end_of_record
TN:
SF:utils\jwtHelper.js
FN:4,(anonymous_0)
FN:8,(anonymous_1)
FN:9,(anonymous_2)
FN:18,(anonymous_3)
FNF:4
FNH:4
FNDA:33,(anonymous_0)
FNDA:2,(anonymous_1)
FNDA:2,(anonymous_2)
FNDA:1,(anonymous_3)
DA:1,6
DA:2,6
DA:4,6
DA:5,33
DA:8,6
DA:9,2
DA:10,2
DA:11,1
DA:14,1
DA:18,6
DA:19,1
DA:22,6
LF:12
LH:12
BRDA:4,0,0,29
BRDA:10,1,0,1
BRDA:10,1,1,1
BRF:3
BRH:3
end_of_record
TN:
SF:utils\mailerSmtp.js
FN:3,(anonymous_0)
FNF:1
FNH:1
FNDA:3,(anonymous_0)
DA:1,6
DA:3,6
DA:4,3
LF:3
LH:3
BRF:0
BRH:0
end_of_record
TN:
SF:utils\passportOauth.js
FN:10,(anonymous_0)
FNF:1
FNH:0
FNDA:0,(anonymous_0)
DA:1,6
DA:2,6
DA:3,6
DA:4,6
DA:5,6
DA:7,6
DA:11,0
DA:12,0
DA:13,0
DA:14,0
DA:16,0
DA:32,0
DA:34,0
DA:44,6
LF:14
LH:7
BRDA:13,0,0,0
BRDA:13,0,1,0
BRDA:14,1,0,0
BRDA:14,1,1,0
BRF:4
BRH:0
end_of_record
TN:
SF:utils\queryParser.js
FN:5,(anonymous_0)
FN:24,(anonymous_1)
FN:76,(anonymous_2)
FN:101,(anonymous_3)
FN:135,(anonymous_4)
FNF:5
FNH:5
FNDA:27,(anonymous_0)
FNDA:6,(anonymous_1)
FNDA:6,(anonymous_2)
FNDA:27,(anonymous_3)
FNDA:6,(anonymous_4)
DA:1,6
DA:2,6
DA:16,27
DA:18,27
DA:24,27
DA:25,27
DA:26,27
DA:35,27
DA:36,22
DA:37,22
DA:38,5
DA:39,5
DA:45,5
DA:46,3
DA:47,3
DA:50,5
DA:56,5
DA:57,3
DA:58,3
DA:61,5
DA:62,5
DA:65,27
DA:76,6
DA:102,27
DA:103,27
DA:105,27
DA:107,1
DA:108,1
DA:110,0
DA:111,0
DA:113,1
DA:114,1
DA:116,1
DA:117,1
DA:119,21
DA:120,21
DA:122,1
DA:123,1
DA:125,1
DA:126,1
DA:128,1
DA:129,1
DA:132,27
DA:136,6
DA:138,6
DA:149,6
LF:46
LH:44
BRDA:11,0,0,24
BRDA:24,1,0,3
BRDA:24,1,1,24
BRDA:25,2,0,23
BRDA:25,3,0,23
BRDA:25,4,0,4
BRDA:25,4,1,23
BRDA:35,5,0,22
BRDA:35,5,1,5
BRDA:38,6,0,5
BRDA:38,6,1,0
BRDA:38,7,0,5
BRDA:38,7,1,0
BRDA:45,8,0,3
BRDA:45,8,1,2
BRDA:56,9,0,3
BRDA:56,9,1,2
BRDA:61,10,0,5
BRDA:61,10,1,0
BRDA:62,11,0,4
BRDA:62,11,1,1
BRDA:67,12,0,5
BRDA:67,12,1,22
BRDA:70,13,0,4
BRDA:70,13,1,23
BRDA:73,14,0,0
BRDA:73,14,1,27
BRDA:76,15,0,3
BRDA:76,15,1,24
BRDA:89,16,0,11
BRDA:89,16,1,16
BRDA:93,17,0,27
BRDA:93,17,1,26
BRDA:94,18,0,5
BRDA:94,18,1,22
BRDA:94,19,0,27
BRDA:94,19,1,24
BRDA:96,20,0,5
BRDA:96,20,1,1
BRDA:102,21,0,20
BRDA:105,22,0,1
BRDA:105,22,1,0
BRDA:105,22,2,1
BRDA:105,22,3,1
BRDA:105,22,4,21
BRDA:105,22,5,1
BRDA:105,22,6,1
BRDA:105,22,7,1
BRDA:139,23,0,6
BRDA:139,23,1,5
BRDA:140,24,0,6
BRDA:140,24,1,4
BRDA:141,25,0,2
BRDA:141,25,1,4
BRF:54
BRH:49
end_of_record
TN:
SF:utils\totp.js
FN:10,(anonymous_0)
FN:13,(anonymous_1)
FN:18,(anonymous_2)
FNF:3
FNH:3
FNDA:4,(anonymous_0)
FNDA:10,(anonymous_1)
FNDA:3,(anonymous_2)
DA:1,6
DA:3,6
DA:10,6
DA:13,6
DA:14,10
DA:18,6
DA:19,3
DA:22,6
LF:8
LH:8
BRF:0
BRH:0
end_of_record
TN:
SF:validations\auth.js
FN:4,(anonymous_0)
FN:9,(anonymous_1)
FN:14,(anonymous_2)
FN:19,(anonymous_3)
FN:24,(anonymous_4)
FN:29,(anonymous_5)
FNF:6
FNH:6
FNDA:187,(anonymous_0)
FNDA:12,(anonymous_1)
FNDA:8,(anonymous_2)
FNDA:20,(anonymous_3)
FNDA:2,(anonymous_4)
FNDA:10,(anonymous_5)
DA:1,6
DA:3,6
DA:5,187
DA:6,7
DA:10,12
DA:11,1
DA:15,8
DA:16,2
DA:20,20
DA:21,1
DA:25,2
DA:26,1
DA:30,10
DA:31,2
LF:14
LH:14
BRDA:5,0,0,7
BRDA:5,0,1,180
BRDA:5,1,0,187
BRDA:5,1,1,181
BRDA:5,1,2,180
BRDA:10,2,0,1
BRDA:10,2,1,11
BRDA:15,3,0,2
BRDA:15,3,1,6
BRDA:20,4,0,1
BRDA:20,4,1,19
BRDA:25,5,0,1
BRDA:25,5,1,1
BRDA:25,6,0,2
BRDA:25,6,1,2
BRDA:30,7,0,2
BRDA:30,7,1,8
BRDA:30,8,0,10
BRDA:30,8,1,10
BRF:19
BRH:19
end_of_record
TN:
SF:validations\booking.js
FN:7,(anonymous_0)
FN:16,(anonymous_1)
FN:122,(anonymous_2)
FN:205,(anonymous_3)
FN:211,(anonymous_4)
FN:229,(anonymous_5)
FN:280,(anonymous_6)
FNF:7
FNH:7
FNDA:7,(anonymous_0)
FNDA:52,(anonymous_1)
FNDA:63,(anonymous_2)
FNDA:34,(anonymous_3)
FNDA:26,(anonymous_4)
FNDA:14,(anonymous_5)
FNDA:11,(anonymous_6)
DA:1,6
DA:2,6
DA:3,6
DA:4,6
DA:6,6
DA:8,7
DA:10,7
DA:12,7
DA:13,1
DA:21,52
DA:23,52
DA:24,4
DA:27,48
DA:31,3
DA:34,45
DA:40,4
DA:43,41
DA:44,1
DA:47,40
DA:51,1
DA:54,39
DA:55,39
DA:56,1
DA:59,38
DA:65,38
DA:66,1
DA:70,37
DA:71,1
DA:74,36
DA:80,36
DA:81,6
DA:82,1
DA:85,5
DA:86,2
DA:89,3
DA:90,1
DA:94,32
DA:103,1
DA:106,31
DA:107,2
DA:110,29
DA:111,1
DA:114,28
DA:115,1
DA:118,27
DA:119,1
DA:122,26
DA:123,63
DA:124,1
DA:127,62
DA:128,62
DA:129,1
DA:132,61
DA:133,49
DA:140,1
DA:143,48
DA:144,1
DA:147,47
DA:148,47
DA:149,1
DA:152,46
DA:153,1
DA:156,45
DA:157,1
DA:160,44
DA:161,1
DA:164,43
DA:165,1
DA:168,42
DA:169,1
DA:172,41
DA:173,1
DA:176,40
DA:177,1
DA:181,51
DA:183,51
DA:184,1
DA:185,50
DA:186,1
DA:187,49
DA:188,1
DA:192,11
DA:193,1
DA:196,10
DA:197,1
DA:200,9
DA:201,1
DA:204,8
DA:205,8
DA:206,34
DA:207,26
DA:211,8
DA:212,26
DA:213,1
DA:216,25
DA:217,1
DA:220,24
DA:221,1
DA:224,23
DA:225,1
DA:230,14
DA:232,14
DA:242,14
DA:243,1
DA:246,13
DA:247,1
DA:250,12
DA:251,1
DA:260,1
DA:266,1
DA:277,1
DA:287,11
DA:289,11
DA:290,1
DA:293,10
DA:294,1
DA:297,9
DA:298,9
DA:299,1
DA:302,8
DA:303,6
DA:304,1
DA:307,5
DA:308,1
DA:311,4
DA:312,1
DA:315,3
DA:316,1
DA:319,2
DA:320,1
LF:130
LH:130
BRDA:12,0,0,1
BRDA:12,0,1,6
BRDA:12,1,0,7
BRDA:12,1,1,3
BRDA:12,1,2,3
BRDA:23,2,0,4
BRDA:23,2,1,48
BRDA:23,3,0,52
BRDA:23,3,1,50
BRDA:23,3,2,49
BRDA:27,4,0,3
BRDA:27,4,1,45
BRDA:27,5,0,48
BRDA:27,5,1,47
BRDA:27,5,2,46
BRDA:34,6,0,4
BRDA:34,6,1,41
BRDA:34,7,0,45
BRDA:34,7,1,44
BRDA:34,7,2,43
BRDA:34,7,3,42
BRDA:34,7,4,42
BRDA:43,8,0,1
BRDA:43,8,1,40
BRDA:43,9,0,41
BRDA:43,9,1,40
BRDA:47,10,0,1
BRDA:47,10,1,39
BRDA:47,11,0,40
BRDA:47,11,1,39
BRDA:47,11,2,39
BRDA:47,11,3,5
BRDA:55,12,0,1
BRDA:55,12,1,38
BRDA:65,13,0,1
BRDA:65,13,1,37
BRDA:70,14,0,1
BRDA:70,14,1,36
BRDA:76,15,0,5
BRDA:76,15,1,31
BRDA:80,16,0,6
BRDA:80,16,1,30
BRDA:81,17,0,1
BRDA:81,17,1,5
BRDA:85,18,0,2
BRDA:85,18,1,3
BRDA:89,19,0,1
BRDA:89,19,1,2
BRDA:94,20,0,1
BRDA:94,20,1,31
BRDA:94,21,0,32
BRDA:94,21,1,31
BRDA:94,21,2,31
BRDA:94,21,3,31
BRDA:94,21,4,31
BRDA:94,21,5,31
BRDA:94,21,6,31
BRDA:94,21,7,31
BRDA:106,22,0,2
BRDA:106,22,1,29
BRDA:110,23,0,1
BRDA:110,23,1,28
BRDA:114,24,0,1
BRDA:114,24,1,27
BRDA:118,25,0,1
BRDA:118,25,1,26
BRDA:123,26,0,1
BRDA:123,26,1,62
BRDA:128,27,0,1
BRDA:128,27,1,61
BRDA:128,28,0,62
BRDA:128,28,1,62
BRDA:128,28,2,62
BRDA:132,29,0,49
BRDA:132,29,1,12
BRDA:133,30,0,1
BRDA:133,30,1,48
BRDA:133,31,0,49
BRDA:133,31,1,48
BRDA:133,31,2,48
BRDA:133,31,3,48
BRDA:133,31,4,48
BRDA:133,31,5,48
BRDA:143,32,0,1
BRDA:143,32,1,47
BRDA:143,33,0,48
BRDA:143,33,1,48
BRDA:143,33,2,48
BRDA:148,34,0,1
BRDA:148,34,1,46
BRDA:148,35,0,47
BRDA:148,35,1,47
BRDA:148,35,2,47
BRDA:152,36,0,1
BRDA:152,36,1,45
BRDA:152,37,0,46
BRDA:152,37,1,46
BRDA:152,37,2,45
BRDA:156,38,0,1
BRDA:156,38,1,44
BRDA:156,39,0,45
BRDA:156,39,1,45
BRDA:156,39,2,44
BRDA:160,40,0,1
BRDA:160,40,1,43
BRDA:160,41,0,44
BRDA:160,41,1,44
BRDA:160,41,2,44
BRDA:164,42,0,1
BRDA:164,42,1,42
BRDA:164,43,0,43
BRDA:164,43,1,43
BRDA:164,43,2,42
BRDA:168,44,0,1
BRDA:168,44,1,41
BRDA:168,45,0,42
BRDA:168,45,1,42
BRDA:172,46,0,1
BRDA:172,46,1,40
BRDA:172,47,0,41
BRDA:172,47,1,41
BRDA:172,47,2,40
BRDA:176,48,0,1
BRDA:176,48,1,39
BRDA:176,49,0,40
BRDA:176,49,1,40
BRDA:176,49,2,39
BRDA:183,50,0,1
BRDA:183,50,1,50
BRDA:183,51,0,51
BRDA:183,51,1,27
BRDA:185,52,0,1
BRDA:185,52,1,49
BRDA:185,53,0,50
BRDA:185,53,1,12
BRDA:185,53,2,12
BRDA:187,54,0,1
BRDA:187,54,1,48
BRDA:187,55,0,49
BRDA:187,55,1,12
BRDA:187,55,2,12
BRDA:192,56,0,1
BRDA:192,56,1,10
BRDA:192,57,0,11
BRDA:192,57,1,2
BRDA:196,58,0,1
BRDA:196,58,1,9
BRDA:200,59,0,1
BRDA:200,59,1,8
BRDA:206,60,0,26
BRDA:206,60,1,8
BRDA:212,61,0,1
BRDA:212,61,1,25
BRDA:212,62,0,26
BRDA:212,62,1,26
BRDA:212,62,2,26
BRDA:216,63,0,1
BRDA:216,63,1,24
BRDA:220,64,0,1
BRDA:220,64,1,23
BRDA:220,65,0,24
BRDA:220,65,1,24
BRDA:220,65,2,24
BRDA:224,66,0,1
BRDA:224,66,1,22
BRDA:242,67,0,1
BRDA:242,67,1,13
BRDA:246,68,0,1
BRDA:246,68,1,12
BRDA:250,69,0,1
BRDA:250,69,1,11
BRDA:250,70,0,12
BRDA:250,70,1,1
BRDA:289,71,0,1
BRDA:289,71,1,10
BRDA:289,72,0,11
BRDA:289,72,1,10
BRDA:293,73,0,1
BRDA:293,73,1,9
BRDA:293,74,0,10
BRDA:293,74,1,10
BRDA:298,75,0,1
BRDA:298,75,1,8
BRDA:302,76,0,6
BRDA:302,76,1,2
BRDA:303,77,0,1
BRDA:303,77,1,5
BRDA:303,78,0,6
BRDA:303,78,1,5
BRDA:303,78,2,5
BRDA:307,79,0,1
BRDA:307,79,1,4
BRDA:307,80,0,5
BRDA:307,80,1,4
BRDA:307,80,2,4
BRDA:311,81,0,1
BRDA:311,81,1,3
BRDA:311,82,0,4
BRDA:311,82,1,3
BRDA:311,82,2,3
BRDA:315,83,0,1
BRDA:315,83,1,2
BRDA:319,84,0,1
BRDA:319,84,1,1
BRF:204
BRH:204
end_of_record
TN:
SF:validations\homepage.js
FN:4,(anonymous_0)
FNF:1
FNH:1
FNDA:12,(anonymous_0)
DA:1,6
DA:3,6
DA:5,12
DA:7,12
DA:8,4
DA:9,1
DA:12,3
DA:13,1
DA:17,10
DA:18,8
DA:20,8
DA:21,1
LF:12
LH:12
BRDA:7,0,0,4
BRDA:7,0,1,8
BRDA:7,1,0,12
BRDA:7,1,1,8
BRDA:8,2,0,1
BRDA:8,2,1,3
BRDA:12,3,0,1
BRDA:12,3,1,2
BRDA:17,4,0,8
BRDA:17,4,1,2
BRDA:17,5,0,10
BRDA:17,5,1,2
BRDA:20,6,0,1
BRDA:20,6,1,7
BRF:14
BRH:14
end_of_record
TN:
SF:validations\notification.js
FN:7,(anonymous_0)
FN:23,(anonymous_1)
FNF:2
FNH:2
FNDA:3,(anonymous_0)
FNDA:3,(anonymous_1)
DA:1,6
DA:2,6
DA:3,6
DA:4,6
DA:6,6
DA:8,3
DA:10,3
DA:11,2
DA:17,2
DA:18,1
DA:24,3
DA:26,3
DA:27,1
DA:28,2
DA:29,1
LF:15
LH:15
BRDA:10,0,0,2
BRDA:10,0,1,1
BRDA:17,1,0,1
BRDA:17,1,1,1
BRDA:26,2,0,1
BRDA:26,2,1,2
BRDA:28,3,0,1
BRDA:28,3,1,1
BRF:8
BRH:8
end_of_record
TN:
SF:validations\schedule.js
FN:7,(anonymous_0)
FN:27,(anonymous_1)
FN:97,(anonymous_2)
FN:180,(anonymous_3)
FN:237,(anonymous_4)
FNF:5
FNH:5
FNDA:25,(anonymous_0)
FNDA:9,(anonymous_1)
FNDA:17,(anonymous_2)
FNDA:38,(anonymous_3)
FNDA:7,(anonymous_4)
DA:1,6
DA:2,6
DA:3,6
DA:5,6
DA:8,25
DA:10,25
DA:11,0
DA:12,25
DA:13,3
DA:16,22
DA:22,22
DA:23,3
DA:36,9
DA:38,9
DA:46,1
DA:50,8
DA:58,1
DA:61,7
DA:67,7
DA:68,1
DA:72,6
DA:73,1
DA:77,5
DA:78,1
DA:82,4
DA:83,4
DA:84,1
DA:88,3
DA:89,1
DA:92,2
DA:93,1
DA:107,17
DA:109,17
DA:111,17
DA:112,1
DA:115,16
DA:116,1
DA:119,15
DA:120,3
DA:121,1
DA:124,2
DA:125,1
DA:129,13
DA:130,2
DA:131,1
DA:134,1
DA:135,1
DA:139,11
DA:140,2
DA:141,1
DA:144,1
DA:145,1
DA:146,1
DA:150,9
DA:151,1
DA:154,8
DA:160,8
DA:161,4
DA:162,1
DA:165,3
DA:166,1
DA:170,6
DA:171,4
DA:172,1
DA:175,3
DA:176,1
DA:194,38
DA:196,38
DA:197,38
DA:198,38
DA:200,38
DA:219,4
DA:222,34
DA:223,1
DA:226,33
DA:227,3
DA:230,30
DA:231,4
DA:232,0
DA:235,4
DA:237,4
DA:238,7
DA:239,1
DA:244,29
DA:247,1
DA:250,28
DA:251,1
DA:254,27
DA:255,0
LF:89
LH:86
BRDA:10,0,0,0
BRDA:10,0,1,25
BRDA:12,1,0,3
BRDA:12,1,1,22
BRDA:22,2,0,3
BRDA:22,2,1,19
BRDA:38,3,0,1
BRDA:38,3,1,8
BRDA:38,4,0,9
BRDA:38,4,1,8
BRDA:38,4,2,8
BRDA:38,4,3,8
BRDA:38,4,4,8
BRDA:38,4,5,8
BRDA:38,4,6,8
BRDA:50,5,0,1
BRDA:50,5,1,7
BRDA:50,6,0,8
BRDA:50,6,1,7
BRDA:50,6,2,7
BRDA:50,6,3,7
BRDA:50,6,4,7
BRDA:50,6,5,7
BRDA:50,6,6,7
BRDA:67,7,0,1
BRDA:67,7,1,6
BRDA:72,8,0,1
BRDA:72,8,1,5
BRDA:72,9,0,6
BRDA:72,9,1,5
BRDA:77,10,0,1
BRDA:77,10,1,4
BRDA:83,11,0,1
BRDA:83,11,1,3
BRDA:88,12,0,1
BRDA:88,12,1,2
BRDA:92,13,0,1
BRDA:92,13,1,1
BRDA:111,14,0,1
BRDA:111,14,1,16
BRDA:111,15,0,17
BRDA:111,15,1,16
BRDA:115,16,0,1
BRDA:115,16,1,15
BRDA:115,17,0,16
BRDA:115,17,1,13
BRDA:115,17,2,11
BRDA:115,17,3,9
BRDA:115,17,4,8
BRDA:115,17,5,4
BRDA:119,18,0,3
BRDA:119,18,1,12
BRDA:120,19,0,1
BRDA:120,19,1,2
BRDA:124,20,0,1
BRDA:124,20,1,1
BRDA:129,21,0,2
BRDA:129,21,1,11
BRDA:130,22,0,1
BRDA:130,22,1,1
BRDA:130,23,0,2
BRDA:130,23,1,2
BRDA:134,24,0,1
BRDA:134,24,1,0
BRDA:139,25,0,2
BRDA:139,25,1,9
BRDA:140,26,0,1
BRDA:140,26,1,1
BRDA:140,27,0,2
BRDA:140,27,1,2
BRDA:145,28,0,1
BRDA:145,28,1,0
BRDA:145,29,0,1
BRDA:145,29,1,1
BRDA:150,30,0,1
BRDA:150,30,1,8
BRDA:150,31,0,9
BRDA:150,31,1,1
BRDA:160,32,0,4
BRDA:160,32,1,4
BRDA:161,33,0,1
BRDA:161,33,1,3
BRDA:165,34,0,1
BRDA:165,34,1,2
BRDA:170,35,0,4
BRDA:170,35,1,2
BRDA:171,36,0,1
BRDA:171,36,1,3
BRDA:175,37,0,1
BRDA:175,37,1,2
BRDA:200,38,0,4
BRDA:200,38,1,34
BRDA:200,39,0,38
BRDA:200,39,1,6
BRDA:200,39,2,38
BRDA:200,39,3,6
BRDA:200,39,4,37
BRDA:200,39,5,4
BRDA:200,39,6,37
BRDA:200,39,7,4
BRDA:200,39,8,37
BRDA:200,39,9,14
BRDA:200,39,10,37
BRDA:200,39,11,0
BRDA:200,39,12,37
BRDA:200,39,13,5
BRDA:200,39,14,37
BRDA:200,39,15,2
BRDA:200,39,16,37
BRDA:200,39,17,2
BRDA:200,39,18,37
BRDA:200,39,19,0
BRDA:200,39,20,37
BRDA:200,39,21,0
BRDA:200,39,22,37
BRDA:200,39,23,5
BRDA:200,39,24,36
BRDA:200,39,25,6
BRDA:200,39,26,35
BRDA:200,39,27,10
BRDA:200,39,28,35
BRDA:200,39,29,10
BRDA:200,39,30,35
BRDA:200,39,31,3
BRDA:200,39,32,34
BRDA:200,39,33,4
BRDA:200,39,34,34
BRDA:200,39,35,4
BRDA:222,40,0,1
BRDA:222,40,1,33
BRDA:222,41,0,34
BRDA:222,41,1,2
BRDA:226,42,0,3
BRDA:226,42,1,30
BRDA:226,43,0,33
BRDA:226,43,1,10
BRDA:230,44,0,4
BRDA:230,44,1,26
BRDA:231,45,0,0
BRDA:231,45,1,4
BRDA:238,46,0,1
BRDA:238,46,1,6
BRDA:244,47,0,1
BRDA:244,47,1,28
BRDA:244,48,0,29
BRDA:244,48,1,12
BRDA:244,48,2,28
BRDA:244,48,3,0
BRDA:250,49,0,1
BRDA:250,49,1,27
BRDA:250,50,0,28
BRDA:250,50,1,5
BRDA:254,51,0,0
BRDA:254,51,1,27
BRDA:254,52,0,27
BRDA:254,52,1,2
BRF:156
BRH:147
end_of_record
TN:
SF:validations\user.js
FN:7,(anonymous_0)
FN:44,(anonymous_1)
FN:65,(anonymous_2)
FN:84,(anonymous_3)
FN:104,(anonymous_4)
FN:116,(anonymous_5)
FN:135,(anonymous_6)
FN:192,(anonymous_7)
FN:211,(anonymous_8)
FN:270,(anonymous_9)
FNF:10
FNH:10
FNDA:8,(anonymous_0)
FNDA:10,(anonymous_1)
FNDA:5,(anonymous_2)
FNDA:7,(anonymous_3)
FNDA:4,(anonymous_4)
FNDA:6,(anonymous_5)
FNDA:9,(anonymous_6)
FNDA:13,(anonymous_7)
FNDA:8,(anonymous_8)
FNDA:3,(anonymous_9)
DA:1,6
DA:2,6
DA:3,6
DA:4,6
DA:6,6
DA:8,8
DA:9,1
DA:12,7
DA:13,0
DA:16,7
DA:17,1
DA:20,6
DA:21,2
DA:24,4
DA:30,4
DA:31,1
DA:34,3
DA:36,3
DA:37,1
DA:40,2
DA:41,1
DA:45,10
DA:46,2
DA:49,8
DA:50,1
DA:53,7
DA:54,0
DA:57,7
DA:58,1
DA:61,6
DA:62,1
DA:66,5
DA:67,1
DA:70,4
DA:71,1
DA:74,3
DA:76,3
DA:77,1
DA:80,2
DA:81,1
DA:85,7
DA:87,7
DA:88,1
DA:91,6
DA:92,0
DA:95,6
DA:96,6
DA:97,1
DA:100,5
DA:101,1
DA:105,4
DA:107,4
DA:108,1
DA:111,3
DA:112,3
DA:113,1
DA:117,6
DA:119,6
DA:120,1
DA:123,5
DA:124,1
DA:127,4
DA:128,1
DA:131,3
DA:132,1
DA:136,9
DA:139,9
DA:140,1
DA:143,8
DA:150,1
DA:154,7
DA:158,7
DA:159,1
DA:162,6
DA:165,1
DA:168,5
DA:169,1
DA:172,4
DA:178,4
DA:179,1
DA:183,3
DA:184,1
DA:187,2
DA:188,2
DA:189,1
DA:193,13
DA:195,13
DA:196,0
DA:197,13
DA:198,1
DA:201,12
DA:207,12
DA:208,2
DA:212,8
DA:213,8
DA:220,8
DA:221,1
DA:224,7
DA:229,1
DA:233,6
DA:234,6
DA:238,6
DA:239,1
DA:242,5
DA:245,1
DA:250,4
DA:251,4
DA:252,1
DA:255,3
DA:261,3
DA:262,1
DA:266,2
DA:267,1
DA:271,3
DA:272,1
LF:115
LH:111
BRDA:8,0,0,1
BRDA:8,0,1,7
BRDA:8,1,0,8
BRDA:8,1,1,8
BRDA:8,1,2,7
BRDA:8,1,3,7
BRDA:12,2,0,0
BRDA:12,2,1,7
BRDA:12,3,0,7
BRDA:12,3,1,7
BRDA:12,3,2,7
BRDA:12,3,3,7
BRDA:16,4,0,1
BRDA:16,4,1,6
BRDA:20,5,0,2
BRDA:20,5,1,4
BRDA:20,6,0,6
BRDA:20,6,1,4
BRDA:20,6,2,4
BRDA:30,7,0,1
BRDA:30,7,1,3
BRDA:36,8,0,1
BRDA:36,8,1,2
BRDA:40,9,0,1
BRDA:40,9,1,1
BRDA:40,10,0,2
BRDA:40,10,1,1
BRDA:45,11,0,2
BRDA:45,11,1,8
BRDA:45,12,0,10
BRDA:45,12,1,8
BRDA:49,13,0,1
BRDA:49,13,1,7
BRDA:53,14,0,0
BRDA:53,14,1,7
BRDA:57,15,0,1
BRDA:57,15,1,6
BRDA:61,16,0,1
BRDA:61,16,1,5
BRDA:66,17,0,1
BRDA:66,17,1,4
BRDA:70,18,0,1
BRDA:70,18,1,3
BRDA:76,19,0,1
BRDA:76,19,1,2
BRDA:76,20,0,3
BRDA:76,20,1,2
BRDA:80,21,0,1
BRDA:80,21,1,1
BRDA:87,22,0,1
BRDA:87,22,1,6
BRDA:87,23,0,7
BRDA:87,23,1,7
BRDA:91,24,0,0
BRDA:91,24,1,6
BRDA:91,25,0,6
BRDA:91,25,1,6
BRDA:96,26,0,1
BRDA:96,26,1,5
BRDA:100,27,0,1
BRDA:100,27,1,4
BRDA:100,28,0,5
BRDA:100,28,1,4
BRDA:107,29,0,1
BRDA:107,29,1,3
BRDA:112,30,0,1
BRDA:112,30,1,2
BRDA:119,31,0,1
BRDA:119,31,1,5
BRDA:119,32,0,6
BRDA:119,32,1,5
BRDA:119,32,2,5
BRDA:123,33,0,1
BRDA:123,33,1,4
BRDA:123,34,0,5
BRDA:123,34,1,4
BRDA:123,34,2,4
BRDA:127,35,0,1
BRDA:127,35,1,3
BRDA:127,36,0,4
BRDA:127,36,1,3
BRDA:131,37,0,1
BRDA:131,37,1,2
BRDA:139,38,0,1
BRDA:139,38,1,8
BRDA:139,39,0,9
BRDA:139,39,1,9
BRDA:139,39,2,8
BRDA:139,39,3,8
BRDA:139,39,4,8
BRDA:143,40,0,1
BRDA:143,40,1,7
BRDA:143,41,0,8
BRDA:143,41,1,8
BRDA:143,41,2,7
BRDA:143,41,3,7
BRDA:143,41,4,7
BRDA:143,41,5,7
BRDA:143,41,6,0
BRDA:158,42,0,1
BRDA:158,42,1,6
BRDA:162,43,0,1
BRDA:162,43,1,5
BRDA:168,44,0,1
BRDA:168,44,1,4
BRDA:168,45,0,5
BRDA:168,45,1,4
BRDA:168,45,2,4
BRDA:178,46,0,1
BRDA:178,46,1,3
BRDA:183,47,0,1
BRDA:183,47,1,2
BRDA:183,48,0,3
BRDA:183,48,1,2
BRDA:188,49,0,1
BRDA:188,49,1,1
BRDA:195,50,0,0
BRDA:195,50,1,13
BRDA:197,51,0,1
BRDA:197,51,1,12
BRDA:207,52,0,2
BRDA:207,52,1,10
BRDA:220,53,0,1
BRDA:220,53,1,7
BRDA:220,54,0,8
BRDA:220,54,1,1
BRDA:220,54,2,1
BRDA:220,54,3,1
BRDA:224,55,0,1
BRDA:224,55,1,6
BRDA:224,56,0,7
BRDA:224,56,1,7
BRDA:224,56,2,6
BRDA:224,56,3,6
BRDA:224,56,4,6
BRDA:224,56,5,6
BRDA:224,56,6,6
BRDA:224,56,7,6
BRDA:233,57,0,6
BRDA:233,57,1,0
BRDA:238,58,0,1
BRDA:238,58,1,5
BRDA:238,59,0,6
BRDA:238,59,1,1
BRDA:242,60,0,1
BRDA:242,60,1,4
BRDA:250,61,0,4
BRDA:250,61,1,0
BRDA:251,62,0,1
BRDA:251,62,1,3
BRDA:251,63,0,4
BRDA:251,63,1,3
BRDA:251,63,2,3
BRDA:261,64,0,1
BRDA:261,64,1,2
BRDA:261,65,0,3
BRDA:261,65,1,1
BRDA:266,66,0,1
BRDA:266,66,1,1
BRDA:266,67,0,2
BRDA:266,67,1,2
BRDA:266,67,2,1
BRDA:271,68,0,1
BRDA:271,68,1,2
BRDA:271,69,0,3
BRDA:271,69,1,2
BRF:166
BRH:159
end_of_record
